TN:
SF:/home/zhaodi-chen/project/uvhttp/include/uvhttp_allocator.h
FN:87,uvhttp_free
FNDA:0,uvhttp_free
FNF:1
FNH:0
DA:84,289
DA:87,0
DA:88,164
DA:89,116
DA:92,0
DA:96,14
LF:6
LH:4
end_of_record
TN:
SF:/home/zhaodi-chen/project/uvhttp/include/uvhttp_validation.h
FN:67,uvhttp_validate_url_path
FN:120,uvhttp_validate_header_name
FN:144,uvhttp_validate_header_value_safe
FN:169,uvhttp_validate_query_string
FNDA:137,uvhttp_validate_header_name
FNDA:7,uvhttp_validate_query_string
FNDA:2,uvhttp_validate_url_path
FNDA:137,uvhttp_validate_header_value_safe
FNF:4
FNH:4
DA:49,146
DA:50,146
DA:67,2
DA:68,2
DA:70,2
DA:73,2
DA:77,2
DA:81,2
DA:85,2
DA:89,22
DA:90,20
DA:92,0
DA:95,0
DA:97,0
DA:102,18
DA:103,16
DA:120,137
DA:121,137
DA:123,137
DA:125,1960
DA:126,1823
DA:127,1823
DA:144,137
DA:145,137
DA:147,137
DA:148,137
DA:151,4858
DA:152,4724
DA:153,4724
DA:169,7
DA:170,7
DA:172,7
DA:174,49
DA:175,42
LF:34
LH:31
end_of_record
TN:
SF:/home/zhaodi-chen/project/uvhttp/src/uvhttp_config.c
FN:20,uvhttp_config_new
FN:37,uvhttp_config_free
FN:44,uvhttp_config_set_defaults
FN:90,uvhttp_config_validate
FN:353,uvhttp_config_print
FN:377,uvhttp_config_get_current
FN:389,uvhttp_config_update_max_connections
FN:414,uvhttp_config_update_read_buffer_size
FN:439,uvhttp_config_update_size_limits
FN:473,uvhttp_config_set_current
FNDA:0,uvhttp_config_set_current
FNDA:0,uvhttp_config_print
FNDA:0,uvhttp_config_update_size_limits
FNDA:0,uvhttp_config_validate
FNDA:1,uvhttp_config_set_defaults
FNDA:0,uvhttp_config_get_current
FNDA:1,uvhttp_config_new
FNDA:0,uvhttp_config_update_max_connections
FNDA:1,uvhttp_config_free
FNDA:0,uvhttp_config_update_read_buffer_size
FNF:10
FNH:3
DA:20,1
DA:21,1
DA:25,1
DA:26,1
DA:32,1
DA:33,1
DA:37,1
DA:38,1
DA:41,1
DA:44,1
DA:45,1
DA:48,1
DA:49,1
DA:50,1
DA:51,1
DA:52,1
DA:53,1
DA:55,1
DA:56,1
DA:57,1
DA:58,1
DA:60,1
DA:61,1
DA:64,1
DA:65,1
DA:67,1
DA:68,1
DA:71,1
DA:72,1
DA:73,1
DA:76,1
DA:77,1
DA:78,1
DA:82,1
DA:83,1
DA:85,1
DA:90,0
DA:91,0
DA:121,0
DA:129,0
DA:137,0
DA:146,0
DA:147,0
DA:158,0
DA:159,0
DA:170,0
DA:171,0
DA:182,0
DA:183,0
DA:199,0
DA:213,0
DA:227,0
DA:240,0
DA:253,0
DA:254,0
DA:271,0
DA:285,0
DA:286,0
DA:303,0
DA:304,0
DA:322,0
DA:338,0
DA:353,0
DA:354,0
DA:359,0
DA:360,0
DA:361,0
DA:362,0
DA:363,0
DA:366,0
DA:367,0
DA:368,0
DA:371,0
DA:372,0
DA:377,0
DA:378,0
DA:382,0
DA:385,0
DA:389,0
DA:391,0
DA:394,0
DA:398,0
DA:401,0
DA:407,0
DA:414,0
DA:416,0
DA:419,0
DA:423,0
DA:426,0
DA:432,0
DA:439,0
DA:442,0
DA:445,0
DA:448,0
DA:452,0
DA:458,0
DA:460,0
DA:466,0
DA:473,0
DA:475,0
DA:476,0
DA:478,0
LF:102
LH:36
end_of_record
TN:
SF:/home/zhaodi-chen/project/uvhttp/src/uvhttp_connection.c
FN:113,on_alloc_buffer
FN:136,mbedtls_bio_recv
FN:169,mbedtls_bio_send
FN:197,on_read
FN:321,uvhttp_connection_restart_read
FN:450,uvhttp_connection_new
FN:570,uvhttp_connection_free
FN:610,uvhttp_connection_free_resources
FN:656,uvhttp_connection_start
FN:694,on_handle_close
FN:715,uvhttp_connection_close
FN:746,uvhttp_connection_set_state
FN:753,uvhttp_connection_tls_handshake_func
FN:792,uvhttp_connection_tls_read
FN:821,uvhttp_connection_tls_cleanup
FN:838,uvhttp_connection_start_tls_handshake
FN:843,uvhttp_connection_tls_write
FN:874,on_idle_restart_read
FN:896,uvhttp_connection_schedule_restart_read
FN:920,on_websocket_read
FN:958,on_websocket_close
FN:988,on_websocket_error
FN:1014,on_websocket_message
FN:1049,uvhttp_connection_handle_websocket_handshake
FN:1178,uvhttp_connection_switch_to_websocket
FN:1201,uvhttp_connection_websocket_close
FN:1226,connection_timeout_cb
FN:1250,uvhttp_connection_start_timeout
FN:1277,uvhttp_connection_start_timeout_custom
FNDA:0,on_idle_restart_read
FNDA:0,uvhttp_connection_handle_websocket_handshake
FNDA:0,uvhttp_connection_start_tls_handshake
FNDA:0,mbedtls_bio_send
FNDA:0,uvhttp_connection_switch_to_websocket
FNDA:14,uvhttp_connection_close
FNDA:0,on_websocket_error
FNDA:0,on_websocket_read
FNDA:0,uvhttp_connection_tls_handshake_func
FNDA:0,uvhttp_connection_start_timeout_custom
FNDA:0,on_alloc_buffer
FNDA:0,uvhttp_connection_websocket_close
FNDA:0,uvhttp_connection_tls_write
FNDA:0,uvhttp_connection_tls_cleanup
FNDA:0,uvhttp_connection_restart_read
FNDA:0,uvhttp_connection_tls_read
FNDA:42,on_handle_close
FNDA:0,uvhttp_connection_start
FNDA:15,uvhttp_connection_free
FNDA:0,mbedtls_bio_recv
FNDA:0,uvhttp_connection_start_timeout
FNDA:0,connection_timeout_cb
FNDA:16,uvhttp_connection_new
FNDA:0,on_websocket_message
FNDA:0,on_read
FNDA:14,uvhttp_connection_free_resources
FNDA:0,on_websocket_close
FNDA:0,uvhttp_connection_set_state
FNDA:0,uvhttp_connection_schedule_restart_read
FNF:29
FNH:5
DA:67,0
DA:92,0
DA:113,0
DA:116,0
DA:117,0
DA:118,0
DA:119,0
DA:120,0
DA:123,0
DA:125,0
DA:126,0
DA:136,0
DA:139,0
DA:144,0
DA:154,0
DA:159,0
DA:160,0
DA:164,0
DA:166,0
DA:169,0
DA:172,0
DA:177,0
DA:182,0
DA:183,0
DA:185,0
DA:187,0
DA:197,0
DA:198,0
DA:199,0
DA:204,0
DA:205,0
DA:206,0
DA:209,0
DA:210,0
DA:213,0
DA:218,0
DA:220,0
DA:221,0
DA:225,0
DA:226,0
DA:227,0
DA:231,0
DA:232,0
DA:236,0
DA:238,0
DA:240,0
DA:241,0
DA:242,0
DA:245,0
DA:247,0
DA:249,0
DA:258,0
DA:259,0
DA:262,0
DA:263,0
DA:266,0
DA:267,0
DA:268,0
DA:269,0
DA:271,0
DA:273,0
DA:278,0
DA:281,0
DA:288,0
DA:289,0
DA:295,0
DA:297,0
DA:298,0
DA:303,0
DA:305,0
DA:306,0
DA:317,0
DA:321,0
DA:322,0
DA:323,0
DA:328,0
DA:333,0
DA:359,0
DA:360,0
DA:361,0
DA:362,0
DA:363,0
DA:364,0
DA:365,0
DA:366,0
DA:367,0
DA:370,0
DA:376,0
DA:377,0
DA:378,0
DA:379,0
DA:394,0
DA:395,0
DA:396,0
DA:397,0
DA:398,0
DA:399,0
DA:400,0
DA:401,0
DA:402,0
DA:403,0
DA:404,0
DA:405,0
DA:408,0
DA:410,0
DA:414,0
DA:415,0
DA:416,0
DA:417,0
DA:418,0
DA:419,0
DA:420,0
DA:421,0
DA:424,0
DA:427,0
DA:430,0
DA:438,0
DA:450,16
DA:452,16
DA:456,14
DA:460,14
DA:466,14
DA:469,0
DA:475,14
DA:477,0
DA:479,14
DA:482,14
DA:484,0
DA:486,14
DA:489,14
DA:490,14
DA:491,14
DA:492,14
DA:493,14
DA:494,14
DA:495,14
DA:496,14
DA:497,14
DA:499,14
DA:500,14
DA:501,14
DA:504,14
DA:509,0
DA:511,14
DA:516,14
DA:517,14
DA:518,14
DA:520,0
DA:522,14
DA:525,14
DA:526,14
DA:529,0
DA:533,14
DA:534,0
DA:535,0
DA:537,0
DA:540,14
DA:541,14
DA:542,0
DA:543,0
DA:544,0
DA:546,0
DA:550,14
DA:551,0
DA:552,0
DA:553,0
DA:555,0
DA:557,0
DA:561,14
DA:562,14
DA:563,14
DA:566,14
DA:567,14
DA:570,15
DA:571,15
DA:576,14
DA:581,14
DA:599,14
DA:605,14
DA:610,14
DA:611,14
DA:616,14
DA:621,14
DA:623,14
DA:627,14
DA:628,14
DA:629,14
DA:630,14
DA:634,14
DA:635,14
DA:636,14
DA:637,0
DA:642,0
DA:643,0
DA:644,0
DA:656,0
DA:657,0
DA:662,0
DA:665,0
DA:666,0
DA:670,0
DA:672,0
DA:673,0
DA:678,0
DA:680,0
DA:681,0
DA:690,0
DA:694,42
DA:695,42
DA:696,42
DA:701,42
DA:704,42
DA:706,14
DA:707,14
DA:711,14
DA:715,14
DA:716,14
DA:723,14
DA:726,14
DA:727,14
DA:728,14
DA:729,14
DA:733,14
DA:734,14
DA:735,14
DA:736,14
DA:740,14
DA:741,14
DA:742,14
DA:746,0
DA:748,0
DA:749,14
DA:751,0
DA:753,0
DA:755,0
DA:760,0
DA:762,0
DA:763,0
DA:768,0
DA:771,0
DA:775,0
DA:776,0
DA:778,0
DA:780,0
DA:788,0
DA:792,0
DA:794,0
DA:799,0
DA:802,0
DA:804,0
DA:806,0
DA:808,0
DA:813,0
DA:814,0
DA:817,0
DA:821,0
DA:823,0
DA:828,0
DA:829,0
DA:830,0
DA:831,0
DA:836,0
DA:838,0
DA:840,0
DA:843,0
DA:846,0
DA:851,0
DA:852,0
DA:854,0
DA:856,0
DA:866,0
DA:874,0
DA:875,0
DA:876,0
DA:881,0
DA:884,0
DA:889,0
DA:891,0
DA:896,0
DA:898,0
DA:903,0
DA:905,0
DA:908,0
DA:920,0
DA:922,0
DA:923,0
DA:927,0
DA:931,0
DA:932,0
DA:935,0
DA:943,0
DA:944,0
DA:946,0
DA:958,0
DA:960,0
DA:965,0
DA:966,0
DA:971,0
DA:972,0
DA:980,0
DA:984,0
DA:988,0
DA:990,0
DA:997,0
DA:998,0
DA:1000,0
DA:1002,0
DA:1006,0
DA:1014,0
DA:1016,0
DA:1021,0
DA:1022,0
DA:1023,0
DA:1027,0
DA:1029,0
DA:1033,0
DA:1035,0
DA:1036,0
DA:1049,0
DA:1051,0
DA:1056,0
DA:1064,0
DA:1066,0
DA:1067,0
DA:1069,0
DA:1073,0
DA:1074,0
DA:1076,0
DA:1077,0
DA:1078,0
DA:1079,0
DA:1080,0
DA:1081,0
DA:1082,0
DA:1084,0
DA:1086,0
DA:1088,0
DA:1093,0
DA:1095,0
DA:1103,0
DA:1104,0
DA:1113,0
DA:1114,0
DA:1122,0
DA:1123,0
DA:1129,0
DA:1133,0
DA:1135,0
DA:1136,0
DA:1138,0
DA:1139,0
DA:1142,0
DA:1145,0
DA:1149,0
DA:1150,0
DA:1153,0
DA:1154,0
DA:1155,0
DA:1158,0
DA:1159,0
DA:1164,0
DA:1167,0
DA:1168,0
DA:1178,0
DA:1179,0
DA:1184,0
DA:1187,0
DA:1190,0
DA:1193,0
DA:1194,0
DA:1201,0
DA:1202,0
DA:1207,0
DA:1208,0
DA:1213,0
DA:1214,0
DA:1215,0
DA:1218,0
DA:1221,0
DA:1226,0
DA:1227,0
DA:1228,0
DA:1234,0
DA:1235,0
DA:1239,0
DA:1240,0
DA:1246,0
DA:1250,0
DA:1251,0
DA:1256,0
DA:1257,0
DA:1262,0
DA:1263,0
DA:1267,0
DA:1270,0
DA:1277,0
DA:1279,0
DA:1284,0
DA:1299,0
DA:1300,0
DA:1304,0
DA:1305,0
DA:1307,0
LF:403
LH:79
end_of_record
TN:
SF:/home/zhaodi-chen/project/uvhttp/src/uvhttp_context.c
FN:47,uvhttp_context_create
FN:68,uvhttp_context_destroy
FN:84,uvhttp_context_init
FN:181,uvhttp_context_init_tls
FN:186,uvhttp_context_cleanup_tls
FN:261,uvhttp_context_init_websocket
FN:266,uvhttp_context_cleanup_websocket
FN:272,uvhttp_context_init_config
FN:295,uvhttp_context_cleanup_config
FNDA:1,uvhttp_context_cleanup_config
FNDA:0,uvhttp_context_cleanup_websocket
FNDA:3,uvhttp_context_init
FNDA:0,uvhttp_context_init_websocket
FNDA:1,uvhttp_context_init_config
FNDA:1,uvhttp_context_create
FNDA:0,uvhttp_context_cleanup_tls
FNDA:2,uvhttp_context_destroy
FNDA:0,uvhttp_context_init_tls
FNF:9
FNH:5
DA:47,1
DA:49,1
DA:55,1
DA:61,1
DA:62,1
DA:64,1
DA:65,1
DA:68,2
DA:69,2
DA:74,0
DA:75,0
DA:76,1
DA:84,3
DA:85,3
DA:90,2
DA:98,1
DA:101,0
DA:102,0
DA:103,1
DA:105,1
DA:112,0
DA:113,0
DA:118,0
DA:123,0
DA:124,0
DA:127,0
DA:130,0
DA:131,0
DA:132,0
DA:133,0
DA:134,0
DA:135,0
DA:137,0
DA:140,0
DA:141,0
DA:144,0
DA:145,0
DA:146,0
DA:147,0
DA:148,0
DA:149,0
DA:150,0
DA:151,0
DA:154,0
DA:156,0
DA:160,0
DA:161,0
DA:166,0
DA:167,0
DA:168,0
DA:169,0
DA:172,0
DA:173,0
DA:174,0
DA:175,0
DA:178,0
DA:181,0
DA:183,0
DA:186,0
DA:188,0
DA:193,0
DA:194,0
DA:199,0
DA:204,0
DA:205,0
DA:208,0
DA:211,0
DA:212,0
DA:213,0
DA:214,0
DA:215,0
DA:216,0
DA:218,0
DA:221,0
DA:222,0
DA:224,0
DA:225,0
DA:226,0
DA:227,0
DA:228,0
DA:229,0
DA:230,0
DA:231,0
DA:234,0
DA:236,0
DA:240,0
DA:241,0
DA:246,0
DA:247,0
DA:248,0
DA:249,0
DA:252,0
DA:253,0
DA:254,0
DA:255,0
DA:258,0
DA:261,0
DA:263,0
DA:266,0
DA:268,0
DA:272,1
DA:273,1
DA:278,1
DA:283,1
DA:284,1
DA:285,1
DA:289,1
DA:291,1
DA:295,1
DA:296,1
DA:300,1
DA:302,1
DA:303,1
LF:113
LH:29
end_of_record
TN:
SF:/home/zhaodi-chen/project/uvhttp/src/uvhttp_error.c
FN:15,uvhttp_log_error
FN:22,uvhttp_error_string
FN:106,uvhttp_error_category_string
FN:202,uvhttp_error_description
FN:499,uvhttp_error_suggestion
FN:795,uvhttp_error_is_recoverable
FNDA:16,uvhttp_error_category_string
FNDA:16,uvhttp_error_description
FNDA:16,uvhttp_error_suggestion
FNDA:19,uvhttp_error_string
FNDA:0,uvhttp_log_error
FNDA:19,uvhttp_error_is_recoverable
FNF:6
FNH:5
DA:15,0
DA:20,0
DA:22,19
DA:23,19
DA:28,1
DA:29,1
DA:30,1
DA:31,1
DA:32,0
DA:33,0
DA:34,0
DA:35,0
DA:38,1
DA:39,1
DA:40,1
DA:41,1
DA:42,0
DA:43,0
DA:44,0
DA:45,0
DA:48,1
DA:49,1
DA:50,0
DA:51,0
DA:52,0
DA:53,0
DA:54,0
DA:55,0
DA:58,0
DA:59,0
DA:60,0
DA:61,0
DA:62,0
DA:63,0
DA:66,1
DA:67,1
DA:68,0
DA:69,0
DA:70,1
DA:71,1
DA:74,1
DA:75,1
DA:76,0
DA:77,0
DA:80,0
DA:81,0
DA:82,0
DA:83,0
DA:86,1
DA:87,1
DA:88,1
DA:89,1
DA:90,0
DA:91,0
DA:93,0
DA:94,0
DA:95,0
DA:96,0
DA:98,8
DA:100,8
DA:106,16
DA:108,16
DA:115,15
DA:122,13
DA:129,11
DA:136,9
DA:143,9
DA:150,7
DA:157,5
DA:164,5
DA:171,3
DA:178,3
DA:185,3
DA:192,3
DA:194,0
DA:202,16
DA:204,16
DA:212,1
DA:214,1
DA:216,1
DA:218,1
DA:220,0
DA:222,0
DA:224,0
DA:226,0
DA:228,0
DA:230,0
DA:232,0
DA:234,0
DA:236,0
DA:238,0
DA:240,0
DA:242,0
DA:246,1
DA:248,1
DA:250,1
DA:252,1
DA:254,0
DA:256,0
DA:258,0
DA:260,0
DA:262,0
DA:264,0
DA:266,0
DA:268,0
DA:270,0
DA:272,0
DA:276,1
DA:278,1
DA:280,0
DA:282,0
DA:284,0
DA:286,0
DA:288,0
DA:290,0
DA:292,0
DA:294,0
DA:296,1
DA:298,1
DA:300,0
DA:302,0
DA:304,0
DA:306,0
DA:310,0
DA:312,0
DA:314,0
DA:316,0
DA:318,0
DA:320,0
DA:322,0
DA:324,0
DA:326,0
DA:328,0
DA:330,0
DA:332,0
DA:334,0
DA:336,0
DA:338,0
DA:340,0
DA:342,0
DA:344,0
DA:346,0
DA:348,0
DA:352,1
DA:354,1
DA:356,0
DA:358,0
DA:360,1
DA:362,1
DA:364,0
DA:366,0
DA:368,0
DA:370,0
DA:372,0
DA:374,0
DA:376,0
DA:378,0
DA:380,0
DA:382,0
DA:386,1
DA:388,1
DA:390,0
DA:392,0
DA:394,1
DA:396,1
DA:398,0
DA:400,0
DA:402,0
DA:404,0
DA:408,0
DA:410,0
DA:412,0
DA:414,0
DA:416,0
DA:418,0
DA:422,1
DA:424,1
DA:426,1
DA:428,1
DA:430,0
DA:432,0
DA:434,0
DA:436,0
DA:438,0
DA:440,0
DA:442,0
DA:444,0
DA:446,0
DA:448,0
DA:450,0
DA:452,0
DA:456,0
DA:457,0
DA:459,0
DA:461,0
DA:463,0
DA:465,0
DA:467,0
DA:469,0
DA:475,0
DA:477,0
DA:479,0
DA:481,0
DA:483,0
DA:485,0
DA:487,0
DA:489,0
DA:491,3
DA:493,3
DA:499,16
DA:501,16
DA:509,1
DA:511,1
DA:513,1
DA:515,1
DA:517,0
DA:519,0
DA:521,0
DA:523,0
DA:525,0
DA:527,0
DA:529,0
DA:531,0
DA:533,0
DA:535,0
DA:537,0
DA:539,0
DA:543,1
DA:545,1
DA:547,1
DA:549,1
DA:551,0
DA:553,0
DA:555,0
DA:557,0
DA:559,0
DA:561,0
DA:563,0
DA:565,0
DA:567,0
DA:569,0
DA:573,1
DA:575,1
DA:577,0
DA:579,0
DA:581,0
DA:583,0
DA:585,0
DA:587,0
DA:589,0
DA:591,0
DA:593,1
DA:595,1
DA:597,0
DA:599,0
DA:601,0
DA:603,0
DA:607,0
DA:609,0
DA:611,0
DA:613,0
DA:615,0
DA:617,0
DA:619,0
DA:621,0
DA:623,0
DA:625,0
DA:627,0
DA:629,0
DA:631,0
DA:633,0
DA:635,0
DA:637,0
DA:639,0
DA:641,0
DA:643,0
DA:645,0
DA:649,1
DA:651,1
DA:653,0
DA:655,0
DA:657,1
DA:659,1
DA:661,0
DA:663,0
DA:665,0
DA:667,0
DA:669,0
DA:671,0
DA:673,0
DA:675,0
DA:677,0
DA:679,0
DA:683,1
DA:685,1
DA:687,0
DA:689,0
DA:691,1
DA:693,1
DA:695,0
DA:697,0
DA:699,0
DA:701,0
DA:705,0
DA:707,0
DA:709,0
DA:711,0
DA:713,0
DA:715,0
DA:719,1
DA:721,1
DA:723,1
DA:725,1
DA:727,0
DA:729,0
DA:731,0
DA:733,0
DA:735,0
DA:737,0
DA:739,0
DA:741,0
DA:743,0
DA:745,0
DA:747,0
DA:749,0
DA:753,0
DA:754,0
DA:756,0
DA:758,0
DA:760,0
DA:762,0
DA:764,0
DA:766,0
DA:772,0
DA:774,0
DA:776,0
DA:778,0
DA:780,0
DA:782,0
DA:784,0
DA:786,0
DA:788,3
DA:790,3
DA:795,19
DA:796,19
LF:345
LH:96
end_of_record
TN:
SF:/home/zhaodi-chen/project/uvhttp/src/uvhttp_error_helpers.c
FN:24,contains_sensitive_info
FN:44,uvhttp_handle_memory_failure
FN:56,uvhttp_handle_write_error
FN:75,uvhttp_log_safe_error
FN:92,uvhttp_sanitize_error_message
FNDA:6,uvhttp_handle_write_error
FNDA:4,uvhttp_handle_memory_failure
FNDA:4,uvhttp_log_safe_error
FNDA:20,contains_sensitive_info
FNDA:23,uvhttp_sanitize_error_message
FNF:5
FNH:5
DA:24,20
DA:25,20
DA:29,20
DA:32,439
DA:33,419
DA:36,151
DA:37,138
DA:44,4
DA:51,4
DA:52,1
DA:54,4
DA:56,6
DA:58,6
DA:59,1
DA:62,5
DA:64,5
DA:75,4
DA:78,4
DA:80,4
DA:90,4
DA:92,23
DA:95,23
DA:100,20
DA:102,7
DA:106,13
DA:109,13
DA:110,1
DA:111,12
DA:113,1
DA:114,17
DA:115,16
DA:117,1
DA:118,1
DA:119,1
DA:120,1
DA:122,11
LF:36
LH:36
end_of_record
TN:
SF:/home/zhaodi-chen/project/uvhttp/src/uvhttp_lru_cache.c
FN:27,set_cache_entry_metadata
FN:47,uvhttp_lru_cache_create
FN:99,free_cache_entry
FN:112,uvhttp_lru_cache_free
FN:130,uvhttp_lru_cache_find
FN:174,uvhttp_lru_cache_move_to_head
FN:236,uvhttp_lru_cache_remove_tail
FN:263,uvhttp_lru_cache_remove_lowest_priority
FN:318,get_current_time
FN:322,uvhttp_lru_cache_is_expired
FN:336,uvhttp_lru_cache_put
FN:537,uvhttp_lru_cache_remove
FN:591,uvhttp_lru_cache_clear
FN:625,uvhttp_lru_cache_get_stats
FN:649,uvhttp_lru_cache_reset_stats
FN:663,uvhttp_lru_cache_set_max_file_size
FN:674,uvhttp_lru_cache_set_max_memory_usage
FN:685,uvhttp_lru_cache_set_max_entries
FN:695,uvhttp_lru_cache_set_cache_ttl
FN:705,uvhttp_lru_cache_set_batch_eviction_size
FN:724,uvhttp_lru_cache_cleanup_expired
FN:790,uvhttp_lru_cache_get_hit_rate
FN:810,uvhttp_lru_cache_set_eviction_callback
FN:827,uvhttp_lru_cache_enable_priority_eviction
FN:843,uvhttp_lru_cache_set_min_priority_threshold
FN:864,uvhttp_lru_cache_set_entry_priority
FN:896,uvhttp_lru_cache_get_entry_priority
FN:914,uvhttp_lru_cache_prewarm
FN:962,uvhttp_lru_cache_get_config
FN:995,uvhttp_lru_cache_force_eviction
FNDA:24,free_cache_entry
FNDA:5,uvhttp_lru_cache_remove_tail
FNDA:0,uvhttp_lru_cache_set_max_entries
FNDA:0,uvhttp_lru_cache_force_eviction
FNDA:4,uvhttp_lru_cache_remove
FNDA:12,uvhttp_lru_cache_create
FNDA:7,uvhttp_lru_cache_find
FNDA:0,uvhttp_lru_cache_get_config
FNDA:2,uvhttp_lru_cache_is_expired
FNDA:0,uvhttp_lru_cache_set_min_priority_threshold
FNDA:2,uvhttp_lru_cache_cleanup_expired
FNDA:0,uvhttp_lru_cache_set_eviction_callback
FNDA:2,uvhttp_lru_cache_reset_stats
FNDA:0,uvhttp_lru_cache_get_hit_rate
FNDA:0,uvhttp_lru_cache_set_max_memory_usage
FNDA:0,uvhttp_lru_cache_set_cache_ttl
FNDA:0,uvhttp_lru_cache_enable_priority_eviction
FNDA:0,uvhttp_lru_cache_remove_lowest_priority
FNDA:26,uvhttp_lru_cache_put
FNDA:0,uvhttp_lru_cache_set_entry_priority
FNDA:26,get_current_time
FNDA:0,uvhttp_lru_cache_set_batch_eviction_size
FNDA:10,uvhttp_lru_cache_free
FNDA:11,uvhttp_lru_cache_clear
FNDA:2,uvhttp_lru_cache_get_stats
FNDA:24,set_cache_entry_metadata
FNDA:0,uvhttp_lru_cache_prewarm
FNDA:0,uvhttp_lru_cache_get_entry_priority
FNDA:26,uvhttp_lru_cache_move_to_head
FNDA:0,uvhttp_lru_cache_set_max_file_size
FNF:30
FNH:15
DA:27,24
DA:30,24
DA:31,24
DA:33,0
DA:37,24
DA:38,24
DA:40,0
DA:42,24
DA:47,12
DA:53,12
DA:59,11
DA:65,10
DA:72,9
DA:74,0
DA:75,0
DA:79,9
DA:80,9
DA:81,9
DA:82,9
DA:83,9
DA:87,9
DA:92,9
DA:93,9
DA:99,24
DA:100,24
DA:103,24
DA:112,10
DA:113,10
DA:119,9
DA:130,7
DA:132,7
DA:145,11
DA:147,4
DA:149,2
DA:152,0
DA:153,0
DA:154,0
DA:158,2
DA:159,2
DA:160,2
DA:163,2
DA:166,3
DA:168,3
DA:174,26
DA:176,26
DA:180,26
DA:184,24
DA:186,17
DA:187,17
DA:190,17
DA:193,17
DA:196,17
DA:197,0
DA:199,17
DA:203,7
DA:204,0
DA:207,7
DA:210,7
DA:211,0
DA:214,7
DA:218,7
DA:219,7
DA:221,7
DA:222,0
DA:225,7
DA:228,7
DA:229,7
DA:236,5
DA:237,5
DA:243,5
DA:245,5
DA:246,5
DA:249,0
DA:253,5
DA:254,5
DA:256,5
DA:263,0
DA:264,0
DA:270,0
DA:272,0
DA:273,0
DA:274,0
DA:275,0
DA:282,0
DA:290,0
DA:291,0
DA:294,0
DA:297,0
DA:298,0
DA:301,0
DA:305,0
DA:306,0
DA:311,0
DA:318,26
DA:319,26
DA:322,2
DA:323,2
DA:325,2
DA:329,2
DA:330,2
DA:336,26
DA:341,26
DA:349,24
DA:356,24
DA:362,24
DA:371,24
DA:373,24
DA:374,58
DA:375,29
DA:376,29
DA:377,26
DA:381,5
DA:389,10
DA:390,10
DA:391,10
DA:392,7
DA:393,7
DA:394,5
DA:398,5
DA:399,0
DA:401,5
DA:404,5
DA:412,5
DA:413,0
DA:418,5
DA:421,5
DA:422,5
DA:423,5
DA:427,5
DA:447,41
DA:449,17
DA:454,0
DA:457,0
DA:461,24
DA:464,0
DA:465,0
DA:474,24
DA:478,0
DA:481,24
DA:484,24
DA:485,24
DA:488,24
DA:489,24
DA:495,24
DA:496,24
DA:499,0
DA:501,0
DA:502,0
DA:505,0
DA:508,24
DA:511,24
DA:512,24
DA:513,24
DA:514,24
DA:515,24
DA:516,24
DA:519,24
DA:522,24
DA:525,24
DA:531,24
DA:537,4
DA:539,4
DA:551,3
DA:553,1
DA:560,1
DA:563,1
DA:564,0
DA:566,1
DA:569,1
DA:570,0
DA:572,1
DA:576,1
DA:577,1
DA:583,1
DA:585,1
DA:591,11
DA:592,11
DA:605,54
DA:606,17
DA:608,17
DA:612,10
DA:613,10
DA:614,10
DA:615,10
DA:616,10
DA:625,2
DA:629,2
DA:634,2
DA:635,2
DA:636,2
DA:637,2
DA:638,2
DA:639,2
DA:640,2
DA:641,2
DA:642,2
DA:643,2
DA:649,2
DA:650,2
DA:655,1
DA:656,1
DA:657,1
DA:663,0
DA:665,0
DA:668,0
DA:674,0
DA:676,0
DA:679,0
DA:685,0
DA:686,0
DA:689,0
DA:695,0
DA:696,0
DA:699,0
DA:705,0
DA:707,0
DA:710,0
DA:717,0
DA:724,2
DA:725,2
DA:736,1
DA:738,1
DA:739,2
DA:740,1
DA:742,1
DA:748,1
DA:751,1
DA:752,0
DA:754,1
DA:757,1
DA:758,0
DA:760,1
DA:764,1
DA:765,1
DA:766,1
DA:770,1
DA:790,0
DA:791,0
DA:798,0
DA:799,0
DA:804,0
DA:810,0
DA:813,0
DA:818,0
DA:819,0
DA:827,0
DA:829,0
DA:834,0
DA:843,0
DA:845,0
DA:850,0
DA:856,0
DA:864,0
DA:867,0
DA:872,0
DA:877,0
DA:878,0
DA:883,0
DA:886,0
DA:890,0
DA:896,0
DA:898,0
DA:903,0
DA:904,0
DA:908,0
DA:914,0
DA:920,0
DA:925,0
DA:931,0
DA:932,0
DA:934,0
DA:935,0
DA:938,0
DA:943,0
DA:945,0
DA:951,0
DA:956,0
DA:962,0
DA:967,0
DA:972,0
DA:973,0
DA:975,0
DA:976,0
DA:978,0
DA:979,0
DA:981,0
DA:982,0
DA:984,0
DA:985,0
DA:987,0
DA:988,0
DA:995,0
DA:996,0
DA:1001,0
DA:1007,0
DA:1008,0
DA:1009,0
DA:1015,0
DA:1016,0
DA:1019,0
DA:1020,0
DA:1021,0
DA:1022,0
DA:1024,0
DA:1025,0
LF:305
LH:176
end_of_record
TN:
SF:/home/zhaodi-chen/project/uvhttp/src/uvhttp_protocol_upgrade.c
FN:22,uvhttp_server_register_protocol_upgrade
FN:117,uvhttp_server_unregister_protocol_upgrade
FN:162,uvhttp_connection_transfer_ownership
FN:216,uvhttp_connection_set_lifecycle
FN:240,uvhttp_connection_get_fd
FN:255,uvhttp_connection_get_peer_address
FNDA:3,uvhttp_connection_get_peer_address
FNDA:5,uvhttp_server_unregister_protocol_upgrade
FNDA:3,uvhttp_connection_set_lifecycle
FNDA:12,uvhttp_server_register_protocol_upgrade
FNDA:2,uvhttp_connection_transfer_ownership
FNDA:2,uvhttp_connection_get_fd
FNF:6
FNH:6
DA:22,12
DA:27,12
DA:32,8
DA:38,7
DA:44,6
DA:47,6
DA:52,6
DA:55,6
DA:59,6
DA:60,6
DA:61,0
DA:65,0
DA:69,6
DA:77,6
DA:86,6
DA:87,71
DA:88,65
DA:90,6
DA:92,6
DA:94,5
DA:95,57
DA:96,52
DA:97,52
DA:99,5
DA:102,6
DA:103,6
DA:104,6
DA:108,6
DA:109,6
DA:110,6
DA:114,6
DA:117,5
DA:120,5
DA:124,3
DA:133,1
DA:135,1
DA:136,1
DA:138,1
DA:139,0
DA:141,1
DA:144,1
DA:149,1
DA:153,0
DA:162,2
DA:166,2
DA:171,0
DA:184,0
DA:187,0
DA:188,0
DA:192,0
DA:193,0
DA:194,0
DA:200,0
DA:206,0
DA:209,0
DA:213,0
DA:216,3
DA:219,3
DA:224,1
DA:225,1
DA:226,1
DA:233,1
DA:235,1
DA:240,2
DA:242,2
DA:246,0
DA:247,0
DA:249,0
DA:255,3
DA:259,3
DA:263,0
DA:265,0
DA:266,0
DA:271,0
DA:273,0
LF:75
LH:52
end_of_record
TN:
SF:/home/zhaodi-chen/project/uvhttp/src/uvhttp_request.c
FN:44,uvhttp_request_init
FN:96,uvhttp_request_cleanup
FN:117,on_message_begin
FN:133,on_url
FN:159,on_header_field
FN:186,on_header_value
FN:235,on_body
FN:274,is_client_whitelisted
FN:296,check_rate_limit_whitelist
FN:325,ensure_valid_url
FN:337,on_message_complete
FN:530,uvhttp_request_get_method
FN:567,uvhttp_request_get_url
FN:573,uvhttp_request_get_header
FN:610,uvhttp_request_get_body
FN:616,uvhttp_request_get_body_length
FN:622,uvhttp_request_get_path
FN:656,uvhttp_request_get_query_string
FN:672,uvhttp_request_get_query_param
FN:724,uvhttp_request_get_client_ip
FN:784,uvhttp_request_free
FN:796,uvhttp_request_get_header_count
FN:804,uvhttp_request_get_header_at
FN:824,uvhttp_request_add_header
FN:899,uvhttp_request_foreach_header
FNDA:18,uvhttp_request_cleanup
FNDA:0,check_rate_limit_whitelist
FNDA:0,uvhttp_request_add_header
FNDA:0,uvhttp_request_foreach_header
FNDA:0,on_message_begin
FNDA:3,uvhttp_request_get_body
FNDA:2,uvhttp_request_free
FNDA:0,is_client_whitelisted
FNDA:0,uvhttp_request_get_header_count
FNDA:11,uvhttp_request_get_query_string
FNDA:0,on_body
FNDA:6,uvhttp_request_get_path
FNDA:9,uvhttp_request_get_method
FNDA:3,uvhttp_request_get_url
FNDA:20,uvhttp_request_get_header
FNDA:0,on_url
FNDA:19,uvhttp_request_init
FNDA:0,on_header_field
FNDA:0,on_header_value
FNDA:8,uvhttp_request_get_query_param
FNDA:0,on_message_complete
FNDA:14,uvhttp_request_get_header_at
FNDA:3,uvhttp_request_get_body_length
FNDA:0,ensure_valid_url
FNDA:6,uvhttp_request_get_client_ip
FNF:25
FNH:13
DA:44,19
DA:46,19
DA:52,17
DA:53,17
DA:54,17
DA:57,17
DA:58,17
DA:61,17
DA:63,17
DA:64,17
DA:65,0
DA:66,0
DA:70,17
DA:71,17
DA:72,17
DA:73,17
DA:74,17
DA:75,17
DA:77,17
DA:81,17
DA:84,34
DA:85,17
DA:86,17
DA:87,0
DA:89,0
DA:91,17
DA:93,17
DA:96,18
DA:97,18
DA:101,17
DA:104,17
DA:107,17
DA:110,17
DA:112,0
DA:117,0
DA:119,0
DA:120,0
DA:126,0
DA:127,0
DA:128,0
DA:130,0
DA:133,0
DA:135,0
DA:136,0
DA:142,0
DA:153,0
DA:154,0
DA:156,0
DA:159,0
DA:161,0
DA:162,0
DA:169,0
DA:170,0
DA:173,0
DA:180,0
DA:181,0
DA:183,0
DA:186,0
DA:188,0
DA:189,0
DA:194,0
DA:199,0
DA:206,0
DA:209,0
DA:210,0
DA:218,0
DA:222,0
DA:229,0
DA:230,0
DA:232,0
DA:235,0
DA:236,0
DA:237,0
DA:242,0
DA:245,0
DA:251,0
DA:256,0
DA:257,0
DA:261,0
DA:262,0
DA:266,0
DA:267,0
DA:269,0
DA:274,0
DA:275,0
DA:276,0
DA:281,0
DA:282,0
DA:288,0
DA:291,0
DA:292,0
DA:296,0
DA:297,0
DA:301,0
DA:305,0
DA:306,0
DA:307,0
DA:309,0
DA:311,0
DA:314,0
DA:315,0
DA:325,0
DA:326,0
DA:327,0
DA:330,0
DA:337,0
DA:339,0
DA:343,0
DA:344,0
DA:349,0
DA:354,0
DA:355,0
DA:356,0
DA:360,0
DA:367,0
DA:368,0
DA:370,0
DA:374,0
DA:382,0
DA:383,0
DA:384,0
DA:387,0
DA:388,0
DA:392,0
DA:396,0
DA:399,0
DA:400,0
DA:404,0
DA:405,0
DA:408,0
DA:411,0
DA:412,0
DA:415,0
DA:421,0
DA:424,0
DA:429,0
DA:430,0
DA:433,0
DA:436,0
DA:437,0
DA:443,0
DA:444,0
DA:445,0
DA:446,0
DA:448,0
DA:452,0
DA:455,0
DA:458,0
DA:463,0
DA:464,0
DA:467,0
DA:470,0
DA:471,0
DA:480,0
DA:481,0
DA:483,0
DA:484,0
DA:485,0
DA:487,0
DA:488,0
DA:489,0
DA:493,0
DA:495,0
DA:497,0
DA:498,0
DA:499,0
DA:502,0
DA:505,0
DA:509,0
DA:510,0
DA:513,0
DA:515,0
DA:519,0
DA:520,0
DA:522,0
DA:524,0
DA:530,9
DA:531,9
DA:536,8
DA:540,1
DA:542,1
DA:543,1
DA:545,1
DA:546,1
DA:548,1
DA:549,1
DA:551,1
DA:552,1
DA:554,1
DA:555,1
DA:557,1
DA:560,1
DA:561,1
DA:564,7
DA:567,3
DA:568,3
DA:570,2
DA:573,20
DA:576,20
DA:581,18
DA:582,18
DA:587,216
DA:588,201
DA:590,201
DA:591,23
DA:597,19
DA:598,14
DA:599,14
DA:601,10
DA:602,10
DA:610,3
DA:611,3
DA:613,2
DA:616,3
DA:617,3
DA:619,2
DA:622,6
DA:623,6
DA:627,5
DA:628,5
DA:630,5
DA:633,2
DA:636,2
DA:643,2
DA:646,2
DA:656,11
DA:657,11
DA:661,10
DA:662,10
DA:665,7
DA:666,0
DA:672,8
DA:674,8
DA:678,6
DA:679,6
DA:684,5
DA:687,6
DA:688,6
DA:689,4
DA:690,4
DA:699,4
DA:700,1
DA:702,3
DA:705,4
DA:710,4
DA:712,4
DA:715,2
DA:716,2
DA:718,1
DA:724,6
DA:725,6
DA:731,5
DA:732,5
DA:735,3
DA:738,3
DA:739,1
DA:741,2
DA:744,3
DA:749,3
DA:750,3
DA:755,2
DA:756,2
DA:761,1
DA:763,0
DA:765,0
DA:769,0
DA:771,0
DA:772,0
DA:773,0
DA:775,0
DA:776,0
DA:784,2
DA:785,2
DA:789,1
DA:796,0
DA:797,0
DA:800,0
DA:804,14
DA:806,14
DA:811,14
DA:812,14
DA:816,0
DA:817,0
DA:824,0
DA:827,0
DA:832,0
DA:835,0
DA:836,0
DA:840,0
DA:846,0
DA:851,0
DA:852,0
DA:854,0
DA:856,0
DA:861,0
DA:865,0
DA:866,0
DA:871,0
DA:872,0
DA:877,0
DA:878,0
DA:881,0
DA:882,0
DA:885,0
DA:886,0
DA:889,0
DA:890,0
DA:893,0
DA:895,0
DA:899,0
DA:902,0
DA:906,0
DA:907,0
DA:908,0
DA:909,0
LF:315
LH:122
end_of_record
TN:
SF:/home/zhaodi-chen/project/uvhttp/src/uvhttp_response.c
FN:85,get_status_text
FN:118,contains_control_chars
FN:142,build_response_headers
FN:227,uvhttp_response_init
FN:252,uvhttp_response_cleanup
FN:270,uvhttp_response_set_status
FN:286,uvhttp_response_set_header
FN:384,uvhttp_response_set_body
FN:428,uvhttp_send_response_data
FN:488,uvhttp_free_write_data
FN:525,uvhttp_response_build_data
FN:671,uvhttp_response_send_raw
FN:767,uvhttp_response_send
FN:1021,uvhttp_response_free
FN:1033,uvhttp_response_get_header_count
FN:1041,uvhttp_response_get_header_at
FN:1061,uvhttp_response_foreach_header
FNDA:0,uvhttp_send_response_data
FNDA:3,uvhttp_response_send_raw
FNDA:38,build_response_headers
FNDA:0,uvhttp_response_get_header_count
FNDA:199,contains_control_chars
FNDA:65,uvhttp_response_get_header_at
FNDA:140,uvhttp_response_set_header
FNDA:35,uvhttp_response_cleanup
FNDA:65,uvhttp_response_init
FNDA:0,uvhttp_free_write_data
FNDA:22,uvhttp_response_set_status
FNDA:2,uvhttp_response_free
FNDA:42,uvhttp_response_build_data
FNDA:0,uvhttp_response_foreach_header
FNDA:2,uvhttp_response_send
FNDA:14,uvhttp_response_set_body
FNDA:38,get_status_text
FNF:17
FNH:13
DA:85,38
DA:86,38
DA:89,1
DA:90,1
DA:91,2
DA:92,2
DA:93,1
DA:94,1
DA:95,1
DA:96,1
DA:97,1
DA:98,1
DA:99,1
DA:100,1
DA:101,1
DA:102,1
DA:103,1
DA:104,1
DA:105,1
DA:106,1
DA:107,1
DA:108,1
DA:109,1
DA:110,1
DA:111,0
DA:112,0
DA:118,199
DA:119,199
DA:122,9035
DA:123,8836
DA:126,8836
DA:135,8836
DA:142,38
DA:148,38
DA:157,103
DA:158,65
DA:159,65
DA:160,0
DA:165,65
DA:170,0
DA:173,65
DA:176,65
DA:179,65
DA:182,65
DA:188,38
DA:189,32
DA:195,38
DA:196,35
DA:197,12
DA:198,12
DA:201,23
DA:202,23
DA:207,38
DA:208,35
DA:209,34
DA:211,34
DA:216,1
DA:222,38
DA:224,38
DA:225,38
DA:227,65
DA:228,65
DA:232,64
DA:239,63
DA:240,63
DA:243,63
DA:247,63
DA:249,63
DA:252,35
DA:253,35
DA:257,34
DA:259,3
DA:262,34
DA:264,0
DA:267,34
DA:270,22
DA:272,22
DA:277,21
DA:282,19
DA:283,19
DA:286,140
DA:288,140
DA:293,137
DA:294,137
DA:300,134
DA:307,134
DA:309,3
DA:310,3
DA:314,3
DA:320,3
DA:325,2
DA:328,2
DA:329,2
DA:332,2
DA:334,2
DA:338,0
DA:342,2
DA:347,2
DA:348,2
DA:351,2
DA:352,2
DA:357,133
DA:358,83
DA:360,50
DA:363,50
DA:368,133
DA:374,133
DA:380,133
DA:381,133
DA:384,14
DA:386,14
DA:390,13
DA:394,12
DA:399,11
DA:411,10
DA:416,10
DA:417,10
DA:418,0
DA:419,0
DA:423,10
DA:425,10
DA:428,0
DA:430,0
DA:436,0
DA:444,0
DA:448,0
DA:455,0
DA:457,0
DA:459,0
DA:461,0
DA:463,0
DA:465,0
DA:466,0
DA:470,0
DA:477,0
DA:488,0
DA:490,0
DA:491,0
DA:493,0
DA:494,0
DA:495,0
DA:496,0
DA:497,0
DA:498,0
DA:500,0
DA:504,0
DA:514,0
DA:525,42
DA:527,42
DA:532,39
DA:533,1
DA:534,1
DA:535,1
DA:539,38
DA:540,38
DA:592,38
DA:601,38
DA:602,38
DA:605,38
DA:608,38
DA:610,0
DA:614,0
DA:620,0
DA:621,0
DA:625,38
DA:629,38
DA:630,38
DA:632,0
DA:639,38
DA:640,12
DA:652,38
DA:657,38
DA:658,38
DA:660,38
DA:671,3
DA:674,3
DA:679,0
DA:684,0
DA:688,0
DA:693,0
DA:694,0
DA:695,0
DA:698,0
DA:699,0
DA:701,0
DA:706,0
DA:708,0
DA:712,0
DA:714,0
DA:718,0
DA:719,0
DA:722,0
DA:723,0
DA:726,0
DA:731,0
DA:735,0
DA:738,0
DA:741,0
DA:746,0
DA:749,0
DA:750,0
DA:751,0
DA:752,0
DA:753,0
DA:767,2
DA:768,2
DA:775,1
DA:780,0
DA:781,0
DA:783,0
DA:785,0
DA:790,0
DA:793,0
DA:794,0
DA:799,0
DA:800,0
DA:1021,2
DA:1022,2
DA:1026,1
DA:1033,0
DA:1034,0
DA:1037,0
DA:1041,65
DA:1043,65
DA:1048,65
DA:1049,47
DA:1053,18
DA:1054,18
DA:1061,0
DA:1064,0
DA:1068,0
DA:1069,0
DA:1070,0
DA:1071,0
LF:234
LH:149
end_of_record
TN:
SF:/home/zhaodi-chen/project/uvhttp/src/uvhttp_router.c
FN:42,uvhttp_method_from_string
FN:90,uvhttp_method_to_string
FN:110,create_route_node
FN:133,find_or_create_child
FN:169,parse_path_params
FN:204,uvhttp_router_new
FN:255,uvhttp_router_free
FN:274,add_array_route
FN:301,find_array_route
FN:316,migrate_to_trie
FN:370,uvhttp_router_add_route
FN:376,uvhttp_router_add_route_method
FN:458,match_route_node
FN:533,static_file_handler_wrapper
FN:580,uvhttp_router_find_handler
FN:647,uvhttp_router_match
FN:722,uvhttp_parse_path_params
FN:731,uvhttp_router_add_static_route
FN:760,uvhttp_router_add_fallback_route
FNDA:0,add_array_route
FNDA:0,match_route_node
FNDA:15,uvhttp_router_free
FNDA:0,uvhttp_parse_path_params
FNDA:0,uvhttp_router_add_static_route
FNDA:0,find_or_create_child
FNDA:37,uvhttp_router_add_route_method
FNDA:6,uvhttp_router_find_handler
FNDA:5,find_array_route
FNDA:24,uvhttp_router_add_route
FNDA:15,uvhttp_method_from_string
FNDA:14,create_route_node
FNDA:5,uvhttp_router_match
FNDA:0,uvhttp_router_add_fallback_route
FNDA:9,uvhttp_method_to_string
FNDA:0,parse_path_params
FNDA:14,uvhttp_router_new
FNDA:0,migrate_to_trie
FNDA:0,static_file_handler_wrapper
FNF:19
FNH:10
DA:42,15
DA:43,15
DA:48,13
DA:49,6
DA:50,6
DA:52,12
DA:53,3
DA:54,3
DA:55,1
DA:57,1
DA:58,2
DA:59,1
DA:60,1
DA:61,1
DA:62,1
DA:63,1
DA:65,1
DA:68,1
DA:69,1
DA:70,1
DA:72,1
DA:73,1
DA:74,1
DA:75,1
DA:77,1
DA:78,1
DA:79,1
DA:80,1
DA:81,1
DA:83,1
DA:90,9
DA:102,9
DA:104,8
DA:110,14
DA:111,14
DA:113,0
DA:114,0
DA:115,0
DA:116,0
DA:121,0
DA:122,0
DA:125,0
DA:126,0
DA:129,14
DA:133,0
DA:136,0
DA:139,0
DA:140,0
DA:141,0
DA:142,0
DA:143,0
DA:144,0
DA:149,0
DA:153,0
DA:154,0
DA:158,0
DA:159,0
DA:160,0
DA:161,0
DA:162,0
DA:164,0
DA:165,0
DA:169,0
DA:171,0
DA:175,0
DA:178,0
DA:180,0
DA:181,0
DA:183,0
DA:184,0
DA:185,0
DA:186,0
DA:187,0
DA:189,0
DA:191,0
DA:192,0
DA:194,0
DA:195,0
DA:198,0
DA:204,14
DA:205,14
DA:209,14
DA:213,14
DA:220,14
DA:222,14
DA:224,0
DA:226,14
DA:229,14
DA:231,14
DA:234,14
DA:237,0
DA:241,14
DA:242,14
DA:243,0
DA:244,0
DA:246,0
DA:249,14
DA:251,14
DA:252,14
DA:255,15
DA:256,15
DA:257,14
DA:261,14
DA:265,14
DA:271,15
DA:274,0
DA:277,0
DA:279,0
DA:280,0
DA:281,0
DA:282,0
DA:285,0
DA:286,0
DA:289,0
DA:290,0
DA:291,0
DA:292,0
DA:293,0
DA:294,0
DA:295,0
DA:297,0
DA:301,5
DA:304,5
DA:305,0
DA:306,0
DA:307,0
DA:308,0
DA:316,0
DA:317,0
DA:322,0
DA:323,0
DA:326,0
DA:327,0
DA:330,0
DA:332,0
DA:333,0
DA:335,0
DA:336,0
DA:337,0
DA:338,0
DA:339,0
DA:343,0
DA:344,0
DA:346,0
DA:349,0
DA:353,0
DA:354,0
DA:355,0
DA:359,0
DA:360,0
DA:361,0
DA:362,0
DA:367,0
DA:370,24
DA:373,24
DA:376,37
DA:379,37
DA:383,0
DA:387,0
DA:392,0
DA:397,0
DA:400,0
DA:401,0
DA:402,0
DA:403,0
DA:404,0
DA:409,0
DA:412,0
DA:414,0
DA:415,0
DA:416,0
DA:417,0
DA:418,0
DA:421,0
DA:422,0
DA:423,0
DA:424,0
DA:425,0
DA:426,0
DA:427,0
DA:428,0
DA:429,0
DA:430,0
DA:436,0
DA:437,0
DA:441,0
DA:445,0
DA:446,0
DA:447,0
DA:448,0
DA:451,0
DA:454,0
DA:458,0
DA:462,0
DA:466,0
DA:469,0
DA:470,0
DA:471,0
DA:472,0
DA:473,0
DA:478,0
DA:481,0
DA:482,0
DA:483,0
DA:485,0
DA:487,0
DA:488,0
DA:492,0
DA:493,0
DA:494,0
DA:496,0
DA:497,0
DA:501,0
DA:503,0
DA:505,0
DA:508,0
DA:510,0
DA:513,0
DA:516,0
DA:517,0
DA:518,0
DA:519,0
DA:522,0
DA:533,0
DA:536,0
DA:537,0
DA:538,0
DA:539,0
DA:540,0
DA:541,0
DA:542,0
DA:547,0
DA:548,0
DA:549,0
DA:550,0
DA:551,0
DA:552,0
DA:553,0
DA:560,0
DA:562,0
DA:566,0
DA:573,0
DA:574,0
DA:575,0
DA:576,0
DA:577,0
DA:580,6
DA:582,6
DA:586,3
DA:589,3
DA:597,0
DA:602,0
DA:603,0
DA:604,0
DA:605,0
DA:609,0
DA:610,0
DA:611,0
DA:613,0
DA:618,0
DA:620,0
DA:624,3
DA:625,0
DA:626,0
DA:633,3
DA:634,3
DA:640,3
DA:647,5
DA:650,5
DA:656,2
DA:660,2
DA:662,2
DA:663,0
DA:664,0
DA:666,0
DA:667,0
DA:672,2
DA:673,2
DA:674,0
DA:675,0
DA:683,0
DA:684,0
DA:690,0
DA:694,0
DA:695,0
DA:696,0
DA:697,0
DA:705,0
DA:710,0
DA:711,0
DA:712,0
DA:713,0
DA:716,0
DA:719,0
DA:722,0
DA:725,0
DA:731,0
DA:734,0
DA:739,0
DA:744,0
DA:745,0
DA:746,0
DA:751,0
DA:752,0
DA:754,0
DA:760,0
DA:762,0
DA:766,0
DA:767,0
DA:769,0
LF:310
LH:78
end_of_record
TN:
SF:/home/zhaodi-chen/project/uvhttp/src/uvhttp_server.c
FN:57,write_503_response_cb
FN:71,on_connection
FN:217,uvhttp_server_new
FN:298,uvhttp_server_free
FN:409,uvhttp_server_listen
FN:487,uvhttp_server_set_handler
FN:497,uvhttp_server_set_router
FN:507,uvhttp_server_set_context
FN:517,uvhttp_server_stop
FN:567,uvhttp_server_enable_tls
FN:574,uvhttp_server_disable_tls
FN:579,uvhttp_server_is_tls_enabled
FN:588,create_simple_server_internal
FN:668,uvhttp_server_create
FN:674,add_route_internal
FN:685,uvhttp_get
FN:691,uvhttp_post
FN:697,uvhttp_put
FN:703,uvhttp_delete
FN:709,uvhttp_any
FN:716,uvhttp_set_max_connections
FN:724,uvhttp_set_timeout
FN:733,uvhttp_set_max_body_size
FN:742,uvhttp_get_param
FN:746,uvhttp_get_header
FN:750,uvhttp_get_body
FN:755,uvhttp_server_run
FN:761,uvhttp_server_stop_simple
FN:767,uvhttp_server_simple_free
FN:781,default_handler
FN:804,uvhttp_serve
FN:850,uvhttp_server_register_ws_handler
FN:892,uvhttp_server_find_ws_handler
FN:913,uvhttp_server_ws_send
FN:943,uvhttp_server_ws_close
FN:981,uvhttp_server_enable_rate_limit
FN:1007,uvhttp_server_disable_rate_limit
FN:1020,uvhttp_server_check_rate_limit
FN:1049,uvhttp_server_add_rate_limit_whitelist
FN:1115,uvhttp_server_get_rate_limit_status
FN:1140,uvhttp_server_clear_rate_limit_all
FN:1152,uvhttp_server_reset_rate_limit_client
FN:1174,ws_timeout_timer_callback
FN:1221,ws_heartbeat_timer_callback
FN:1267,uvhttp_server_ws_enable_connection_management
FN:1358,uvhttp_server_ws_disable_connection_management
FN:1412,uvhttp_server_ws_get_connection_count
FN:1427,uvhttp_server_ws_get_connection_count_by_path
FN:1455,uvhttp_server_ws_broadcast
FN:1495,uvhttp_server_ws_close_all
FN:1543,uvhttp_server_ws_add_connection
FN:1582,uvhttp_server_ws_remove_connection
FN:1622,uvhttp_server_ws_update_activity
FN:1650,uvhttp_server_set_timeout_callback
FNDA:0,uvhttp_server_ws_get_connection_count
FNDA:0,uvhttp_set_timeout
FNDA:0,uvhttp_server_set_timeout_callback
FNDA:0,uvhttp_server_find_ws_handler
FNDA:39,uvhttp_server_free
FNDA:0,uvhttp_server_ws_close_all
FNDA:0,uvhttp_server_create
FNDA:0,on_connection
FNDA:0,uvhttp_post
FNDA:0,uvhttp_server_set_router
FNDA:0,uvhttp_server_set_handler
FNDA:0,uvhttp_server_check_rate_limit
FNDA:0,uvhttp_server_ws_broadcast
FNDA:0,write_503_response_cb
FNDA:0,uvhttp_server_stop
FNDA:0,uvhttp_get_param
FNDA:0,uvhttp_get
FNDA:0,uvhttp_get_body
FNDA:0,uvhttp_server_disable_tls
FNDA:39,uvhttp_server_new
FNDA:0,uvhttp_server_ws_get_connection_count_by_path
FNDA:0,uvhttp_server_ws_remove_connection
FNDA:0,uvhttp_server_disable_rate_limit
FNDA:0,uvhttp_server_ws_send
FNDA:0,uvhttp_delete
FNDA:0,uvhttp_server_is_tls_enabled
FNDA:0,uvhttp_set_max_connections
FNDA:0,uvhttp_serve
FNDA:0,uvhttp_server_stop_simple
FNDA:0,uvhttp_server_simple_free
FNDA:0,uvhttp_server_clear_rate_limit_all
FNDA:0,uvhttp_server_reset_rate_limit_client
FNDA:0,default_handler
FNDA:0,uvhttp_server_listen
FNDA:0,uvhttp_server_ws_update_activity
FNDA:0,uvhttp_server_enable_tls
FNDA:0,uvhttp_server_ws_close
FNDA:0,uvhttp_set_max_body_size
FNDA:0,create_simple_server_internal
FNDA:0,uvhttp_server_register_ws_handler
FNDA:0,uvhttp_server_ws_add_connection
FNDA:0,uvhttp_server_set_context
FNDA:0,add_route_internal
FNDA:0,uvhttp_server_get_rate_limit_status
FNDA:0,uvhttp_put
FNDA:0,uvhttp_server_add_rate_limit_whitelist
FNDA:0,uvhttp_any
FNDA:0,uvhttp_server_enable_rate_limit
FNDA:0,uvhttp_server_ws_disable_connection_management
FNDA:0,ws_timeout_timer_callback
FNDA:0,uvhttp_server_ws_enable_connection_management
FNDA:0,uvhttp_server_run
FNDA:0,ws_heartbeat_timer_callback
FNDA:0,uvhttp_get_header
FNF:54
FNH:2
DA:57,0
DA:58,0
DA:59,0
DA:71,0
DA:74,0
DA:75,0
DA:76,0
DA:79,0
DA:93,0
DA:94,0
DA:97,0
DA:99,0
DA:100,0
DA:101,0
DA:105,0
DA:110,0
DA:111,0
DA:113,0
DA:116,0
DA:119,0
DA:122,0
DA:135,0
DA:137,0
DA:140,0
DA:142,0
DA:148,0
DA:150,0
DA:155,0
DA:156,0
DA:163,0
DA:168,0
DA:169,0
DA:170,0
DA:176,0
DA:178,0
DA:180,0
DA:181,0
DA:191,0
DA:197,0
DA:199,0
DA:200,0
DA:204,0
DA:205,0
DA:217,39
DA:218,39
DA:222,39
DA:228,39
DA:241,39
DA:249,39
DA:251,39
DA:270,39
DA:273,39
DA:275,0
DA:277,39
DA:278,39
DA:280,0
DA:281,0
DA:286,0
DA:294,39
DA:295,39
DA:298,39
DA:299,39
DA:304,39
DA:309,39
DA:312,39
DA:313,39
DA:320,39
DA:321,429
DA:322,390
DA:323,390
DA:328,39
DA:329,0
DA:332,0
DA:333,0
DA:334,0
DA:337,39
DA:338,0
DA:342,39
DA:343,0
DA:344,0
DA:349,0
DA:351,0
DA:352,0
DA:353,0
DA:359,0
DA:365,39
DA:366,0
DA:367,0
DA:371,0
DA:372,0
DA:373,0
DA:380,78
DA:381,0
DA:385,39
DA:391,39
DA:394,6
DA:396,11
DA:397,5
DA:406,39
DA:409,0
DA:411,0
DA:415,0
DA:420,0
DA:424,0
DA:425,0
DA:434,0
DA:437,0
DA:438,0
DA:439,0
DA:440,0
DA:444,0
DA:446,0
DA:447,0
DA:451,0
DA:452,0
DA:457,0
DA:458,0
DA:463,0
DA:466,0
DA:467,0
DA:471,0
DA:475,0
DA:476,0
DA:483,0
DA:484,0
DA:487,0
DA:489,0
DA:493,0
DA:494,0
DA:497,0
DA:499,0
DA:503,0
DA:504,0
DA:507,0
DA:509,0
DA:513,0
DA:514,0
DA:517,0
DA:518,0
DA:522,0
DA:523,0
DA:524,0
DA:525,0
DA:532,0
DA:534,0
DA:538,0
DA:539,0
DA:542,0
DA:543,0
DA:545,0
DA:548,0
DA:549,0
DA:553,0
DA:554,0
DA:555,0
DA:558,0
DA:560,0
DA:563,0
DA:564,0
DA:567,0
DA:571,0
DA:574,0
DA:576,0
DA:579,0
DA:581,0
DA:588,0
DA:591,0
DA:597,0
DA:604,0
DA:608,0
DA:609,0
DA:611,0
DA:615,0
DA:616,0
DA:618,0
DA:619,0
DA:623,0
DA:624,0
DA:626,0
DA:627,0
DA:629,0
DA:630,0
DA:634,0
DA:635,0
DA:637,0
DA:638,0
DA:639,0
DA:640,0
DA:642,0
DA:643,0
DA:646,0
DA:647,0
DA:648,0
DA:651,0
DA:656,0
DA:657,0
DA:659,0
DA:660,0
DA:663,0
DA:664,0
DA:668,0
DA:670,0
DA:674,0
DA:677,0
DA:680,0
DA:681,0
DA:685,0
DA:688,0
DA:691,0
DA:694,0
DA:697,0
DA:700,0
DA:703,0
DA:706,0
DA:709,0
DA:712,0
DA:716,0
DA:718,0
DA:719,0
DA:721,0
DA:724,0
DA:726,0
DA:727,0
DA:728,0
DA:730,0
DA:733,0
DA:735,0
DA:736,0
DA:738,0
DA:742,0
DA:743,0
DA:746,0
DA:747,0
DA:750,0
DA:751,0
DA:755,0
DA:756,0
DA:758,0
DA:761,0
DA:762,0
DA:763,0
DA:765,0
DA:767,0
DA:768,0
DA:771,0
DA:772,0
DA:781,0
DA:783,0
DA:784,0
DA:787,0
DA:796,0
DA:797,0
DA:798,0
DA:799,0
DA:800,0
DA:804,0
DA:806,0
DA:812,0
DA:821,0
DA:824,0
DA:828,0
DA:830,0
DA:834,0
DA:837,0
DA:838,0
DA:850,0
DA:853,0
DA:860,0
DA:865,0
DA:866,0
DA:867,0
DA:869,0
DA:874,0
DA:875,0
DA:878,0
DA:879,0
DA:882,0
DA:885,0
DA:892,0
DA:894,0
DA:899,0
DA:900,0
DA:901,0
DA:903,0
DA:905,0
DA:913,0
DA:915,0
DA:919,0
DA:925,0
DA:927,0
DA:928,0
DA:934,0
DA:935,0
DA:936,0
DA:943,0
DA:945,0
DA:951,0
DA:953,0
DA:954,0
DA:960,0
DA:961,0
DA:962,0
DA:981,0
DA:984,0
DA:988,0
DA:992,0
DA:997,0
DA:998,0
DA:999,0
DA:1000,0
DA:1001,0
DA:1003,0
DA:1007,0
DA:1008,0
DA:1012,0
DA:1013,0
DA:1014,0
DA:1016,0
DA:1020,0
DA:1021,0
DA:1026,0
DA:1027,0
DA:1030,0
DA:1033,0
DA:1034,0
DA:1038,0
DA:1043,0
DA:1045,0
DA:1049,0
DA:1051,0
DA:1056,0
DA:1062,0
DA:1063,0
DA:1068,0
DA:1070,0
DA:1071,0
DA:1075,0
DA:1076,0
DA:1079,0
DA:1081,0
DA:1083,0
DA:1084,0
DA:1086,0
DA:1087,0
DA:1089,0
DA:1092,0
DA:1097,0
DA:1100,0
DA:1101,0
DA:1103,0
DA:1104,0
DA:1106,0
DA:1108,0
DA:1109,0
DA:1115,0
DA:1119,0
DA:1123,0
DA:1124,0
DA:1125,0
DA:1128,0
DA:1129,0
DA:1131,0
DA:1132,0
DA:1133,0
DA:1140,0
DA:1141,0
DA:1145,0
DA:1146,0
DA:1148,0
DA:1152,0
DA:1154,0
DA:1159,0
DA:1160,0
DA:1162,0
DA:1174,0
DA:1175,0
DA:1180,0
DA:1181,0
DA:1183,0
DA:1186,0
DA:1187,0
DA:1190,0
DA:1194,0
DA:1195,0
DA:1200,0
DA:1201,0
DA:1203,0
DA:1208,0
DA:1221,0
DA:1222,0
DA:1227,0
DA:1229,0
DA:1231,0
DA:1232,0
DA:1233,0
DA:1235,0
DA:1237,0
DA:1238,0
DA:1239,0
DA:1243,0
DA:1244,0
DA:1249,0
DA:1255,0
DA:1267,0
DA:1269,0
DA:1274,0
DA:1278,0
DA:1283,0
DA:1285,0
DA:1286,0
DA:1294,0
DA:1301,0
DA:1302,0
DA:1303,0
DA:1304,0
DA:1307,0
DA:1308,0
DA:1310,0
DA:1312,0
DA:1315,0
DA:1316,0
DA:1317,0
DA:1319,0
DA:1321,0
DA:1324,0
DA:1325,0
DA:1326,0
DA:1327,0
DA:1328,0
DA:1330,0
DA:1333,0
DA:1334,0
DA:1335,0
DA:1336,0
DA:1337,0
DA:1338,0
DA:1340,0
DA:1343,0
DA:1349,0
DA:1358,0
DA:1360,0
DA:1364,0
DA:1365,0
DA:1370,0
DA:1371,0
DA:1372,0
DA:1375,0
DA:1376,0
DA:1377,0
DA:1381,0
DA:1382,0
DA:1383,0
DA:1385,0
DA:1386,0
DA:1399,0
DA:1403,0
DA:1412,0
DA:1413,0
DA:1417,0
DA:1427,0
DA:1429,0
DA:1434,0
DA:1436,0
DA:1437,0
DA:1438,0
DA:1440,0
DA:1455,0
DA:1458,0
DA:1462,0
DA:1466,0
DA:1469,0
DA:1471,0
DA:1472,0
DA:1473,0
DA:1474,0
DA:1479,0
DA:1495,0
DA:1497,0
DA:1502,0
DA:1505,0
DA:1506,0
DA:1509,0
DA:1511,0
DA:1512,0
DA:1517,0
DA:1518,0
DA:1520,0
DA:1525,0
DA:1526,0
DA:1543,0
DA:1546,0
DA:1550,0
DA:1551,0
DA:1557,0
DA:1563,0
DA:1564,0
DA:1565,0
DA:1566,0
DA:1567,0
DA:1571,0
DA:1572,0
DA:1573,0
DA:1582,0
DA:1584,0
DA:1588,0
DA:1589,0
DA:1593,0
DA:1596,0
DA:1597,0
DA:1599,0
DA:1600,0
DA:1602,0
DA:1607,0
DA:1611,0
DA:1615,0
DA:1622,0
DA:1624,0
DA:1628,0
DA:1629,0
DA:1633,0
DA:1635,0
DA:1636,0
DA:1637,0
DA:1638,0
DA:1639,0
DA:1640,0
DA:1643,0
DA:1650,0
DA:1653,0
DA:1657,0
DA:1658,0
DA:1660,0
LF:532
LH:34
end_of_record
TN:
SF:/home/zhaodi-chen/project/uvhttp/src/uvhttp_static.c
FN:173,mime_hash_function
FN:206,get_file_extension
FN:222,html_escape
FN:297,uvhttp_static_get_mime_type
FN:342,read_file_content
FN:411,send_file_chunked
FN:497,get_file_info
FN:522,calculate_dir_listing_buffer_size
FN:559,collect_dir_entries
FN:626,compare_dir_entries
FN:652,generate_directory_listing
FN:774,uvhttp_static_generate_etag
FN:790,uvhttp_static_set_response_headers
FN:834,uvhttp_static_check_conditional_request
FN:865,uvhttp_static_create
FN:930,uvhttp_static_free
FN:944,uvhttp_static_resolve_safe_path
FN:1037,uvhttp_static_handle_request
FN:1234,uvhttp_static_clear_cache
FN:1244,uvhttp_static_get_cache_stats
FN:1269,uvhttp_static_get_cache_hit_rate
FN:1290,uvhttp_static_cleanup_expired_cache
FN:1306,uvhttp_static_prewarm_cache
FN:1378,uvhttp_static_prewarm_directory
FN:1498,init_sendfile_config
FN:1537,on_sendfile_timeout
FN:1562,on_file_close
FN:1582,on_sendfile_complete
FN:1674,uvhttp_static_set_sendfile_config
FN:1698,uvhttp_static_set_max_file_size
FN:1718,uvhttp_static_set_cache_config
FN:1743,uvhttp_static_sendfile_with_config
FN:2074,uvhttp_static_sendfile
FNDA:0,init_sendfile_config
FNDA:0,uvhttp_static_set_cache_config
FNDA:0,on_sendfile_complete
FNDA:0,uvhttp_static_create
FNDA:0,calculate_dir_listing_buffer_size
FNDA:0,uvhttp_static_set_max_file_size
FNDA:0,uvhttp_static_free
FNDA:0,uvhttp_static_prewarm_directory
FNDA:0,uvhttp_static_get_mime_type
FNDA:0,uvhttp_static_resolve_safe_path
FNDA:0,compare_dir_entries
FNDA:0,uvhttp_static_clear_cache
FNDA:0,on_file_close
FNDA:0,get_file_info
FNDA:0,uvhttp_static_cleanup_expired_cache
FNDA:0,on_sendfile_timeout
FNDA:0,uvhttp_static_generate_etag
FNDA:0,mime_hash_function
FNDA:0,send_file_chunked
FNDA:0,read_file_content
FNDA:0,uvhttp_static_sendfile_with_config
FNDA:0,uvhttp_static_get_cache_stats
FNDA:0,collect_dir_entries
FNDA:0,html_escape
FNDA:0,uvhttp_static_get_cache_hit_rate
FNDA:0,uvhttp_static_prewarm_cache
FNDA:0,generate_directory_listing
FNDA:0,uvhttp_static_set_sendfile_config
FNDA:0,uvhttp_static_set_response_headers
FNDA:0,uvhttp_static_sendfile
FNDA:0,uvhttp_static_handle_request
FNDA:0,get_file_extension
FNDA:0,uvhttp_static_check_conditional_request
FNF:33
FNH:0
DA:173,0
DA:174,0
DA:179,0
DA:180,0
DA:181,0
DA:182,0
DA:183,0
DA:184,0
DA:185,0
DA:186,0
DA:199,0
DA:200,0
DA:206,0
DA:207,0
DA:210,0
DA:211,0
DA:222,0
DA:223,0
DA:230,0
DA:231,0
DA:232,0
DA:233,0
DA:234,0
DA:235,0
DA:236,0
DA:237,0
DA:240,0
DA:241,0
DA:242,0
DA:243,0
DA:244,0
DA:245,0
DA:248,0
DA:249,0
DA:250,0
DA:251,0
DA:252,0
DA:253,0
DA:254,0
DA:257,0
DA:258,0
DA:259,0
DA:260,0
DA:261,0
DA:262,0
DA:263,0
DA:264,0
DA:267,0
DA:268,0
DA:269,0
DA:270,0
DA:271,0
DA:272,0
DA:273,0
DA:276,0
DA:277,0
DA:278,0
DA:280,0
DA:283,0
DA:297,0
DA:300,0
DA:303,0
DA:306,0
DA:310,0
DA:311,0
DA:315,0
DA:319,0
DA:320,0
DA:321,0
DA:326,0
DA:331,0
DA:336,0
DA:342,0
DA:343,0
DA:346,0
DA:347,0
DA:352,0
DA:353,0
DA:354,0
DA:357,0
DA:358,0
DA:359,0
DA:360,0
DA:363,0
DA:365,0
DA:366,0
DA:367,0
DA:371,0
DA:372,0
DA:373,0
DA:374,0
DA:375,0
DA:379,0
DA:381,0
DA:383,0
DA:411,0
DA:414,0
DA:418,0
DA:419,0
DA:425,0
DA:426,0
DA:427,0
DA:431,0
DA:433,0
DA:436,0
DA:437,0
DA:439,0
DA:441,0
DA:443,0
DA:444,0
DA:448,0
DA:449,0
DA:450,0
DA:452,0
DA:454,0
DA:455,0
DA:460,0
DA:462,0
DA:464,0
DA:469,0
DA:471,0
DA:472,0
DA:476,0
DA:477,0
DA:478,0
DA:480,0
DA:481,0
DA:484,0
DA:489,0
DA:491,0
DA:497,0
DA:499,0
DA:503,0
DA:507,0
DA:511,0
DA:512,0
DA:513,0
DA:514,0
DA:522,0
DA:524,0
DA:525,0
DA:530,0
DA:533,0
DA:534,0
DA:535,0
DA:538,0
DA:539,0
DA:542,0
DA:543,0
DA:559,0
DA:561,0
DA:562,0
DA:569,0
DA:570,0
DA:571,0
DA:573,0
DA:577,0
DA:578,0
DA:579,0
DA:580,0
DA:584,0
DA:585,0
DA:587,0
DA:588,0
DA:589,0
DA:592,0
DA:594,0
DA:601,0
DA:602,0
DA:606,0
DA:607,0
DA:608,0
DA:609,0
DA:611,0
DA:612,0
DA:613,0
DA:616,0
DA:619,0
DA:620,0
DA:626,0
DA:631,0
DA:634,0
DA:639,0
DA:646,0
DA:652,0
DA:654,0
DA:659,0
DA:661,0
DA:662,0
DA:668,0
DA:675,0
DA:701,0
DA:702,0
DA:708,0
DA:709,0
DA:710,0
DA:712,0
DA:716,0
DA:719,0
DA:720,0
DA:724,0
DA:725,0
DA:726,0
DA:728,0
DA:729,0
DA:734,0
DA:737,0
DA:738,0
DA:744,0
DA:753,0
DA:768,0
DA:774,0
DA:778,0
DA:784,0
DA:790,0
DA:795,0
DA:800,0
DA:802,0
DA:808,0
DA:811,0
DA:813,0
DA:814,0
DA:815,0
DA:819,0
DA:820,0
DA:824,0
DA:828,0
DA:834,0
DA:836,0
DA:841,0
DA:842,0
DA:848,0
DA:849,0
DA:850,0
DA:851,0
DA:852,0
DA:853,0
DA:854,0
DA:865,0
DA:867,0
DA:873,0
DA:874,0
DA:875,0
DA:881,0
DA:884,0
DA:885,0
DA:887,0
DA:891,0
DA:895,0
DA:899,0
DA:900,0
DA:902,0
DA:906,0
DA:908,0
DA:923,0
DA:924,0
DA:930,0
DA:931,0
DA:934,0
DA:935,0
DA:944,0
DA:946,0
DA:951,0
DA:956,0
DA:957,0
DA:960,0
DA:965,0
DA:970,0
DA:971,0
DA:972,0
DA:973,0
DA:974,0
DA:981,0
DA:982,0
DA:983,0
DA:985,0
DA:986,0
DA:996,0
DA:1004,0
DA:1010,0
DA:1011,0
DA:1018,0
DA:1023,0
DA:1027,0
DA:1037,0
DA:1039,0
DA:1043,0
DA:1044,0
DA:1045,0
DA:1046,0
DA:1051,0
DA:1052,0
DA:1054,0
DA:1055,0
DA:1056,0
DA:1061,0
DA:1064,0
DA:1065,0
DA:1068,0
DA:1074,0
DA:1076,0
DA:1077,0
DA:1081,0
DA:1083,0
DA:1085,0
DA:1086,0
DA:1087,0
DA:1089,0
DA:1090,0
DA:1092,0
DA:1094,0
DA:1096,0
DA:1097,0
DA:1105,0
DA:1108,0
DA:1109,0
DA:1112,0
DA:1113,0
DA:1114,0
DA:1115,0
DA:1117,0
DA:1120,0
DA:1126,0
DA:1127,0
DA:1128,0
DA:1129,0
DA:1132,0
DA:1134,0
DA:1136,0
DA:1137,0
DA:1140,0
DA:1141,0
DA:1146,0
DA:1149,0
DA:1150,0
DA:1155,0
DA:1158,0
DA:1162,0
DA:1166,0
DA:1168,0
DA:1169,0
DA:1173,0
DA:1174,0
DA:1175,0
DA:1180,0
DA:1182,0
DA:1190,0
DA:1191,0
DA:1192,0
DA:1193,0
DA:1198,0
DA:1202,0
DA:1206,0
DA:1208,0
DA:1209,0
DA:1213,0
DA:1216,0
DA:1220,0
DA:1222,0
DA:1223,0
DA:1224,0
DA:1228,0
DA:1234,0
DA:1235,0
DA:1238,0
DA:1244,0
DA:1248,0
DA:1249,0
DA:1250,0
DA:1251,0
DA:1252,0
DA:1253,0
DA:1254,0
DA:1255,0
DA:1256,0
DA:1257,0
DA:1258,0
DA:1259,0
DA:1262,0
DA:1269,0
DA:1270,0
DA:1277,0
DA:1280,0
DA:1284,0
DA:1290,0
DA:1291,0
DA:1295,0
DA:1306,0
DA:1310,0
DA:1321,0
DA:1323,0
DA:1330,0
DA:1335,0
DA:1336,0
DA:1339,0
DA:1346,0
DA:1347,0
DA:1354,0
DA:1358,0
DA:1363,0
DA:1365,0
DA:1368,0
DA:1378,0
DA:1380,0
DA:1385,0
DA:1393,0
DA:1394,0
DA:1401,0
DA:1407,0
DA:1408,0
DA:1417,0
DA:1419,0
DA:1420,0
DA:1421,0
DA:1425,0
DA:1426,0
DA:1430,0
DA:1433,0
DA:1440,0
DA:1443,0
DA:1447,0
DA:1448,0
DA:1454,0
DA:1458,0
DA:1498,0
DA:1501,0
DA:1502,0
DA:1504,0
DA:1507,0
DA:1508,0
DA:1510,0
DA:1513,0
DA:1514,0
DA:1518,0
DA:1520,0
DA:1521,0
DA:1523,0
DA:1527,0
DA:1530,0
DA:1537,0
DA:1538,0
DA:1540,0
DA:1549,0
DA:1552,0
DA:1553,0
DA:1556,0
DA:1557,0
DA:1562,0
DA:1563,0
DA:1569,0
DA:1572,0
DA:1573,0
DA:1579,0
DA:1582,0
DA:1583,0
DA:1585,0
DA:1590,0
DA:1593,0
DA:1594,0
DA:1595,0
DA:1599,0
DA:1603,0
DA:1604,0
DA:1605,0
DA:1610,0
DA:1611,0
DA:1612,0
DA:1614,0
DA:1615,0
DA:1617,0
DA:1621,0
DA:1622,0
DA:1623,0
DA:1626,0
DA:1627,0
DA:1630,0
DA:1632,0
DA:1633,0
DA:1634,0
DA:1638,0
DA:1639,0
DA:1642,0
DA:1645,0
DA:1646,0
DA:1647,0
DA:1648,0
DA:1655,0
DA:1656,0
DA:1657,0
DA:1659,0
DA:1660,0
DA:1664,0
DA:1665,0
DA:1666,0
DA:1674,0
DA:1677,0
DA:1682,0
DA:1683,0
DA:1685,0
DA:1686,0
DA:1688,0
DA:1689,0
DA:1698,0
DA:1700,0
DA:1706,0
DA:1707,0
DA:1709,0
DA:1718,0
DA:1721,0
DA:1726,0
DA:1727,0
DA:1728,0
DA:1730,0
DA:1731,0
DA:1732,0
DA:1734,0
DA:1735,0
DA:1736,0
DA:1743,0
DA:1750,0
DA:1755,0
DA:1758,0
DA:1767,0
DA:1773,0
DA:1774,0
DA:1775,0
DA:1776,0
DA:1780,0
DA:1782,0
DA:1785,0
DA:1790,0
DA:1792,0
DA:1793,0
DA:1794,0
DA:1795,0
DA:1798,0
DA:1799,0
DA:1806,0
DA:1811,0
DA:1816,0
DA:1817,0
DA:1821,0
DA:1822,0
DA:1823,0
DA:1824,0
DA:1827,0
DA:1830,0
DA:1831,0
DA:1832,0
DA:1834,0
DA:1837,0
DA:1840,0
DA:1841,0
DA:1844,0
DA:1846,0
DA:1850,0
DA:1851,0
DA:1853,0
DA:1855,0
DA:1860,0
DA:1865,0
DA:1866,0
DA:1867,0
DA:1870,0
DA:1871,0
DA:1873,0
DA:1874,0
DA:1877,0
DA:1878,0
DA:1883,0
DA:1884,0
DA:1885,0
DA:1887,0
DA:1890,0
DA:1891,0
DA:1896,0
DA:1897,0
DA:1898,0
DA:1901,0
DA:1902,0
DA:1905,0
DA:1907,0
DA:1909,0
DA:1912,0
DA:1914,0
DA:1915,0
DA:1918,0
DA:1922,0
DA:1926,0
DA:1927,0
DA:1928,0
DA:1929,0
DA:1931,0
DA:1941,0
DA:1946,0
DA:1951,0
DA:1952,0
DA:1956,0
DA:1957,0
DA:1958,0
DA:1959,0
DA:1962,0
DA:1965,0
DA:1966,0
DA:1967,0
DA:1969,0
DA:1972,0
DA:1975,0
DA:1976,0
DA:1979,0
DA:1981,0
DA:1985,0
DA:1986,0
DA:1988,0
DA:1990,0
DA:1995,0
DA:2000,0
DA:2001,0
DA:2002,0
DA:2005,0
DA:2006,0
DA:2008,0
DA:2009,0
DA:2012,0
DA:2013,0
DA:2018,0
DA:2019,0
DA:2020,0
DA:2022,0
DA:2025,0
DA:2026,0
DA:2031,0
DA:2032,0
DA:2033,0
DA:2036,0
DA:2037,0
DA:2040,0
DA:2042,0
DA:2044,0
DA:2047,0
DA:2049,0
DA:2050,0
DA:2053,0
DA:2057,0
DA:2061,0
DA:2062,0
DA:2063,0
DA:2064,0
DA:2066,0
DA:2074,0
DA:2076,0
LF:651
LH:0
end_of_record
TN:
SF:/home/zhaodi-chen/project/uvhttp/src/uvhttp_tls.c
FN:31,mbedtls_net_send
FN:43,mbedtls_net_recv
FN:56,uvhttp_tls_init
FN:94,uvhttp_tls_cleanup
FN:107,uvhttp_tls_context_new
FN:174,uvhttp_tls_context_free
FN:192,uvhttp_tls_context_load_cert_chain
FN:211,uvhttp_tls_context_load_private_key
FN:226,uvhttp_tls_context_load_ca_file
FN:243,uvhttp_tls_context_enable_client_auth
FN:258,uvhttp_tls_context_set_verify_depth
FN:269,uvhttp_tls_context_set_cipher_suites
FN:280,uvhttp_tls_context_enable_session_tickets
FN:297,uvhttp_tls_context_set_session_cache
FN:308,uvhttp_tls_context_set_dh_parameters
FN:326,uvhttp_tls_create_ssl
FN:348,uvhttp_tls_setup_ssl
FN:358,uvhttp_tls_handshake
FN:375,uvhttp_tls_read
FN:393,uvhttp_tls_write
FN:412,uvhttp_tls_verify_peer_cert
FN:421,uvhttp_tls_verify_hostname
FN:467,uvhttp_tls_check_cert_validity
FN:485,uvhttp_tls_get_peer_cert
FN:494,uvhttp_tls_get_cert_subject
FN:504,uvhttp_tls_get_cert_issuer
FN:514,uvhttp_tls_get_cert_serial
FN:525,uvhttp_tls_context_enable_crl_checking
FN:542,uvhttp_tls_load_crl_file
FN:560,uvhttp_tls_context_enable_tls13
FN:577,uvhttp_tls_context_set_tls13_cipher_suites
FN:584,uvhttp_tls_context_enable_early_data
FN:599,uvhttp_tls_context_set_ticket_key
FN:613,uvhttp_tls_context_rotate_ticket_key
FN:624,uvhttp_tls_context_set_ticket_lifetime
FN:637,uvhttp_tls_verify_cert_chain
FN:650,uvhttp_tls_context_add_extra_chain_cert
FN:682,uvhttp_tls_get_cert_chain
FN:700,uvhttp_tls_get_stats
FN:710,uvhttp_tls_reset_stats
FN:719,uvhttp_tls_get_connection_info
FN:739,uvhttp_tls_get_error_string
FN:747,uvhttp_tls_print_error
FNDA:0,uvhttp_tls_context_rotate_ticket_key
FNDA:0,uvhttp_tls_context_enable_client_auth
FNDA:0,uvhttp_tls_cleanup
FNDA:0,uvhttp_tls_context_load_cert_chain
FNDA:0,uvhttp_tls_context_free
FNDA:0,uvhttp_tls_setup_ssl
FNDA:0,uvhttp_tls_get_connection_info
FNDA:0,uvhttp_tls_context_set_ticket_lifetime
FNDA:0,mbedtls_net_send
FNDA:0,uvhttp_tls_context_new
FNDA:0,uvhttp_tls_print_error
FNDA:0,uvhttp_tls_context_set_verify_depth
FNDA:0,uvhttp_tls_context_load_ca_file
FNDA:0,uvhttp_tls_get_cert_issuer
FNDA:0,uvhttp_tls_get_error_string
FNDA:0,uvhttp_tls_get_cert_serial
FNDA:0,uvhttp_tls_get_cert_subject
FNDA:0,uvhttp_tls_verify_cert_chain
FNDA:0,uvhttp_tls_check_cert_validity
FNDA:0,uvhttp_tls_context_enable_early_data
FNDA:0,uvhttp_tls_context_enable_crl_checking
FNDA:0,uvhttp_tls_context_set_tls13_cipher_suites
FNDA:0,uvhttp_tls_verify_peer_cert
FNDA:0,uvhttp_tls_context_set_session_cache
FNDA:0,uvhttp_tls_get_stats
FNDA:0,uvhttp_tls_init
FNDA:0,uvhttp_tls_verify_hostname
FNDA:0,uvhttp_tls_get_peer_cert
FNDA:0,uvhttp_tls_read
FNDA:0,uvhttp_tls_reset_stats
FNDA:0,uvhttp_tls_context_set_dh_parameters
FNDA:0,uvhttp_tls_handshake
FNDA:0,uvhttp_tls_context_set_cipher_suites
FNDA:0,uvhttp_tls_create_ssl
FNDA:0,uvhttp_tls_context_enable_session_tickets
FNDA:0,mbedtls_net_recv
FNDA:0,uvhttp_tls_load_crl_file
FNDA:0,uvhttp_tls_context_set_ticket_key
FNDA:0,uvhttp_tls_context_load_private_key
FNDA:0,uvhttp_tls_write
FNDA:0,uvhttp_tls_context_enable_tls13
FNDA:0,uvhttp_tls_get_cert_chain
FNDA:0,uvhttp_tls_context_add_extra_chain_cert
FNF:43
FNH:0
DA:31,0
DA:32,0
DA:33,0
DA:34,0
DA:35,0
DA:38,0
DA:43,0
DA:44,0
DA:45,0
DA:46,0
DA:47,0
DA:50,0
DA:56,0
DA:58,0
DA:63,0
DA:64,0
DA:69,0
DA:74,0
DA:77,0
DA:80,0
DA:81,0
DA:84,0
DA:85,0
DA:86,0
DA:87,0
DA:90,0
DA:91,0
DA:94,0
DA:95,0
DA:100,0
DA:101,0
DA:103,0
DA:107,0
DA:108,0
DA:112,0
DA:115,0
DA:119,0
DA:120,0
DA:121,0
DA:122,0
DA:123,0
DA:125,0
DA:126,0
DA:128,0
DA:130,0
DA:131,0
DA:132,0
DA:135,0
DA:138,0
DA:139,0
DA:140,0
DA:143,0
DA:167,0
DA:168,0
DA:170,0
DA:171,0
DA:174,0
DA:175,0
DA:179,0
DA:180,0
DA:181,0
DA:182,0
DA:183,0
DA:184,0
DA:185,0
DA:186,0
DA:192,0
DA:194,0
DA:198,0
DA:199,0
DA:203,0
DA:204,0
DA:211,0
DA:213,0
DA:217,0
DA:218,0
DA:219,0
DA:220,0
DA:226,0
DA:228,0
DA:232,0
DA:233,0
DA:237,0
DA:239,0
DA:243,0
DA:245,0
DA:249,0
DA:250,0
DA:252,0
DA:258,0
DA:260,0
DA:261,0
DA:269,0
DA:271,0
DA:275,0
DA:277,0
DA:280,0
DA:282,0
DA:283,0
DA:297,0
DA:299,0
DA:303,0
DA:305,0
DA:308,0
DA:310,0
DA:311,0
DA:326,0
DA:327,0
DA:332,0
DA:336,0
DA:338,0
DA:339,0
DA:340,0
DA:342,0
DA:348,0
DA:349,0
DA:353,0
DA:355,0
DA:358,0
DA:359,0
DA:363,0
DA:364,0
DA:366,0
DA:368,0
DA:369,0
DA:375,0
DA:377,0
DA:381,0
DA:382,0
DA:384,0
DA:386,0
DA:387,0
DA:393,0
DA:395,0
DA:399,0
DA:400,0
DA:402,0
DA:404,0
DA:405,0
DA:412,0
DA:413,0
DA:417,0
DA:418,0
DA:421,0
DA:422,0
DA:428,0
DA:431,0
DA:434,0
DA:435,0
DA:436,0
DA:437,0
DA:441,0
DA:442,0
DA:446,0
DA:450,0
DA:451,0
DA:455,0
DA:457,0
DA:461,0
DA:467,0
DA:468,0
DA:473,0
DA:478,0
DA:485,0
DA:486,0
DA:490,0
DA:491,0
DA:494,0
DA:496,0
DA:500,0
DA:501,0
DA:504,0
DA:506,0
DA:510,0
DA:511,0
DA:514,0
DA:516,0
DA:520,0
DA:521,0
DA:525,0
DA:527,0
DA:532,0
DA:533,0
DA:534,0
DA:536,0
DA:542,0
DA:544,0
DA:548,0
DA:549,0
DA:554,0
DA:556,0
DA:560,0
DA:562,0
DA:566,0
DA:567,0
DA:570,0
DA:577,0
DA:581,0
DA:584,0
DA:586,0
DA:587,0
DA:599,0
DA:602,0
DA:603,0
DA:613,0
DA:614,0
DA:615,0
DA:624,0
DA:626,0
DA:631,0
DA:633,0
DA:637,0
DA:638,0
DA:642,0
DA:643,0
DA:644,0
DA:650,0
DA:652,0
DA:658,0
DA:660,0
DA:661,0
DA:662,0
DA:663,0
DA:667,0
DA:668,0
DA:671,0
DA:672,0
DA:673,0
DA:674,0
DA:679,0
DA:682,0
DA:684,0
DA:689,0
DA:690,0
DA:694,0
DA:696,0
DA:700,0
DA:702,0
DA:706,0
DA:707,0
DA:710,0
DA:711,0
DA:715,0
DA:716,0
DA:719,0
DA:721,0
DA:725,0
DA:726,0
DA:728,0
DA:739,0
DA:740,0
DA:744,0
DA:747,0
DA:749,0
DA:751,0
LF:255
LH:0
end_of_record
TN:
SF:/home/zhaodi-chen/project/uvhttp/src/uvhttp_utils.c
FN:17,uvhttp_safe_strcpy
FN:28,uvhttp_safe_strncpy
FN:60,uvhttp_send_unified_response
FN:106,uvhttp_send_error_response
FN:166,uvhttp_is_valid_status_code
FN:171,uvhttp_is_valid_ip_address
FNDA:104,uvhttp_safe_strncpy
FNDA:0,uvhttp_send_error_response
FNDA:266,uvhttp_safe_strcpy
FNDA:0,uvhttp_is_valid_ip_address
FNDA:0,uvhttp_send_unified_response
FNDA:0,uvhttp_is_valid_status_code
FNF:6
FNH:2
DA:17,266
DA:18,266
DA:22,266
DA:28,104
DA:29,104
DA:33,104
DA:40,0
DA:47,0
DA:60,0
DA:64,0
DA:69,0
DA:74,0
DA:75,0
DA:79,0
DA:84,0
DA:85,0
DA:89,0
DA:90,0
DA:95,0
DA:106,0
DA:111,0
DA:116,0
DA:124,0
DA:128,0
DA:136,0
DA:137,0
DA:142,0
DA:148,0
DA:152,0
DA:153,0
DA:155,0
DA:156,0
DA:166,0
DA:167,0
DA:171,0
DA:172,0
DA:179,0
DA:184,0
LF:38
LH:6
end_of_record
TN:
SF:/home/zhaodi-chen/project/uvhttp/src/uvhttp_version.c
FN:66,uvhttp_get_version_string
FN:70,uvhttp_get_version
FN:82,uvhttp_get_version_int
FN:88,uvhttp_get_build_info
FN:191,uvhttp_is_feature_enabled
FN:255,uvhttp_get_allocator_type
FN:259,uvhttp_get_build_type
FN:267,uvhttp_get_compiler_info
FN:279,uvhttp_get_platform_info
FN:293,uvhttp_print_build_info
FNDA:3,uvhttp_print_build_info
FNDA:3,uvhttp_get_version_int
FNDA:4,uvhttp_get_compiler_info
FNDA:16,uvhttp_get_build_info
FNDA:5,uvhttp_get_build_type
FNDA:4,uvhttp_get_allocator_type
FNDA:4,uvhttp_get_platform_info
FNDA:7,uvhttp_get_version_string
FNDA:8,uvhttp_get_version
FNDA:32,uvhttp_is_feature_enabled
FNF:10
FNH:10
DA:66,7
DA:67,7
DA:70,8
DA:71,8
DA:72,6
DA:74,8
DA:75,6
DA:77,8
DA:78,6
DA:80,8
DA:82,3
DA:83,3
DA:88,16
DA:89,16
DA:96,15
DA:97,15
DA:98,15
DA:100,15
DA:104,15
DA:108,15
DA:109,15
DA:114,15
DA:122,15
DA:133,0
DA:136,0
DA:139,0
DA:142,15
DA:151,15
DA:154,15
DA:156,15
DA:159,15
DA:162,15
DA:163,15
DA:164,15
DA:165,15
DA:176,15
DA:177,15
DA:182,0
DA:183,0
DA:186,15
DA:191,32
DA:192,32
DA:196,31
DA:202,28
DA:208,25
DA:214,22
DA:220,19
DA:226,16
DA:232,13
DA:238,10
DA:244,7
DA:246,4
DA:247,2
DA:255,4
DA:256,4
DA:259,5
DA:261,5
DA:267,4
DA:271,4
DA:279,4
DA:281,4
DA:293,3
DA:295,3
DA:297,0
DA:305,3
DA:306,3
DA:307,3
DA:308,3
DA:309,3
DA:312,3
DA:313,3
DA:314,3
DA:315,3
DA:316,3
DA:319,3
DA:320,3
DA:321,3
DA:322,3
DA:323,3
DA:324,3
DA:325,3
DA:326,3
DA:327,3
DA:330,3
DA:333,3
DA:334,3
DA:335,3
DA:336,3
DA:339,3
DA:340,3
DA:341,3
DA:344,3
DA:345,3
DA:348,3
DA:349,3
LF:95
LH:89
end_of_record
TN:
SF:/home/zhaodi-chen/project/uvhttp/src/uvhttp_websocket.c
FN:38,uvhttp_ws_random_bytes
FN:54,uvhttp_ws_connection_create
FN:95,uvhttp_ws_connection_free
FN:116,uvhttp_ws_parse_frame_header
FN:161,uvhttp_ws_apply_mask
FN:173,uvhttp_ws_build_frame
FN:247,uvhttp_ws_generate_accept
FN:269,uvhttp_ws_verify_accept
FN:283,uvhttp_ws_handshake_server
FN:342,uvhttp_ws_handshake_client
FN:386,uvhttp_ws_verify_handshake_response
FN:460,uvhttp_ws_send_frame
FN:506,uvhttp_ws_send_text
FN:514,uvhttp_ws_send_binary
FN:522,uvhttp_ws_send_ping
FN:530,uvhttp_ws_send_pong
FN:538,uvhttp_ws_close
FN:568,uvhttp_ws_recv_frame
FN:663,uvhttp_ws_process_data
FN:857,uvhttp_ws_set_callbacks
FN:900,websocket_protocol_detector
FN:936,websocket_upgrade_handler
FN:996,uvhttp_server_register_websocket_upgrade
FNDA:0,uvhttp_ws_connection_create
FNDA:0,uvhttp_ws_close
FNDA:0,uvhttp_ws_parse_frame_header
FNDA:0,uvhttp_ws_connection_free
FNDA:0,uvhttp_ws_send_frame
FNDA:0,uvhttp_ws_recv_frame
FNDA:0,uvhttp_ws_handshake_client
FNDA:0,uvhttp_ws_handshake_server
FNDA:0,websocket_upgrade_handler
FNDA:0,uvhttp_ws_send_text
FNDA:0,uvhttp_ws_random_bytes
FNDA:0,uvhttp_ws_send_binary
FNDA:0,uvhttp_ws_set_callbacks
FNDA:0,uvhttp_ws_process_data
FNDA:0,uvhttp_ws_build_frame
FNDA:0,uvhttp_ws_generate_accept
FNDA:0,uvhttp_ws_send_ping
FNDA:0,websocket_protocol_detector
FNDA:0,uvhttp_ws_send_pong
FNDA:0,uvhttp_ws_verify_handshake_response
FNDA:0,uvhttp_server_register_websocket_upgrade
FNDA:0,uvhttp_ws_verify_accept
FNDA:0,uvhttp_ws_apply_mask
FNF:23
FNH:0
DA:38,0
DA:41,0
DA:42,0
DA:54,0
DA:59,0
DA:63,0
DA:64,0
DA:65,0
DA:66,0
DA:69,0
DA:70,0
DA:71,0
DA:72,0
DA:73,0
DA:76,0
DA:77,0
DA:79,0
DA:80,0
DA:84,0
DA:85,0
DA:86,0
DA:95,0
DA:96,0
DA:100,0
DA:104,0
DA:108,0
DA:116,0
DA:119,0
DA:126,0
DA:127,0
DA:128,0
DA:129,0
DA:130,0
DA:133,0
DA:134,0
DA:136,0
DA:139,0
DA:140,0
DA:143,0
DA:144,0
DA:145,0
DA:146,0
DA:149,0
DA:153,0
DA:154,0
DA:161,0
DA:163,0
DA:167,0
DA:168,0
DA:173,0
DA:178,0
DA:183,0
DA:185,0
DA:186,0
DA:189,0
DA:194,0
DA:197,0
DA:198,0
DA:199,0
DA:200,0
DA:201,0
DA:202,0
DA:207,0
DA:208,0
DA:209,0
DA:210,0
DA:211,0
DA:212,0
DA:213,0
DA:214,0
DA:215,0
DA:220,0
DA:222,0
DA:224,0
DA:226,0
DA:227,0
DA:231,0
DA:232,0
DA:233,0
DA:238,0
DA:239,0
DA:243,0
DA:247,0
DA:249,0
DA:259,0
DA:263,0
DA:265,0
DA:269,0
DA:270,0
DA:275,0
DA:279,0
DA:283,0
DA:287,0
DA:294,0
DA:295,0
DA:299,0
DA:302,0
DA:303,0
DA:309,0
DA:310,0
DA:311,0
DA:312,0
DA:314,0
DA:318,0
DA:323,0
DA:331,0
DA:335,0
DA:336,0
DA:338,0
DA:342,0
DA:346,0
DA:352,0
DA:359,0
DA:360,0
DA:363,0
DA:366,0
DA:376,0
DA:380,0
DA:382,0
DA:386,0
DA:389,0
DA:394,0
DA:399,0
DA:404,0
DA:405,0
DA:409,0
DA:412,0
DA:413,0
DA:420,0
DA:421,0
DA:422,0
DA:423,0
DA:425,0
DA:428,0
DA:435,0
DA:438,0
DA:442,0
DA:445,0
DA:448,0
DA:450,0
DA:454,0
DA:456,0
DA:460,0
DA:464,0
DA:469,0
DA:472,0
DA:478,0
DA:479,0
DA:480,0
DA:482,0
DA:487,0
DA:488,0
DA:490,0
DA:495,0
DA:499,0
DA:500,0
DA:502,0
DA:506,0
DA:509,0
DA:514,0
DA:517,0
DA:522,0
DA:525,0
DA:530,0
DA:533,0
DA:538,0
DA:541,0
DA:545,0
DA:549,0
DA:550,0
DA:552,0
DA:553,0
DA:554,0
DA:559,0
DA:563,0
DA:568,0
DA:570,0
DA:580,0
DA:581,0
DA:583,0
DA:586,0
DA:592,0
DA:598,0
DA:599,0
DA:600,0
DA:602,0
DA:605,0
DA:611,0
DA:612,0
DA:613,0
DA:615,0
DA:618,0
DA:624,0
DA:625,0
DA:629,0
DA:630,0
DA:634,0
DA:636,0
DA:637,0
DA:640,0
DA:643,0
DA:644,0
DA:645,0
DA:646,0
DA:650,0
DA:651,0
DA:652,0
DA:656,0
DA:657,0
DA:659,0
DA:663,0
DA:665,0
DA:670,0
DA:675,0
DA:679,0
DA:682,0
DA:683,0
DA:686,0
DA:690,0
DA:692,0
DA:697,0
DA:698,0
DA:702,0
DA:703,0
DA:706,0
DA:707,0
DA:710,0
DA:714,0
DA:721,0
DA:722,0
DA:723,0
DA:726,0
DA:733,0
DA:734,0
DA:736,0
DA:739,0
DA:740,0
DA:745,0
DA:748,0
DA:750,0
DA:752,0
DA:753,0
DA:754,0
DA:756,0
DA:760,0
DA:761,0
DA:762,0
DA:763,0
DA:764,0
DA:767,0
DA:769,0
DA:772,0
DA:774,0
DA:775,0
DA:776,0
DA:777,0
DA:778,0
DA:782,0
DA:784,0
DA:786,0
DA:787,0
DA:788,0
DA:789,0
DA:792,0
DA:793,0
DA:794,0
DA:795,0
DA:798,0
DA:799,0
DA:800,0
DA:804,0
DA:806,0
DA:810,0
DA:811,0
DA:812,0
DA:813,0
DA:817,0
DA:820,0
DA:821,0
DA:830,0
DA:832,0
DA:835,0
DA:836,0
DA:837,0
DA:838,0
DA:845,0
DA:846,0
DA:847,0
DA:850,0
DA:857,0
DA:861,0
DA:865,0
DA:866,0
DA:867,0
DA:900,0
DA:908,0
DA:913,0
DA:914,0
DA:919,0
DA:924,0
DA:930,0
DA:936,0
DA:943,0
DA:944,0
DA:945,0
DA:946,0
DA:948,0
DA:950,0
DA:951,0
DA:955,0
DA:956,0
DA:958,0
DA:963,0
DA:964,0
DA:965,0
DA:967,0
DA:970,0
DA:971,0
DA:974,0
DA:976,0
DA:979,0
DA:980,0
DA:983,0
DA:984,0
DA:996,0
DA:998,0
DA:1002,0
LF:327
LH:0
end_of_record
