TN:
SF:/home/zhaodi-chen/project/uvhttp/benchmark/test_bitfield.c
FN:14,main
FNDA:1,main
FNF:1
FNH:1
DA:14,1
DA:15,1
DA:17,1
DA:20,1
DA:21,1
DA:23,1
DA:24,1
DA:26,1
LF:8
LH:8
end_of_record
TN:
SF:/home/zhaodi-chen/project/uvhttp/include/uvhttp_allocator.h
FN:126,uvhttp_free
FNDA:0,uvhttp_free
FNF:1
FNH:0
DA:114,8815
DA:115,7659
DA:126,6191
DA:127,654
DA:128,4878
DA:140,32
DA:141,32
DA:154,290
DA:155,192
LF:9
LH:9
end_of_record
TN:
SF:/home/zhaodi-chen/project/uvhttp/include/uvhttp_validation.h
FN:64,uvhttp_validate_url_path
FN:92,uvhttp_validate_header_name
FN:116,uvhttp_validate_header_value_safe
FN:141,uvhttp_validate_query_string
FNDA:70,uvhttp_validate_url_path
FNDA:16,uvhttp_validate_query_string
FNDA:434,uvhttp_validate_header_value_safe
FNDA:434,uvhttp_validate_header_name
FNF:4
FNH:4
DA:45,520
DA:47,520
DA:49,520
DA:50,520
DA:64,70
DA:65,70
DA:67,70
DA:70,70
DA:73,64
DA:75,576
DA:76,512
DA:92,434
DA:93,434
DA:95,434
DA:97,5844
DA:98,5410
DA:99,5410
DA:116,434
DA:117,434
DA:119,434
DA:120,434
DA:123,10806
DA:124,10378
DA:125,10378
DA:141,16
DA:142,16
DA:144,16
DA:146,112
DA:147,96
LF:29
LH:29
end_of_record
TN:
SF:/home/zhaodi-chen/project/uvhttp/src/uvhttp_config.c
FN:20,uvhttp_config_new
FN:37,uvhttp_config_free
FN:44,uvhttp_config_set_defaults
FN:90,uvhttp_config_load_file
FN:191,uvhttp_config_save_file
FN:231,uvhttp_config_load_env
FN:274,uvhttp_config_validate
FN:534,uvhttp_config_print
FN:558,uvhttp_config_get_current
FN:570,uvhttp_config_update_max_connections
FN:595,uvhttp_config_update_read_buffer_size
FN:620,uvhttp_config_update_size_limits
FN:654,uvhttp_config_set_current
FNDA:18,uvhttp_config_validate
FNDA:53,uvhttp_config_set_defaults
FNDA:9,uvhttp_config_save_file
FNDA:35,uvhttp_config_new
FNDA:9,uvhttp_config_load_file
FNDA:1100,uvhttp_config_get_current
FNDA:0,uvhttp_config_set_current
FNDA:3,uvhttp_config_update_size_limits
FNDA:6,uvhttp_config_load_env
FNDA:6,uvhttp_config_print
FNDA:36,uvhttp_config_free
FNDA:3,uvhttp_config_update_read_buffer_size
FNDA:3,uvhttp_config_update_max_connections
FNF:13
FNH:12
DA:20,35
DA:21,35
DA:25,32
DA:26,32
DA:32,32
DA:33,32
DA:37,36
DA:38,36
DA:39,30
DA:41,36
DA:44,53
DA:45,53
DA:48,50
DA:49,50
DA:50,50
DA:51,50
DA:52,50
DA:53,50
DA:55,50
DA:56,50
DA:57,50
DA:58,50
DA:60,50
DA:61,50
DA:64,50
DA:65,50
DA:67,50
DA:68,50
DA:71,50
DA:72,50
DA:73,50
DA:76,50
DA:77,50
DA:78,50
DA:82,50
DA:83,50
DA:85,50
DA:90,9
DA:91,9
DA:99,3
DA:100,3
DA:105,57
DA:108,63
DA:109,9
DA:110,54
DA:111,24
DA:114,30
DA:115,30
DA:116,0
DA:118,30
DA:119,30
DA:120,30
DA:123,30
DA:124,0
DA:125,30
DA:126,0
DA:129,30
DA:130,60
DA:131,30
DA:132,30
DA:136,30
DA:137,3
DA:138,3
DA:139,3
DA:140,3
DA:142,3
DA:143,0
DA:146,0
DA:147,0
DA:149,3
DA:150,0
DA:152,0
DA:153,0
DA:155,3
DA:156,27
DA:157,3
DA:158,3
DA:159,3
DA:160,0
DA:162,0
DA:163,0
DA:165,3
DA:166,24
DA:167,3
DA:168,3
DA:169,3
DA:170,0
DA:172,0
DA:173,0
DA:175,3
DA:176,0
DA:179,0
DA:180,0
DA:182,3
DA:186,3
DA:187,3
DA:191,9
DA:193,9
DA:197,3
DA:198,3
DA:204,3
DA:205,3
DA:208,3
DA:209,3
DA:210,3
DA:211,3
DA:212,3
DA:213,3
DA:215,3
DA:216,3
DA:217,3
DA:218,3
DA:220,3
DA:221,6
DA:222,3
DA:223,3
DA:225,3
DA:226,3
DA:227,3
DA:231,6
DA:232,6
DA:237,3
DA:239,3
DA:240,0
DA:241,0
DA:242,0
DA:243,0
DA:245,0
DA:249,3
DA:250,0
DA:251,0
DA:252,0
DA:253,0
DA:255,0
DA:259,3
DA:260,0
DA:261,0
DA:262,0
DA:263,0
DA:265,0
DA:274,18
DA:275,18
DA:302,15
DA:310,12
DA:318,9
DA:327,9
DA:328,9
DA:339,9
DA:340,9
DA:351,9
DA:352,9
DA:363,9
DA:364,9
DA:380,9
DA:394,9
DA:408,9
DA:421,9
DA:434,9
DA:435,9
DA:452,9
DA:466,9
DA:467,9
DA:484,9
DA:485,9
DA:503,9
DA:511,9
DA:512,9
DA:518,9
DA:519,9
DA:534,6
DA:535,6
DA:538,3
DA:539,3
DA:540,3
DA:541,3
DA:542,3
DA:543,3
DA:544,3
DA:546,3
DA:547,3
DA:548,3
DA:549,3
DA:550,3
DA:551,6
DA:552,3
DA:553,3
DA:554,3
DA:558,1100
DA:559,1100
DA:563,0
DA:564,0
DA:566,0
DA:570,3
DA:572,3
DA:575,0
DA:579,0
DA:580,0
DA:582,0
DA:585,0
DA:587,0
DA:588,0
DA:595,3
DA:597,3
DA:600,0
DA:604,0
DA:605,0
DA:607,0
DA:610,0
DA:612,0
DA:613,0
DA:620,3
DA:623,3
DA:626,0
DA:629,0
DA:633,0
DA:634,0
DA:636,0
DA:639,0
DA:641,0
DA:643,0
DA:645,0
DA:646,0
DA:647,0
DA:654,0
DA:656,0
DA:657,0
DA:659,0
LF:227
LH:162
end_of_record
TN:
SF:/home/zhaodi-chen/project/uvhttp/src/uvhttp_connection.c
FN:54,on_alloc_buffer
FN:74,on_read
FN:141,uvhttp_connection_restart_read
FN:261,uvhttp_connection_new
FN:378,uvhttp_connection_free
FN:402,uvhttp_connection_start
FN:429,on_handle_close
FN:449,uvhttp_connection_close
FN:480,uvhttp_connection_set_state
FN:487,uvhttp_connection_tls_handshake_func
FN:493,uvhttp_connection_tls_write
FN:505,on_idle_restart_read
FN:527,uvhttp_connection_schedule_restart_read
FN:550,on_websocket_read
FN:587,on_websocket_close
FN:617,on_websocket_error
FN:643,on_websocket_message
FN:677,uvhttp_connection_handle_websocket_handshake
FN:807,uvhttp_connection_switch_to_websocket
FN:830,uvhttp_connection_websocket_close
FN:855,connection_timeout_cb
FN:879,uvhttp_connection_start_timeout
FN:906,uvhttp_connection_start_timeout_custom
FNDA:0,uvhttp_connection_websocket_close
FNDA:593,on_alloc_buffer
FNDA:8,uvhttp_connection_tls_write
FNDA:0,on_websocket_error
FNDA:28,uvhttp_connection_start_timeout_custom
FNDA:593,on_read
FNDA:1779,on_handle_close
FNDA:4,uvhttp_connection_tls_handshake_func
FNDA:597,uvhttp_connection_close
FNDA:0,on_websocket_message
FNDA:0,on_websocket_close
FNDA:0,on_websocket_read
FNDA:1140,uvhttp_connection_new
FNDA:4,uvhttp_connection_restart_read
FNDA:1104,uvhttp_connection_start_timeout
FNDA:0,uvhttp_connection_switch_to_websocket
FNDA:8,uvhttp_connection_handle_websocket_handshake
FNDA:4,uvhttp_connection_schedule_restart_read
FNDA:0,on_idle_restart_read
FNDA:16,uvhttp_connection_set_state
FNDA:1104,uvhttp_connection_start
FNDA:0,connection_timeout_cb
FNDA:625,uvhttp_connection_free
FNF:23
FNH:15
DA:54,593
DA:56,593
DA:57,593
DA:58,593
DA:59,0
DA:60,0
DA:61,0
DA:64,593
DA:66,593
DA:67,593
DA:74,593
DA:75,593
DA:76,593
DA:81,593
DA:82,593
DA:83,0
DA:86,593
DA:87,593
DA:90,0
DA:95,0
DA:96,0
DA:97,0
DA:98,0
DA:102,0
DA:103,0
DA:105,0
DA:106,0
DA:110,0
DA:111,0
DA:112,0
DA:113,0
DA:115,0
DA:117,0
DA:118,0
DA:119,0
DA:121,0
DA:123,0
DA:125,0
DA:126,0
DA:133,0
DA:137,0
DA:141,4
DA:142,4
DA:143,0
DA:148,0
DA:153,0
DA:175,0
DA:176,0
DA:177,0
DA:178,0
DA:179,0
DA:180,0
DA:181,0
DA:182,0
DA:183,0
DA:186,0
DA:192,0
DA:193,0
DA:194,0
DA:195,0
DA:207,0
DA:208,0
DA:209,0
DA:210,0
DA:211,0
DA:212,0
DA:213,0
DA:214,0
DA:215,0
DA:216,0
DA:219,0
DA:220,0
DA:221,0
DA:225,0
DA:226,0
DA:227,0
DA:228,0
DA:229,0
DA:230,0
DA:231,0
DA:232,0
DA:235,0
DA:238,0
DA:241,0
DA:244,0
DA:245,0
DA:249,0
DA:261,1140
DA:263,1140
DA:267,1124
DA:270,1124
DA:271,1124
DA:275,1124
DA:277,1124
DA:278,1124
DA:279,1124
DA:280,1124
DA:283,1124
DA:284,0
DA:285,0
DA:287,1124
DA:290,1124
DA:291,0
DA:292,0
DA:294,1124
DA:297,1124
DA:298,1124
DA:299,1124
DA:300,1124
DA:301,1124
DA:302,1124
DA:303,1124
DA:304,1124
DA:307,1124
DA:308,1124
DA:309,1124
DA:312,1124
DA:316,0
DA:317,0
DA:319,1124
DA:325,1124
DA:326,1124
DA:327,1124
DA:328,0
DA:329,0
DA:331,1124
DA:334,1124
DA:335,1124
DA:336,0
DA:337,0
DA:338,0
DA:342,1124
DA:343,0
DA:344,0
DA:345,0
DA:346,0
DA:349,1124
DA:350,1124
DA:351,0
DA:352,0
DA:353,0
DA:354,0
DA:355,0
DA:359,1124
DA:360,0
DA:361,0
DA:362,0
DA:363,0
DA:364,0
DA:365,0
DA:369,1124
DA:370,1124
DA:371,1124
DA:374,1124
DA:375,1124
DA:378,625
DA:379,625
DA:384,617
DA:385,617
DA:386,617
DA:389,617
DA:390,617
DA:391,617
DA:394,617
DA:395,617
DA:399,617
DA:402,1104
DA:403,1104
DA:408,1100
DA:410,0
DA:411,0
DA:412,0
DA:414,1100
DA:417,1100
DA:418,0
DA:419,0
DA:420,0
DA:421,0
DA:429,1779
DA:430,1779
DA:431,1779
DA:436,1779
DA:439,1779
DA:441,593
DA:442,593
DA:445,593
DA:449,597
DA:450,597
DA:454,593
DA:457,593
DA:460,593
DA:461,593
DA:462,593
DA:463,593
DA:467,593
DA:468,593
DA:469,593
DA:470,593
DA:474,593
DA:475,593
DA:476,593
DA:480,1709
DA:482,16
DA:483,1709
DA:485,16
DA:487,4
DA:489,4
DA:490,4
DA:493,8
DA:496,8
DA:497,8
DA:498,8
DA:499,8
DA:505,0
DA:506,0
DA:507,0
DA:512,0
DA:515,0
DA:520,0
DA:522,0
DA:527,4
DA:529,4
DA:534,0
DA:536,0
DA:537,0
DA:539,0
DA:550,0
DA:552,0
DA:553,0
DA:557,0
DA:558,0
DA:559,0
DA:561,0
DA:562,0
DA:565,0
DA:570,0
DA:572,0
DA:573,0
DA:574,0
DA:575,0
DA:576,0
DA:587,0
DA:589,0
DA:594,0
DA:595,0
DA:600,0
DA:601,0
DA:602,0
DA:603,0
DA:608,0
DA:609,0
DA:611,0
DA:612,0
DA:613,0
DA:617,0
DA:619,0
DA:623,0
DA:626,0
DA:627,0
DA:629,0
DA:630,0
DA:631,0
DA:632,0
DA:633,0
DA:635,0
DA:643,0
DA:645,0
DA:650,0
DA:651,0
DA:652,0
DA:656,0
DA:658,0
DA:662,0
DA:663,0
DA:664,0
DA:665,0
DA:677,8
DA:679,8
DA:684,0
DA:685,0
DA:692,0
DA:693,0
DA:694,0
DA:695,0
DA:697,0
DA:701,0
DA:702,0
DA:704,0
DA:705,0
DA:706,0
DA:707,0
DA:708,0
DA:709,0
DA:710,0
DA:712,0
DA:714,0
DA:716,0
DA:721,0
DA:723,0
DA:730,0
DA:731,0
DA:732,0
DA:735,0
DA:736,0
DA:741,0
DA:742,0
DA:749,0
DA:750,0
DA:751,0
DA:757,0
DA:758,0
DA:761,0
DA:762,0
DA:763,0
DA:764,0
DA:765,0
DA:767,0
DA:768,0
DA:771,0
DA:774,0
DA:778,0
DA:779,0
DA:782,0
DA:783,0
DA:784,0
DA:785,0
DA:787,0
DA:788,0
DA:793,0
DA:796,0
DA:797,0
DA:807,0
DA:808,0
DA:813,0
DA:816,0
DA:819,0
DA:821,0
DA:822,0
DA:823,0
DA:826,0
DA:830,0
DA:831,0
DA:836,0
DA:837,0
DA:842,0
DA:843,0
DA:844,0
DA:847,0
DA:850,0
DA:855,0
DA:856,0
DA:857,0
DA:862,0
DA:863,0
DA:864,0
DA:868,0
DA:869,0
DA:874,0
DA:875,0
DA:879,1104
DA:880,1104
DA:885,1100
DA:886,1100
DA:890,1100
DA:891,1100
DA:892,0
DA:896,1100
DA:898,0
DA:899,0
DA:906,28
DA:908,28
DA:913,0
DA:921,0
DA:928,0
DA:929,0
DA:933,0
DA:934,0
DA:935,0
DA:936,0
LF:379
LH:122
end_of_record
TN:
SF:/home/zhaodi-chen/project/uvhttp/src/uvhttp_context.c
FN:42,uvhttp_context_create
FN:63,uvhttp_context_destroy
FN:78,uvhttp_context_init
FN:105,uvhttp_context_init_tls
FN:153,uvhttp_context_cleanup_tls
FN:175,uvhttp_context_init_websocket
FN:222,uvhttp_context_cleanup_websocket
FN:244,uvhttp_context_init_config
FN:267,uvhttp_context_cleanup_config
FNDA:14,uvhttp_context_init_websocket
FNDA:36,uvhttp_context_destroy
FNDA:0,uvhttp_context_init
FNDA:33,uvhttp_context_create
FNDA:47,uvhttp_context_cleanup_websocket
FNDA:2,uvhttp_context_init_tls
FNDA:33,uvhttp_context_cleanup_tls
FNDA:0,uvhttp_context_init_config
FNDA:33,uvhttp_context_cleanup_config
FNF:9
FNH:7
DA:42,33
DA:44,33
DA:48,33
DA:49,33
DA:50,33
DA:54,33
DA:56,33
DA:57,33
DA:59,33
DA:60,33
DA:63,36
DA:64,36
DA:69,33
DA:70,33
DA:71,33
DA:75,33
DA:78,0
DA:79,0
DA:84,0
DA:92,0
DA:95,0
DA:96,0
DA:97,0
DA:99,0
DA:105,2
DA:106,2
DA:111,2
DA:116,2
DA:117,2
DA:120,2
DA:123,2
DA:124,2
DA:125,0
DA:126,0
DA:128,0
DA:130,2
DA:133,4
DA:134,2
DA:137,2
DA:138,0
DA:139,0
DA:140,0
DA:141,0
DA:142,0
DA:143,0
DA:144,0
DA:147,2
DA:149,2
DA:153,33
DA:154,33
DA:159,2
DA:160,2
DA:161,2
DA:162,2
DA:165,2
DA:166,2
DA:167,2
DA:168,2
DA:171,2
DA:175,14
DA:176,14
DA:181,14
DA:186,14
DA:187,14
DA:190,14
DA:193,14
DA:194,14
DA:195,0
DA:196,0
DA:197,0
DA:198,0
DA:200,14
DA:203,28
DA:204,14
DA:206,14
DA:207,0
DA:208,0
DA:209,0
DA:210,0
DA:211,0
DA:212,0
DA:213,0
DA:216,14
DA:218,14
DA:222,47
DA:223,47
DA:228,14
DA:229,14
DA:230,14
DA:231,14
DA:234,14
DA:235,14
DA:236,14
DA:237,14
DA:240,14
DA:244,0
DA:245,0
DA:250,0
DA:255,0
DA:256,0
DA:257,0
DA:261,0
DA:263,0
DA:267,33
DA:268,33
DA:272,33
DA:274,0
DA:275,0
LF:108
LH:69
end_of_record
TN:
SF:/home/zhaodi-chen/project/uvhttp/src/uvhttp_error.c
FN:15,uvhttp_log_error
FN:22,uvhttp_error_string
FN:106,uvhttp_error_category_string
FN:202,uvhttp_error_description
FN:499,uvhttp_error_suggestion
FN:795,uvhttp_error_is_recoverable
FNDA:202,uvhttp_error_string
FNDA:0,uvhttp_log_error
FNDA:57,uvhttp_error_category_string
FNDA:30,uvhttp_error_is_recoverable
FNDA:21,uvhttp_error_suggestion
FNDA:24,uvhttp_error_description
FNF:6
FNH:5
DA:15,0
DA:16,0
DA:17,0
DA:20,0
DA:22,202
DA:23,202
DA:28,93
DA:29,93
DA:30,18
DA:31,18
DA:32,9
DA:33,9
DA:34,0
DA:35,0
DA:38,9
DA:39,9
DA:40,7
DA:41,7
DA:42,0
DA:43,0
DA:44,0
DA:45,0
DA:48,9
DA:49,9
DA:50,0
DA:51,0
DA:52,0
DA:53,0
DA:54,0
DA:55,0
DA:58,3
DA:59,3
DA:60,0
DA:61,0
DA:62,3
DA:63,3
DA:66,3
DA:67,3
DA:68,0
DA:69,0
DA:70,3
DA:71,3
DA:74,3
DA:75,3
DA:76,0
DA:77,0
DA:80,0
DA:81,0
DA:82,0
DA:83,0
DA:86,3
DA:87,3
DA:88,3
DA:89,3
DA:90,3
DA:91,3
DA:93,3
DA:94,3
DA:95,3
DA:96,3
DA:98,21
DA:100,21
DA:106,57
DA:108,57
DA:115,57
DA:122,45
DA:129,39
DA:136,33
DA:143,27
DA:150,21
DA:157,15
DA:164,15
DA:171,9
DA:178,9
DA:185,3
DA:192,3
DA:194,0
DA:202,24
DA:204,24
DA:212,6
DA:214,6
DA:216,3
DA:218,3
DA:220,0
DA:222,0
DA:224,0
DA:226,0
DA:228,0
DA:230,0
DA:232,0
DA:234,0
DA:236,0
DA:238,0
DA:240,0
DA:242,0
DA:246,3
DA:248,3
DA:250,0
DA:252,0
DA:254,0
DA:256,0
DA:258,0
DA:260,0
DA:262,0
DA:264,0
DA:266,0
DA:268,0
DA:270,0
DA:272,0
DA:276,0
DA:278,0
DA:280,0
DA:282,0
DA:284,0
DA:286,0
DA:288,0
DA:290,0
DA:292,0
DA:294,0
DA:296,3
DA:298,3
DA:300,0
DA:302,0
DA:304,0
DA:306,0
DA:310,0
DA:312,0
DA:314,0
DA:316,0
DA:318,0
DA:320,0
DA:322,0
DA:324,0
DA:326,0
DA:328,0
DA:330,0
DA:332,0
DA:334,0
DA:336,0
DA:338,0
DA:340,0
DA:342,0
DA:344,0
DA:346,0
DA:348,0
DA:352,0
DA:354,0
DA:356,0
DA:358,0
DA:360,3
DA:362,3
DA:364,0
DA:366,0
DA:368,0
DA:370,0
DA:372,0
DA:374,0
DA:376,0
DA:378,0
DA:380,0
DA:382,0
DA:386,0
DA:388,0
DA:390,0
DA:392,0
DA:394,0
DA:396,0
DA:398,0
DA:400,0
DA:402,0
DA:404,0
DA:408,0
DA:410,0
DA:412,0
DA:414,0
DA:416,0
DA:418,0
DA:422,0
DA:424,0
DA:426,0
DA:428,0
DA:430,0
DA:432,0
DA:434,0
DA:436,0
DA:438,0
DA:440,0
DA:442,0
DA:444,0
DA:446,0
DA:448,0
DA:450,0
DA:452,0
DA:456,0
DA:457,0
DA:459,0
DA:461,0
DA:463,0
DA:465,0
DA:467,0
DA:469,0
DA:475,0
DA:477,0
DA:479,0
DA:481,0
DA:483,0
DA:485,0
DA:487,0
DA:489,0
DA:491,3
DA:493,3
DA:499,21
DA:501,21
DA:509,6
DA:511,6
DA:513,3
DA:515,3
DA:517,0
DA:519,0
DA:521,0
DA:523,0
DA:525,0
DA:527,0
DA:529,0
DA:531,0
DA:533,3
DA:535,3
DA:537,0
DA:539,0
DA:543,0
DA:545,0
DA:547,0
DA:549,0
DA:551,0
DA:553,0
DA:555,0
DA:557,0
DA:559,0
DA:561,0
DA:563,0
DA:565,0
DA:567,0
DA:569,0
DA:573,0
DA:575,0
DA:577,0
DA:579,0
DA:581,0
DA:583,0
DA:585,0
DA:587,0
DA:589,0
DA:591,0
DA:593,3
DA:595,3
DA:597,0
DA:599,0
DA:601,0
DA:603,0
DA:607,0
DA:609,0
DA:611,0
DA:613,0
DA:615,0
DA:617,0
DA:619,0
DA:621,0
DA:623,0
DA:625,0
DA:627,0
DA:629,0
DA:631,0
DA:633,0
DA:635,0
DA:637,0
DA:639,0
DA:641,0
DA:643,0
DA:645,0
DA:649,0
DA:651,0
DA:653,0
DA:655,0
DA:657,0
DA:659,0
DA:661,0
DA:663,0
DA:665,0
DA:667,0
DA:669,0
DA:671,0
DA:673,0
DA:675,0
DA:677,0
DA:679,0
DA:683,0
DA:685,0
DA:687,0
DA:689,0
DA:691,0
DA:693,0
DA:695,0
DA:697,0
DA:699,0
DA:701,0
DA:705,0
DA:707,0
DA:709,0
DA:711,0
DA:713,0
DA:715,0
DA:719,0
DA:721,0
DA:723,0
DA:725,0
DA:727,0
DA:729,0
DA:731,0
DA:733,0
DA:735,0
DA:737,0
DA:739,0
DA:741,0
DA:743,0
DA:745,0
DA:747,0
DA:749,0
DA:753,0
DA:754,0
DA:756,0
DA:758,0
DA:760,0
DA:762,0
DA:764,0
DA:766,0
DA:772,0
DA:774,0
DA:776,0
DA:778,0
DA:780,0
DA:782,0
DA:784,0
DA:786,0
DA:788,3
DA:790,3
DA:795,30
DA:796,30
LF:347
LH:78
end_of_record
TN:
SF:/home/zhaodi-chen/project/uvhttp/src/uvhttp_error_helpers.c
FN:24,contains_sensitive_info
FN:45,uvhttp_handle_memory_failure
FN:57,uvhttp_handle_write_error
FN:76,uvhttp_log_safe_error
FN:93,uvhttp_sanitize_error_message
FNDA:12,uvhttp_handle_memory_failure
FNDA:60,contains_sensitive_info
FNDA:12,uvhttp_log_safe_error
FNDA:18,uvhttp_handle_write_error
FNDA:69,uvhttp_sanitize_error_message
FNF:5
FNH:5
DA:24,60
DA:25,60
DA:28,60
DA:29,60
DA:30,60
DA:33,1317
DA:34,1257
DA:37,453
DA:38,414
DA:45,12
DA:48,12
DA:49,12
DA:52,12
DA:53,3
DA:55,12
DA:57,18
DA:59,18
DA:60,3
DA:62,15
DA:63,15
DA:65,15
DA:69,15
DA:72,15
DA:73,15
DA:76,12
DA:78,12
DA:79,12
DA:81,12
DA:86,12
DA:90,12
DA:91,12
DA:93,69
DA:96,69
DA:101,60
DA:102,21
DA:103,21
DA:107,39
DA:110,39
DA:111,3
DA:112,3
DA:113,36
DA:114,3
DA:115,3
DA:116,3
DA:118,33
DA:119,33
LF:46
LH:46
end_of_record
TN:
SF:/home/zhaodi-chen/project/uvhttp/src/uvhttp_lru_cache.c
FN:23,uvhttp_lru_cache_create
FN:70,free_cache_entry
FN:83,uvhttp_lru_cache_free
FN:101,uvhttp_lru_cache_find
FN:145,uvhttp_lru_cache_move_to_head
FN:207,uvhttp_lru_cache_remove_tail
FN:234,get_current_time
FN:238,uvhttp_lru_cache_is_expired
FN:252,uvhttp_lru_cache_put
FN:451,uvhttp_lru_cache_remove
FN:505,uvhttp_lru_cache_clear
FN:539,uvhttp_lru_cache_get_stats
FN:563,uvhttp_lru_cache_reset_stats
FN:577,uvhttp_lru_cache_cleanup_expired
FN:643,uvhttp_lru_cache_get_hit_rate
FNDA:0,uvhttp_lru_cache_get_hit_rate
FNDA:78,uvhttp_lru_cache_move_to_head
FNDA:52,uvhttp_lru_cache_free
FNDA:6,uvhttp_lru_cache_is_expired
FNDA:6,uvhttp_lru_cache_reset_stats
FNDA:72,free_cache_entry
FNDA:12,uvhttp_lru_cache_remove
FNDA:0,get_current_time
FNDA:9,uvhttp_lru_cache_cleanup_expired
FNDA:58,uvhttp_lru_cache_create
FNDA:58,uvhttp_lru_cache_clear
FNDA:21,uvhttp_lru_cache_find
FNDA:12,uvhttp_lru_cache_get_stats
FNDA:78,uvhttp_lru_cache_put
FNDA:12,uvhttp_lru_cache_remove_tail
FNF:15
FNH:13
DA:23,58
DA:25,58
DA:29,58
DA:35,55
DA:41,52
DA:47,49
DA:48,49
DA:49,0
DA:50,0
DA:51,0
DA:54,49
DA:55,49
DA:56,49
DA:57,49
DA:58,49
DA:62,49
DA:63,49
DA:64,49
DA:70,72
DA:71,72
DA:74,72
DA:75,72
DA:77,72
DA:83,52
DA:84,52
DA:87,49
DA:90,49
DA:94,49
DA:95,52
DA:101,21
DA:103,21
DA:110,15
DA:112,15
DA:116,33
DA:118,12
DA:120,6
DA:121,0
DA:123,0
DA:124,0
DA:125,0
DA:129,6
DA:130,6
DA:131,6
DA:132,6
DA:134,6
DA:137,9
DA:138,9
DA:139,9
DA:145,78
DA:147,78
DA:151,78
DA:155,72
DA:157,51
DA:158,51
DA:160,51
DA:161,51
DA:164,51
DA:167,51
DA:168,0
DA:170,51
DA:174,21
DA:175,0
DA:178,21
DA:181,21
DA:182,0
DA:185,21
DA:189,21
DA:190,21
DA:192,21
DA:193,0
DA:196,21
DA:199,21
DA:200,21
DA:207,12
DA:208,12
DA:211,12
DA:214,12
DA:216,12
DA:217,12
DA:220,0
DA:224,12
DA:225,12
DA:227,12
DA:234,0
DA:235,0
DA:238,6
DA:239,6
DA:241,6
DA:245,6
DA:246,6
DA:252,78
DA:257,78
DA:265,72
DA:272,72
DA:278,72
DA:280,72
DA:286,72
DA:287,144
DA:289,72
DA:291,72
DA:292,168
DA:293,84
DA:294,78
DA:297,12
DA:305,24
DA:306,24
DA:307,18
DA:308,18
DA:309,18
DA:310,12
DA:312,12
DA:313,12
DA:316,12
DA:320,12
DA:323,12
DA:324,12
DA:325,12
DA:326,12
DA:329,12
DA:333,12
DA:334,84
DA:340,72
DA:341,72
DA:347,72
DA:348,123
DA:350,51
DA:352,0
DA:355,0
DA:358,0
DA:361,72
DA:362,72
DA:363,0
DA:365,0
DA:366,0
DA:369,72
DA:372,72
DA:373,0
DA:375,0
DA:376,0
DA:379,72
DA:380,72
DA:383,72
DA:384,72
DA:387,72
DA:388,72
DA:390,72
DA:394,72
DA:395,72
DA:396,0
DA:398,0
DA:400,0
DA:401,0
DA:402,0
DA:404,0
DA:406,72
DA:407,72
DA:410,72
DA:411,72
DA:412,72
DA:413,72
DA:414,72
DA:415,72
DA:418,72
DA:419,72
DA:420,72
DA:422,0
DA:424,0
DA:428,72
DA:429,72
DA:430,72
DA:432,0
DA:436,72
DA:439,72
DA:441,72
DA:445,72
DA:451,12
DA:453,12
DA:460,6
DA:464,6
DA:465,9
DA:467,3
DA:474,3
DA:477,3
DA:478,0
DA:480,3
DA:483,3
DA:484,0
DA:486,3
DA:490,3
DA:491,3
DA:493,3
DA:497,3
DA:499,3
DA:505,58
DA:506,58
DA:509,55
DA:515,55
DA:516,55
DA:518,55
DA:519,203
DA:520,54
DA:521,54
DA:522,54
DA:523,54
DA:526,55
DA:527,55
DA:528,55
DA:529,55
DA:530,55
DA:532,58
DA:539,12
DA:543,12
DA:548,12
DA:549,12
DA:550,12
DA:551,12
DA:552,12
DA:553,12
DA:554,12
DA:555,12
DA:556,12
DA:557,12
DA:563,6
DA:564,6
DA:569,3
DA:570,3
DA:571,3
DA:577,9
DA:578,9
DA:581,6
DA:587,6
DA:588,6
DA:589,6
DA:591,6
DA:592,9
DA:593,3
DA:595,3
DA:596,3
DA:601,3
DA:604,3
DA:605,0
DA:607,3
DA:610,3
DA:611,0
DA:613,3
DA:617,3
DA:618,3
DA:619,3
DA:620,3
DA:623,3
DA:643,0
DA:644,0
DA:651,0
DA:652,0
DA:654,0
DA:657,0
LF:256
LH:214
end_of_record
TN:
SF:/home/zhaodi-chen/project/uvhttp/src/uvhttp_request.c
FN:65,uvhttp_request_init
FN:116,uvhttp_request_cleanup
FN:137,on_message_begin
FN:153,on_url
FN:179,on_header_field
FN:205,on_header_value
FN:253,on_body
FN:291,is_client_whitelisted
FN:313,check_rate_limit_whitelist
FN:340,handle_websocket_handshake_request
FN:386,ensure_valid_url
FN:397,on_message_complete
FN:478,is_websocket_handshake
FN:504,uvhttp_request_get_method
FN:541,uvhttp_request_get_url
FN:547,uvhttp_request_get_header
FN:584,uvhttp_request_get_body
FN:590,uvhttp_request_get_body_length
FN:596,uvhttp_request_get_path
FN:630,uvhttp_request_get_query_string
FN:646,uvhttp_request_get_query_param
FN:694,uvhttp_request_get_client_ip
FN:754,uvhttp_request_free
FN:766,uvhttp_request_get_header_count
FN:774,uvhttp_request_get_header_at
FN:794,uvhttp_request_add_header
FN:867,uvhttp_request_foreach_header
FNDA:0,handle_websocket_handshake_request
FNDA:272,uvhttp_request_get_method
FNDA:1035,uvhttp_request_cleanup
FNDA:0,is_client_whitelisted
FNDA:0,on_url
FNDA:0,check_rate_limit_whitelist
FNDA:240,uvhttp_request_get_query_param
FNDA:0,is_websocket_handshake
FNDA:0,uvhttp_request_add_header
FNDA:212,uvhttp_request_free
FNDA:0,on_body
FNDA:0,on_header_value
FNDA:220,uvhttp_request_get_body
FNDA:218,uvhttp_request_get_body_length
FNDA:0,ensure_valid_url
FNDA:0,uvhttp_request_get_header_count
FNDA:0,uvhttp_request_foreach_header
FNDA:0,on_message_complete
FNDA:222,uvhttp_request_get_url
FNDA:0,on_message_begin
FNDA:40,uvhttp_request_get_header_at
FNDA:326,uvhttp_request_get_path
FNDA:1134,uvhttp_request_init
FNDA:220,uvhttp_request_get_client_ip
FNDA:0,on_header_field
FNDA:240,uvhttp_request_get_query_string
FNDA:272,uvhttp_request_get_header
FNF:27
FNH:13
DA:65,1134
DA:67,1134
DA:71,1130
DA:73,1130
DA:74,1130
DA:75,1130
DA:78,1130
DA:79,1130
DA:82,1130
DA:84,1130
DA:85,1130
DA:86,0
DA:87,0
DA:91,1130
DA:92,1130
DA:93,1130
DA:94,1130
DA:95,1130
DA:96,1130
DA:98,1130
DA:101,1130
DA:104,1130
DA:105,1130
DA:106,1130
DA:107,0
DA:108,0
DA:109,0
DA:111,1130
DA:113,1130
DA:116,1035
DA:117,1035
DA:121,827
DA:122,825
DA:124,827
DA:125,825
DA:127,827
DA:128,825
DA:130,827
DA:131,0
DA:132,0
DA:137,0
DA:139,0
DA:140,0
DA:146,0
DA:147,0
DA:148,0
DA:150,0
DA:153,0
DA:155,0
DA:156,0
DA:162,0
DA:168,0
DA:173,0
DA:174,0
DA:176,0
DA:179,0
DA:181,0
DA:182,0
DA:188,0
DA:189,0
DA:192,0
DA:199,0
DA:200,0
DA:202,0
DA:205,0
DA:207,0
DA:208,0
DA:213,0
DA:218,0
DA:223,0
DA:224,0
DA:225,0
DA:228,0
DA:229,0
DA:231,0
DA:232,0
DA:233,0
DA:236,0
DA:237,0
DA:241,0
DA:247,0
DA:248,0
DA:250,0
DA:253,0
DA:254,0
DA:255,0
DA:260,0
DA:262,0
DA:263,0
DA:268,0
DA:273,0
DA:274,0
DA:278,0
DA:279,0
DA:283,0
DA:284,0
DA:286,0
DA:291,0
DA:292,0
DA:293,0
DA:297,0
DA:298,0
DA:299,0
DA:304,0
DA:305,0
DA:307,0
DA:308,0
DA:309,0
DA:313,0
DA:314,0
DA:318,0
DA:322,0
DA:323,0
DA:324,0
DA:326,0
DA:328,0
DA:331,0
DA:332,0
DA:340,0
DA:341,0
DA:342,0
DA:343,0
DA:344,0
DA:345,0
DA:347,0
DA:349,0
DA:350,0
DA:353,0
DA:354,0
DA:356,0
DA:359,0
DA:360,0
DA:361,0
DA:362,0
DA:364,0
DA:367,0
DA:368,0
DA:371,0
DA:373,0
DA:375,0
DA:376,0
DA:377,0
DA:379,0
DA:386,0
DA:387,0
DA:388,0
DA:389,0
DA:391,0
DA:397,0
DA:399,0
DA:403,0
DA:404,0
DA:409,0
DA:414,0
DA:415,0
DA:416,0
DA:420,0
DA:426,0
DA:427,0
DA:431,0
DA:432,0
DA:434,0
DA:435,0
DA:436,0
DA:438,0
DA:439,0
DA:440,0
DA:442,0
DA:444,0
DA:446,0
DA:447,0
DA:448,0
DA:451,0
DA:454,0
DA:457,0
DA:458,0
DA:460,0
DA:462,0
DA:466,0
DA:467,0
DA:469,0
DA:471,0
DA:478,0
DA:479,0
DA:480,0
DA:481,0
DA:482,0
DA:483,0
DA:484,0
DA:487,0
DA:492,0
DA:497,0
DA:498,0
DA:504,272
DA:505,272
DA:509,64
DA:510,64
DA:514,8
DA:515,8
DA:516,8
DA:517,8
DA:518,8
DA:519,8
DA:520,8
DA:521,8
DA:522,8
DA:523,8
DA:524,8
DA:525,8
DA:526,8
DA:527,8
DA:528,8
DA:529,8
DA:530,8
DA:531,8
DA:534,2
DA:535,2
DA:538,56
DA:541,222
DA:542,222
DA:544,14
DA:547,272
DA:550,272
DA:555,54
DA:556,54
DA:561,658
DA:562,612
DA:564,612
DA:565,66
DA:571,60
DA:572,40
DA:573,40
DA:575,26
DA:576,26
DA:584,220
DA:585,220
DA:587,10
DA:590,218
DA:591,218
DA:593,10
DA:596,326
DA:597,326
DA:601,111
DA:602,111
DA:604,111
DA:606,64
DA:607,64
DA:610,64
DA:616,64
DA:617,64
DA:620,64
DA:630,240
DA:631,240
DA:635,32
DA:636,32
DA:639,16
DA:640,0
DA:646,240
DA:648,240
DA:652,22
DA:653,22
DA:658,12
DA:659,12
DA:661,14
DA:662,14
DA:663,10
DA:664,10
DA:666,10
DA:667,10
DA:669,10
DA:670,4
DA:672,6
DA:675,10
DA:679,10
DA:680,10
DA:682,10
DA:685,4
DA:686,4
DA:688,2
DA:694,220
DA:695,220
DA:700,12
DA:701,12
DA:702,12
DA:704,6
DA:705,6
DA:706,6
DA:708,6
DA:709,2
DA:711,4
DA:714,6
DA:718,6
DA:719,6
DA:720,6
DA:724,6
DA:725,6
DA:726,6
DA:731,4
DA:732,0
DA:733,0
DA:735,0
DA:737,0
DA:739,0
DA:740,0
DA:741,0
DA:742,0
DA:743,0
DA:744,0
DA:745,0
DA:746,0
DA:754,212
DA:755,212
DA:759,4
DA:760,4
DA:766,0
DA:767,0
DA:770,0
DA:774,40
DA:776,40
DA:781,38
DA:782,38
DA:786,0
DA:787,0
DA:794,0
DA:797,0
DA:802,0
DA:805,0
DA:806,0
DA:809,0
DA:814,0
DA:819,0
DA:820,0
DA:822,0
DA:823,0
DA:824,0
DA:829,0
DA:830,0
DA:833,0
DA:834,0
DA:838,0
DA:839,0
DA:840,0
DA:845,0
DA:846,0
DA:849,0
DA:850,0
DA:853,0
DA:854,0
DA:857,0
DA:858,0
DA:861,0
DA:863,0
DA:867,0
DA:870,0
DA:874,0
DA:875,0
DA:876,0
DA:877,0
LF:358
LH:145
end_of_record
TN:
SF:/home/zhaodi-chen/project/uvhttp/src/uvhttp_response.c
FN:27,get_status_text
FN:59,contains_control_chars
FN:81,build_response_headers
FN:165,uvhttp_response_init
FN:189,uvhttp_response_cleanup
FN:207,uvhttp_response_set_status
FN:223,uvhttp_response_set_header
FN:318,uvhttp_response_set_body
FN:362,uvhttp_send_response_data
FN:419,uvhttp_free_write_data
FN:454,uvhttp_response_build_data
FN:535,uvhttp_response_send_raw
FN:613,uvhttp_response_send
FN:653,uvhttp_response_free
FN:665,uvhttp_response_get_header_count
FN:673,uvhttp_response_get_header_at
FN:693,uvhttp_response_foreach_header
FNDA:84,build_response_headers
FNDA:0,uvhttp_free_write_data
FNDA:265,uvhttp_response_set_status
FNDA:134,uvhttp_response_get_header_at
FNDA:296,uvhttp_response_build_data
FNDA:562,contains_control_chars
FNDA:649,uvhttp_response_set_header
FNDA:216,uvhttp_response_send_raw
FNDA:251,uvhttp_response_set_body
FNDA:206,uvhttp_response_free
FNDA:0,uvhttp_response_get_header_count
FNDA:217,uvhttp_response_send
FNDA:84,get_status_text
FNDA:883,uvhttp_response_cleanup
FNDA:0,uvhttp_response_foreach_header
FNDA:1450,uvhttp_response_init
FNDA:0,uvhttp_send_response_data
FNF:17
FNH:13
DA:27,84
DA:28,84
DA:31,2
DA:32,2
DA:33,4
DA:34,4
DA:35,2
DA:36,2
DA:37,2
DA:38,2
DA:39,2
DA:40,2
DA:41,6
DA:42,6
DA:43,2
DA:44,2
DA:45,2
DA:46,2
DA:47,2
DA:48,2
DA:49,2
DA:50,2
DA:51,2
DA:52,2
DA:53,0
DA:54,0
DA:59,562
DA:60,562
DA:63,19288
DA:64,18726
DA:66,18726
DA:70,18726
DA:74,18726
DA:81,84
DA:83,84
DA:86,84
DA:87,84
DA:91,84
DA:92,84
DA:93,84
DA:96,218
DA:97,134
DA:98,134
DA:99,0
DA:103,134
DA:105,0
DA:108,0
DA:111,134
DA:114,134
DA:115,16
DA:117,134
DA:118,6
DA:120,134
DA:121,6
DA:126,84
DA:127,68
DA:133,84
DA:134,78
DA:135,32
DA:136,32
DA:139,46
DA:140,46
DA:145,84
DA:146,78
DA:147,76
DA:149,76
DA:154,2
DA:160,84
DA:162,84
DA:163,84
DA:165,1450
DA:166,1450
DA:170,1246
DA:174,1244
DA:177,1244
DA:178,1244
DA:179,1244
DA:180,1244
DA:181,1244
DA:184,1244
DA:186,1244
DA:189,883
DA:190,883
DA:194,679
DA:195,14
DA:196,14
DA:199,679
DA:200,0
DA:201,0
DA:204,679
DA:207,265
DA:209,265
DA:214,58
DA:219,52
DA:220,52
DA:223,649
DA:225,649
DA:230,434
DA:231,434
DA:236,428
DA:243,428
DA:245,32
DA:246,32
DA:249,28
DA:254,32
DA:259,10
DA:262,10
DA:263,10
DA:265,10
DA:266,10
DA:268,10
DA:271,0
DA:272,0
DA:276,10
DA:281,10
DA:282,10
DA:285,10
DA:286,10
DA:290,406
DA:291,406
DA:292,242
DA:294,164
DA:297,164
DA:302,406
DA:308,406
DA:314,406
DA:315,406
DA:318,251
DA:320,251
DA:324,44
DA:328,40
DA:333,36
DA:338,32
DA:345,32
DA:346,2
DA:347,2
DA:350,32
DA:351,32
DA:352,0
DA:353,0
DA:356,32
DA:357,32
DA:359,32
DA:362,0
DA:364,0
DA:370,0
DA:377,0
DA:379,0
DA:381,0
DA:388,0
DA:390,0
DA:392,0
DA:394,0
DA:396,0
DA:398,0
DA:399,0
DA:403,0
DA:407,0
DA:409,0
DA:419,0
DA:420,0
DA:421,0
DA:422,0
DA:424,0
DA:425,0
DA:426,0
DA:427,0
DA:428,0
DA:429,0
DA:431,0
DA:434,0
DA:441,0
DA:443,0
DA:454,296
DA:456,296
DA:461,86
DA:462,2
DA:463,2
DA:464,2
DA:469,84
DA:470,84
DA:471,84
DA:475,84
DA:476,84
DA:479,84
DA:480,0
DA:481,0
DA:483,0
DA:484,0
DA:487,0
DA:488,0
DA:492,84
DA:493,84
DA:494,0
DA:495,0
DA:499,84
DA:500,84
DA:501,84
DA:502,0
DA:503,0
DA:507,84
DA:510,84
DA:511,32
DA:516,84
DA:519,84
DA:521,84
DA:522,84
DA:524,84
DA:535,216
DA:538,216
DA:543,8
DA:548,8
DA:551,8
DA:552,8
DA:557,8
DA:558,8
DA:559,8
DA:562,8
DA:563,8
DA:565,8
DA:567,8
DA:570,8
DA:571,0
DA:572,0
DA:576,8
DA:577,8
DA:578,8
DA:582,0
DA:585,0
DA:587,0
DA:588,0
DA:592,0
DA:595,0
DA:596,0
DA:597,0
DA:598,0
DA:599,0
DA:613,217
DA:614,217
DA:621,10
DA:626,8
DA:627,8
DA:628,8
DA:629,8
DA:631,8
DA:636,8
DA:639,16
DA:640,8
DA:643,8
DA:645,8
DA:646,0
DA:653,206
DA:654,206
DA:658,2
DA:659,2
DA:665,0
DA:666,0
DA:669,0
DA:673,134
DA:675,134
DA:680,134
DA:681,98
DA:685,36
DA:686,36
DA:693,0
DA:696,0
DA:700,0
DA:701,0
DA:702,0
DA:703,0
LF:270
LH:197
end_of_record
TN:
SF:/home/zhaodi-chen/project/uvhttp/src/uvhttp_router.c
FN:38,uvhttp_method_from_string
FN:86,uvhttp_method_to_string
FN:106,create_route_node
FN:129,find_or_create_child
FN:159,parse_path_params
FN:194,uvhttp_router_new
FN:244,uvhttp_router_free
FN:263,add_array_route
FN:290,find_array_route
FN:305,migrate_to_trie
FN:357,uvhttp_router_add_route
FN:363,uvhttp_router_add_route_method
FN:436,match_route_node
FN:505,static_file_handler_wrapper
FN:550,uvhttp_router_find_handler
FN:609,uvhttp_router_match
FN:673,uvhttp_parse_path_params
FN:682,uvhttp_router_add_static_route
FN:711,uvhttp_router_add_fallback_route
FNDA:0,match_route_node
FNDA:157,uvhttp_router_add_route_method
FNDA:37,add_array_route
FNDA:15,find_array_route
FNDA:0,uvhttp_parse_path_params
FNDA:118,uvhttp_router_add_route
FNDA:0,uvhttp_router_add_fallback_route
FNDA:0,uvhttp_router_add_static_route
FNDA:128,uvhttp_router_free
FNDA:0,migrate_to_trie
FNDA:0,static_file_handler_wrapper
FNDA:27,uvhttp_method_to_string
FNDA:45,uvhttp_method_from_string
FNDA:98,create_route_node
FNDA:0,parse_path_params
FNDA:0,find_or_create_child
FNDA:15,uvhttp_router_match
FNDA:18,uvhttp_router_find_handler
FNDA:98,uvhttp_router_new
FNF:19
FNH:11
DA:38,45
DA:39,45
DA:44,39
DA:45,18
DA:46,18
DA:48,36
DA:49,9
DA:50,9
DA:51,3
DA:53,3
DA:54,6
DA:55,3
DA:56,3
DA:57,3
DA:58,3
DA:59,3
DA:61,3
DA:64,3
DA:65,3
DA:66,3
DA:68,3
DA:69,3
DA:70,3
DA:71,3
DA:73,3
DA:74,3
DA:75,3
DA:76,3
DA:77,3
DA:79,3
DA:86,27
DA:88,27
DA:98,27
DA:100,24
DA:106,98
DA:107,98
DA:109,0
DA:110,0
DA:111,0
DA:112,0
DA:117,0
DA:118,0
DA:121,0
DA:122,0
DA:125,98
DA:129,0
DA:134,0
DA:135,0
DA:136,0
DA:141,0
DA:145,0
DA:146,0
DA:150,0
DA:151,0
DA:152,0
DA:154,0
DA:155,0
DA:159,0
DA:161,0
DA:165,0
DA:166,0
DA:167,0
DA:168,0
DA:170,0
DA:171,0
DA:173,0
DA:174,0
DA:175,0
DA:176,0
DA:177,0
DA:179,0
DA:181,0
DA:182,0
DA:183,0
DA:184,0
DA:185,0
DA:188,0
DA:194,98
DA:195,98
DA:199,98
DA:201,98
DA:203,98
DA:207,98
DA:210,98
DA:212,98
DA:213,0
DA:214,0
DA:216,98
DA:219,98
DA:220,98
DA:221,98
DA:223,98
DA:224,0
DA:225,0
DA:226,0
DA:229,98
DA:231,98
DA:232,0
DA:233,0
DA:234,0
DA:235,0
DA:238,98
DA:240,98
DA:241,98
DA:244,128
DA:245,128
DA:246,122
DA:247,122
DA:248,122
DA:250,122
DA:251,122
DA:252,122
DA:254,122
DA:255,33
DA:256,33
DA:258,122
DA:260,128
DA:263,37
DA:266,37
DA:268,0
DA:269,0
DA:270,0
DA:271,0
DA:274,0
DA:275,0
DA:278,37
DA:279,37
DA:280,37
DA:281,37
DA:282,37
DA:283,37
DA:284,37
DA:286,37
DA:290,15
DA:293,15
DA:294,0
DA:295,0
DA:296,0
DA:297,0
DA:305,0
DA:306,0
DA:311,0
DA:312,0
DA:315,0
DA:316,0
DA:319,0
DA:320,0
DA:321,0
DA:322,0
DA:324,0
DA:325,0
DA:326,0
DA:327,0
DA:328,0
DA:331,0
DA:332,0
DA:333,0
DA:334,0
DA:337,0
DA:341,0
DA:342,0
DA:346,0
DA:347,0
DA:348,0
DA:349,0
DA:352,0
DA:354,0
DA:357,118
DA:360,118
DA:363,157
DA:366,157
DA:370,37
DA:374,37
DA:379,37
DA:384,37
DA:387,37
DA:388,0
DA:389,0
DA:390,0
DA:391,0
DA:396,0
DA:397,0
DA:398,0
DA:399,0
DA:401,0
DA:402,0
DA:403,0
DA:404,0
DA:405,0
DA:407,0
DA:408,0
DA:409,0
DA:410,0
DA:411,0
DA:412,0
DA:417,0
DA:418,0
DA:422,0
DA:425,0
DA:426,0
DA:427,0
DA:430,37
DA:433,0
DA:436,0
DA:440,0
DA:445,0
DA:446,0
DA:447,0
DA:448,0
DA:449,0
DA:450,0
DA:455,0
DA:458,0
DA:459,0
DA:461,0
DA:463,0
DA:464,0
DA:468,0
DA:470,0
DA:472,0
DA:473,0
DA:477,0
DA:479,0
DA:481,0
DA:483,0
DA:485,0
DA:488,0
DA:491,0
DA:492,0
DA:494,0
DA:505,0
DA:508,0
DA:509,0
DA:510,0
DA:511,0
DA:512,0
DA:513,0
DA:514,0
DA:518,0
DA:519,0
DA:520,0
DA:521,0
DA:522,0
DA:523,0
DA:524,0
DA:525,0
DA:529,0
DA:532,0
DA:533,0
DA:537,0
DA:543,0
DA:544,0
DA:545,0
DA:546,0
DA:547,0
DA:550,18
DA:552,18
DA:556,9
DA:559,9
DA:561,0
DA:562,0
DA:565,0
DA:566,0
DA:567,0
DA:569,0
DA:570,0
DA:572,0
DA:573,0
DA:574,0
DA:575,0
DA:579,0
DA:580,0
DA:581,0
DA:583,0
DA:588,0
DA:590,0
DA:594,9
DA:595,9
DA:596,9
DA:602,9
DA:609,15
DA:612,15
DA:616,6
DA:618,6
DA:621,6
DA:622,6
DA:623,6
DA:624,6
DA:625,0
DA:626,0
DA:633,0
DA:634,0
DA:635,0
DA:641,0
DA:644,0
DA:645,0
DA:646,0
DA:647,0
DA:648,0
DA:654,0
DA:655,0
DA:656,0
DA:658,0
DA:659,0
DA:661,0
DA:662,0
DA:663,0
DA:664,0
DA:667,0
DA:670,0
DA:673,0
DA:676,0
DA:682,0
DA:685,0
DA:690,0
DA:691,0
DA:695,0
DA:696,0
DA:697,0
DA:700,0
DA:702,0
DA:703,0
DA:705,0
DA:711,0
DA:713,0
DA:717,0
DA:718,0
DA:720,0
LF:328
LH:106
end_of_record
TN:
SF:/home/zhaodi-chen/project/uvhttp/src/uvhttp_server.c
FN:55,write_503_response_cb
FN:68,on_connection
FN:199,uvhttp_server_new
FN:282,uvhttp_server_free
FN:372,uvhttp_server_listen
FN:445,uvhttp_server_set_handler
FN:455,uvhttp_server_set_router
FN:465,uvhttp_server_set_context
FN:475,uvhttp_server_stop
FN:490,uvhttp_server_enable_tls
FN:506,uvhttp_server_disable_tls
FN:521,uvhttp_server_is_tls_enabled
FN:546,create_simple_server_internal
FN:623,uvhttp_server_create
FN:629,add_route_internal
FN:640,uvhttp_get
FN:646,uvhttp_post
FN:652,uvhttp_put
FN:658,uvhttp_delete
FN:664,uvhttp_any
FN:671,uvhttp_set_max_connections
FN:679,uvhttp_set_timeout
FN:688,uvhttp_set_max_body_size
FN:697,uvhttp_get_param
FN:701,uvhttp_get_header
FN:705,uvhttp_get_body
FN:710,uvhttp_server_run
FN:716,uvhttp_server_stop_simple
FN:722,uvhttp_server_simple_free
FN:736,default_handler
FN:759,uvhttp_serve
FN:797,uvhttp_server_register_ws_handler
FN:839,uvhttp_server_find_ws_handler
FN:860,uvhttp_server_ws_send
FN:890,uvhttp_server_ws_close
FN:927,uvhttp_server_enable_rate_limit
FN:953,uvhttp_server_disable_rate_limit
FN:966,uvhttp_server_check_rate_limit
FN:995,uvhttp_server_add_rate_limit_whitelist
FN:1062,uvhttp_server_get_rate_limit_status
FN:1087,uvhttp_server_clear_rate_limit_all
FN:1099,uvhttp_server_reset_rate_limit_client
FN:1128,ws_timeout_timer_callback
FN:1175,ws_heartbeat_timer_callback
FN:1221,uvhttp_server_ws_enable_connection_management
FN:1312,uvhttp_server_ws_disable_connection_management
FN:1366,uvhttp_server_ws_get_connection_count
FN:1381,uvhttp_server_ws_get_connection_count_by_path
FN:1409,uvhttp_server_ws_broadcast
FN:1449,uvhttp_server_ws_close_all
FN:1497,uvhttp_server_ws_add_connection
FN:1537,uvhttp_server_ws_remove_connection
FN:1577,uvhttp_server_ws_update_activity
FN:1604,uvhttp_server_set_timeout_callback
FNDA:0,uvhttp_server_stop
FNDA:135,uvhttp_server_free
FNDA:0,uvhttp_server_register_ws_handler
FNDA:0,uvhttp_server_is_tls_enabled
FNDA:4,uvhttp_get_body
FNDA:0,uvhttp_server_ws_update_activity
FNDA:8,uvhttp_server_disable_rate_limit
FNDA:57,uvhttp_server_listen
FNDA:6,uvhttp_server_reset_rate_limit_client
FNDA:2,uvhttp_server_ws_get_connection_count
FNDA:6,uvhttp_get_param
FNDA:0,uvhttp_server_ws_remove_connection
FNDA:0,write_503_response_cb
FNDA:0,uvhttp_any
FNDA:6,uvhttp_get_header
FNDA:0,default_handler
FNDA:2,uvhttp_server_simple_free
FNDA:2,uvhttp_server_disable_tls
FNDA:0,ws_heartbeat_timer_callback
FNDA:2,uvhttp_server_run
FNDA:0,uvhttp_server_ws_add_connection
FNDA:0,uvhttp_server_find_ws_handler
FNDA:0,uvhttp_delete
FNDA:2,uvhttp_server_enable_tls
FNDA:1100,on_connection
FNDA:0,uvhttp_put
FNDA:0,uvhttp_server_ws_enable_connection_management
FNDA:0,uvhttp_post
FNDA:44,uvhttp_server_add_rate_limit_whitelist
FNDA:6,uvhttp_server_clear_rate_limit_all
FNDA:0,uvhttp_set_max_connections
FNDA:2,uvhttp_server_stop_simple
FNDA:2,create_simple_server_internal
FNDA:8,uvhttp_server_get_rate_limit_status
FNDA:2,uvhttp_server_ws_send
FNDA:0,uvhttp_server_set_context
FNDA:2,uvhttp_server_ws_broadcast
FNDA:2,uvhttp_server_ws_get_connection_count_by_path
FNDA:2,uvhttp_server_ws_close_all
FNDA:364,uvhttp_server_check_rate_limit
FNDA:0,uvhttp_set_max_body_size
FNDA:0,uvhttp_get
FNDA:0,uvhttp_server_ws_disable_connection_management
FNDA:0,uvhttp_set_timeout
FNDA:0,add_route_internal
FNDA:48,uvhttp_server_enable_rate_limit
FNDA:2,uvhttp_server_ws_close
FNDA:0,uvhttp_server_create
FNDA:139,uvhttp_server_new
FNDA:2,uvhttp_serve
FNDA:0,uvhttp_server_set_timeout_callback
FNDA:1,uvhttp_server_set_handler
FNDA:44,uvhttp_server_set_router
FNDA:0,ws_timeout_timer_callback
FNF:54
FNH:29
DA:55,0
DA:56,0
DA:57,0
DA:68,1100
DA:69,1100
DA:70,0
DA:71,0
DA:74,1100
DA:79,1100
DA:82,1100
DA:83,1100
DA:84,0
DA:87,1100
DA:88,1100
DA:89,1100
DA:90,1100
DA:91,0
DA:95,1100
DA:96,0
DA:99,0
DA:100,0
DA:101,0
DA:103,0
DA:106,0
DA:107,0
DA:108,0
DA:109,0
DA:112,0
DA:114,0
DA:123,0
DA:124,0
DA:125,0
DA:126,0
DA:128,0
DA:129,0
DA:131,0
DA:132,0
DA:135,0
DA:136,0
DA:138,0
DA:141,0
DA:143,0
DA:144,0
DA:147,0
DA:148,0
DA:151,0
DA:155,1100
DA:156,1100
DA:157,1100
DA:162,1100
DA:163,1100
DA:165,1100
DA:166,0
DA:167,0
DA:173,1100
DA:178,1100
DA:179,1100
DA:180,1100
DA:183,1100
DA:184,0
DA:185,0
DA:199,139
DA:200,139
DA:204,139
DA:208,139
DA:211,139
DA:214,139
DA:216,139
DA:217,139
DA:221,139
DA:222,139
DA:225,139
DA:226,139
DA:230,139
DA:231,139
DA:236,139
DA:237,139
DA:238,139
DA:239,139
DA:240,139
DA:241,139
DA:242,139
DA:246,139
DA:247,139
DA:248,139
DA:250,0
DA:251,0
DA:252,0
DA:253,0
DA:255,0
DA:256,0
DA:257,0
DA:258,0
DA:260,0
DA:263,139
DA:264,0
DA:265,0
DA:266,0
DA:268,0
DA:269,0
DA:271,139
DA:272,139
DA:274,139
DA:275,139
DA:278,139
DA:279,139
DA:282,135
DA:283,135
DA:288,132
DA:289,132
DA:296,132
DA:297,1452
DA:298,1320
DA:299,1320
DA:304,132
DA:305,38
DA:308,132
DA:309,0
DA:312,132
DA:313,0
DA:317,132
DA:318,0
DA:319,0
DA:324,132
DA:326,0
DA:327,0
DA:328,0
DA:329,0
DA:331,0
DA:332,0
DA:334,0
DA:340,132
DA:341,46
DA:342,32
DA:343,32
DA:346,14
DA:347,14
DA:348,14
DA:352,132
DA:353,328
DA:354,32
DA:355,32
DA:357,132
DA:363,132
DA:364,0
DA:365,0
DA:368,132
DA:369,132
DA:372,57
DA:374,57
DA:378,54
DA:382,49
DA:383,49
DA:386,49
DA:387,49
DA:388,49
DA:394,49
DA:395,49
DA:398,98
DA:399,0
DA:400,49
DA:401,49
DA:404,49
DA:405,49
DA:407,49
DA:408,49
DA:412,49
DA:413,49
DA:417,49
DA:418,49
DA:423,49
DA:424,49
DA:426,49
DA:427,0
DA:430,0
DA:431,0
DA:432,49
DA:435,49
DA:436,49
DA:441,42
DA:442,42
DA:445,1
DA:447,1
DA:451,1
DA:452,1
DA:455,44
DA:457,44
DA:461,41
DA:462,41
DA:465,0
DA:467,0
DA:471,0
DA:472,0
DA:475,0
DA:476,0
DA:480,0
DA:481,0
DA:482,0
DA:483,0
DA:490,2
DA:492,2
DA:496,0
DA:497,0
DA:500,0
DA:501,0
DA:503,0
DA:506,2
DA:507,2
DA:511,0
DA:512,0
DA:513,0
DA:516,0
DA:518,0
DA:521,0
DA:522,0
DA:546,2
DA:548,2
DA:552,2
DA:553,2
DA:554,2
DA:558,2
DA:561,2
DA:562,2
DA:563,0
DA:564,0
DA:565,0
DA:569,2
DA:570,2
DA:571,2
DA:572,0
DA:573,0
DA:574,0
DA:578,2
DA:579,2
DA:581,0
DA:582,0
DA:583,0
DA:584,0
DA:585,0
DA:589,2
DA:590,2
DA:592,0
DA:593,0
DA:594,0
DA:595,0
DA:596,0
DA:597,0
DA:598,0
DA:601,2
DA:602,2
DA:603,2
DA:606,2
DA:607,2
DA:610,2
DA:611,2
DA:612,2
DA:613,2
DA:614,2
DA:615,2
DA:618,0
DA:619,0
DA:623,2
DA:625,0
DA:629,0
DA:632,0
DA:635,0
DA:636,0
DA:640,0
DA:643,0
DA:646,0
DA:649,0
DA:652,0
DA:655,0
DA:658,0
DA:661,0
DA:664,0
DA:667,0
DA:671,0
DA:673,0
DA:674,0
DA:676,0
DA:679,0
DA:681,0
DA:682,0
DA:683,0
DA:685,0
DA:688,0
DA:690,0
DA:691,0
DA:693,0
DA:697,6
DA:698,6
DA:701,6
DA:702,6
DA:705,4
DA:706,4
DA:710,2
DA:711,2
DA:713,0
DA:716,2
DA:717,2
DA:718,0
DA:720,2
DA:722,2
DA:723,2
DA:726,0
DA:727,0
DA:732,0
DA:736,0
DA:738,0
DA:739,0
DA:741,0
DA:742,0
DA:751,0
DA:752,0
DA:753,0
DA:754,0
DA:755,0
DA:759,2
DA:761,2
DA:762,0
DA:763,0
DA:766,2
DA:767,2
DA:770,2
DA:771,2
DA:772,2
DA:776,0
DA:778,0
DA:779,0
DA:781,0
DA:784,0
DA:785,0
DA:797,0
DA:800,0
DA:805,0
DA:806,0
DA:807,0
DA:812,0
DA:813,0
DA:814,0
DA:815,0
DA:816,0
DA:818,0
DA:821,0
DA:822,0
DA:825,0
DA:826,0
DA:829,0
DA:832,0
DA:839,0
DA:841,0
DA:846,0
DA:847,0
DA:848,0
DA:850,0
DA:852,0
DA:860,2
DA:862,2
DA:866,0
DA:871,0
DA:872,0
DA:874,0
DA:875,0
DA:876,0
DA:881,0
DA:882,0
DA:883,0
DA:890,2
DA:892,2
DA:897,0
DA:898,0
DA:900,0
DA:901,0
DA:902,0
DA:907,0
DA:908,0
DA:909,0
DA:927,48
DA:930,48
DA:934,46
DA:938,42
DA:943,38
DA:944,38
DA:945,38
DA:946,38
DA:947,38
DA:949,38
DA:953,8
DA:954,8
DA:958,6
DA:959,6
DA:960,6
DA:962,6
DA:966,364
DA:967,364
DA:972,360
DA:973,360
DA:976,360
DA:979,14
DA:980,14
DA:984,360
DA:989,354
DA:991,354
DA:995,44
DA:997,44
DA:1002,36
DA:1007,36
DA:1008,58
DA:1009,22
DA:1014,32
DA:1015,32
DA:1016,32
DA:1017,32
DA:1021,32
DA:1022,32
DA:1025,32
DA:1026,32
DA:1027,32
DA:1029,0
DA:1030,0
DA:1032,0
DA:1033,0
DA:1035,0
DA:1037,32
DA:1038,32
DA:1041,32
DA:1042,32
DA:1043,32
DA:1045,0
DA:1046,0
DA:1047,0
DA:1049,0
DA:1050,0
DA:1052,0
DA:1054,32
DA:1055,32
DA:1056,32
DA:1062,8
DA:1066,8
DA:1070,6
DA:1071,2
DA:1072,2
DA:1075,4
DA:1076,4
DA:1078,4
DA:1079,4
DA:1080,4
DA:1087,6
DA:1088,6
DA:1092,4
DA:1093,4
DA:1095,4
DA:1099,6
DA:1101,6
DA:1106,4
DA:1107,4
DA:1109,4
DA:1128,0
DA:1129,0
DA:1133,0
DA:1134,0
DA:1135,0
DA:1137,0
DA:1138,0
DA:1140,0
DA:1141,0
DA:1144,0
DA:1145,0
DA:1148,0
DA:1149,0
DA:1154,0
DA:1155,0
DA:1157,0
DA:1161,0
DA:1162,0
DA:1175,0
DA:1176,0
DA:1180,0
DA:1181,0
DA:1183,0
DA:1185,0
DA:1186,0
DA:1187,0
DA:1189,0
DA:1191,0
DA:1192,0
DA:1193,0
DA:1197,0
DA:1198,0
DA:1199,0
DA:1203,0
DA:1209,0
DA:1221,0
DA:1223,0
DA:1228,0
DA:1232,0
DA:1237,0
DA:1238,0
DA:1239,0
DA:1240,0
DA:1246,0
DA:1247,0
DA:1248,0
DA:1252,0
DA:1253,0
DA:1254,0
DA:1255,0
DA:1256,0
DA:1257,0
DA:1258,0
DA:1261,0
DA:1262,0
DA:1263,0
DA:1264,0
DA:1266,0
DA:1269,0
DA:1270,0
DA:1271,0
DA:1272,0
DA:1273,0
DA:1275,0
DA:1278,0
DA:1279,0
DA:1280,0
DA:1281,0
DA:1282,0
DA:1283,0
DA:1284,0
DA:1287,0
DA:1288,0
DA:1289,0
DA:1290,0
DA:1291,0
DA:1292,0
DA:1293,0
DA:1294,0
DA:1297,0
DA:1299,0
DA:1303,0
DA:1312,0
DA:1314,0
DA:1318,0
DA:1319,0
DA:1324,0
DA:1325,0
DA:1326,0
DA:1329,0
DA:1330,0
DA:1331,0
DA:1335,0
DA:1336,0
DA:1337,0
DA:1339,0
DA:1340,0
DA:1343,0
DA:1344,0
DA:1347,0
DA:1348,0
DA:1349,0
DA:1352,0
DA:1353,0
DA:1355,0
DA:1357,0
DA:1366,2
DA:1367,2
DA:1371,0
DA:1381,2
DA:1383,2
DA:1387,0
DA:1388,0
DA:1390,0
DA:1391,0
DA:1392,0
DA:1394,0
DA:1409,2
DA:1412,2
DA:1416,0
DA:1420,0
DA:1421,0
DA:1423,0
DA:1425,0
DA:1426,0
DA:1427,0
DA:1428,0
DA:1429,0
DA:1433,0
DA:1449,2
DA:1451,2
DA:1455,0
DA:1456,0
DA:1457,0
DA:1459,0
DA:1460,0
DA:1463,0
DA:1465,0
DA:1466,0
DA:1471,0
DA:1472,0
DA:1474,0
DA:1478,0
DA:1479,0
DA:1480,0
DA:1497,0
DA:1500,0
DA:1504,0
DA:1505,0
DA:1510,0
DA:1511,0
DA:1516,0
DA:1517,0
DA:1518,0
DA:1519,0
DA:1520,0
DA:1521,0
DA:1522,0
DA:1523,0
DA:1526,0
DA:1527,0
DA:1528,0
DA:1530,0
DA:1537,0
DA:1539,0
DA:1543,0
DA:1544,0
DA:1548,0
DA:1549,0
DA:1551,0
DA:1552,0
DA:1554,0
DA:1555,0
DA:1557,0
DA:1561,0
DA:1562,0
DA:1564,0
DA:1566,0
DA:1569,0
DA:1570,0
DA:1577,0
DA:1579,0
DA:1583,0
DA:1584,0
DA:1588,0
DA:1590,0
DA:1591,0
DA:1592,0
DA:1593,0
DA:1594,0
DA:1597,0
DA:1604,0
DA:1607,0
DA:1611,0
DA:1612,0
DA:1614,0
LF:654
LH:251
end_of_record
TN:
SF:/home/zhaodi-chen/project/uvhttp/src/uvhttp_static.c
FN:85,get_file_extension
FN:101,html_escape
FN:168,uvhttp_static_get_mime_type
FN:200,read_file_content
FN:250,get_file_info
FN:275,calculate_dir_listing_buffer_size
FN:312,collect_dir_entries
FN:379,sort_dir_entries
FN:403,generate_directory_listing
FN:525,uvhttp_static_generate_etag
FN:541,uvhttp_static_set_response_headers
FN:585,uvhttp_static_check_conditional_request
FN:616,uvhttp_static_create
FN:661,uvhttp_static_free
FN:675,uvhttp_static_resolve_safe_path
FN:767,uvhttp_static_handle_request
FN:960,uvhttp_static_clear_cache
FN:970,uvhttp_static_get_cache_stats
FN:995,uvhttp_static_get_cache_hit_rate
FN:1016,uvhttp_static_cleanup_expired_cache
FN:1032,uvhttp_static_prewarm_cache
FN:1104,uvhttp_static_prewarm_directory
FN:1224,init_sendfile_config
FN:1261,on_sendfile_timeout
FN:1286,on_file_close
FN:1306,on_sendfile_complete
FN:1398,uvhttp_static_set_sendfile_config
FN:1420,uvhttp_static_sendfile_with_config
FN:1746,uvhttp_static_sendfile
FNDA:12,uvhttp_static_handle_request
FNDA:21,uvhttp_static_sendfile
FNDA:0,get_file_info
FNDA:0,collect_dir_entries
FNDA:16,uvhttp_static_prewarm_cache
FNDA:0,on_file_close
FNDA:0,on_sendfile_complete
FNDA:21,uvhttp_static_sendfile_with_config
FNDA:129,uvhttp_static_get_mime_type
FNDA:18,uvhttp_static_resolve_safe_path
FNDA:9,uvhttp_static_set_sendfile_config
FNDA:24,uvhttp_static_check_conditional_request
FNDA:6,uvhttp_static_clear_cache
FNDA:25,uvhttp_static_free
FNDA:42,uvhttp_static_generate_etag
FNDA:6,uvhttp_static_cleanup_expired_cache
FNDA:123,get_file_extension
FNDA:0,init_sendfile_config
FNDA:0,html_escape
FNDA:28,uvhttp_static_create
FNDA:24,uvhttp_static_get_cache_stats
FNDA:15,uvhttp_static_prewarm_directory
FNDA:9,uvhttp_static_get_cache_hit_rate
FNDA:0,generate_directory_listing
FNDA:0,calculate_dir_listing_buffer_size
FNDA:0,on_sendfile_timeout
FNDA:0,read_file_content
FNDA:0,sort_dir_entries
FNDA:27,uvhttp_static_set_response_headers
FNF:29
FNH:18
DA:85,123
DA:86,123
DA:89,123
DA:90,123
DA:101,0
DA:102,0
DA:109,0
DA:110,0
DA:111,0
DA:112,0
DA:113,0
DA:114,0
DA:115,0
DA:116,0
DA:119,0
DA:120,0
DA:121,0
DA:122,0
DA:123,0
DA:124,0
DA:127,0
DA:128,0
DA:129,0
DA:130,0
DA:131,0
DA:132,0
DA:133,0
DA:136,0
DA:137,0
DA:138,0
DA:139,0
DA:140,0
DA:141,0
DA:142,0
DA:143,0
DA:146,0
DA:147,0
DA:148,0
DA:149,0
DA:150,0
DA:151,0
DA:152,0
DA:155,0
DA:156,0
DA:157,0
DA:159,0
DA:162,0
DA:168,129
DA:171,129
DA:174,123
DA:177,2505
DA:178,2472
DA:179,90
DA:181,90
DA:184,90
DA:189,33
DA:191,33
DA:194,33
DA:200,0
DA:201,0
DA:204,0
DA:205,0
DA:210,0
DA:211,0
DA:212,0
DA:215,0
DA:216,0
DA:217,0
DA:218,0
DA:221,0
DA:223,0
DA:224,0
DA:225,0
DA:229,0
DA:230,0
DA:231,0
DA:232,0
DA:233,0
DA:236,0
DA:237,0
DA:239,0
DA:240,0
DA:241,0
DA:250,0
DA:252,0
DA:255,0
DA:256,0
DA:260,0
DA:264,0
DA:265,0
DA:266,0
DA:267,0
DA:275,0
DA:277,0
DA:278,0
DA:282,0
DA:283,0
DA:285,0
DA:286,0
DA:287,0
DA:288,0
DA:291,0
DA:292,0
DA:295,0
DA:296,0
DA:312,0
DA:314,0
DA:315,0
DA:322,0
DA:323,0
DA:324,0
DA:326,0
DA:330,0
DA:331,0
DA:332,0
DA:333,0
DA:337,0
DA:338,0
DA:340,0
DA:341,0
DA:342,0
DA:345,0
DA:347,0
DA:351,0
DA:352,0
DA:353,0
DA:354,0
DA:355,0
DA:358,0
DA:359,0
DA:360,0
DA:361,0
DA:362,0
DA:364,0
DA:365,0
DA:366,0
DA:369,0
DA:372,0
DA:373,0
DA:379,0
DA:380,0
DA:381,0
DA:383,0
DA:384,0
DA:385,0
DA:386,0
DA:389,0
DA:390,0
DA:391,0
DA:392,0
DA:393,0
DA:398,0
DA:403,0
DA:405,0
DA:410,0
DA:411,0
DA:412,0
DA:413,0
DA:418,0
DA:419,0
DA:424,0
DA:425,0
DA:426,0
DA:452,0
DA:453,0
DA:459,0
DA:460,0
DA:461,0
DA:462,0
DA:463,0
DA:467,0
DA:470,0
DA:471,0
DA:474,0
DA:475,0
DA:476,0
DA:477,0
DA:479,0
DA:480,0
DA:484,0
DA:485,0
DA:488,0
DA:489,0
DA:495,0
DA:504,0
DA:514,0
DA:516,0
DA:519,0
DA:525,42
DA:529,42
DA:533,27
DA:535,27
DA:541,27
DA:546,27
DA:550,0
DA:551,0
DA:553,0
DA:557,0
DA:558,0
DA:559,0
DA:562,0
DA:563,0
DA:564,0
DA:565,0
DA:566,0
DA:570,0
DA:571,0
DA:575,0
DA:579,0
DA:585,24
DA:587,24
DA:591,0
DA:592,0
DA:593,0
DA:598,0
DA:599,0
DA:600,0
DA:601,0
DA:602,0
DA:603,0
DA:604,0
DA:605,0
DA:616,28
DA:618,28
DA:622,22
DA:623,22
DA:624,22
DA:625,0
DA:626,0
DA:629,22
DA:632,22
DA:635,44
DA:636,22
DA:638,22
DA:642,22
DA:643,0
DA:645,0
DA:646,0
DA:649,22
DA:650,0
DA:651,0
DA:654,22
DA:655,22
DA:661,25
DA:662,25
DA:665,22
DA:666,22
DA:669,22
DA:675,18
DA:677,18
DA:682,6
DA:687,0
DA:688,0
DA:691,0
DA:696,0
DA:701,0
DA:702,0
DA:703,0
DA:704,0
DA:705,0
DA:712,0
DA:713,0
DA:714,0
DA:716,0
DA:717,0
DA:724,0
DA:725,0
DA:727,0
DA:733,0
DA:734,0
DA:735,0
DA:741,0
DA:742,0
DA:748,0
DA:753,0
DA:757,0
DA:767,12
DA:769,12
DA:773,0
DA:774,0
DA:775,0
DA:776,0
DA:780,0
DA:781,0
DA:782,0
DA:784,0
DA:785,0
DA:786,0
DA:790,0
DA:791,0
DA:794,0
DA:795,0
DA:798,0
DA:799,0
DA:804,0
DA:805,0
DA:807,0
DA:808,0
DA:812,0
DA:814,0
DA:816,0
DA:817,0
DA:818,0
DA:820,0
DA:821,0
DA:823,0
DA:825,0
DA:827,0
DA:828,0
DA:832,0
DA:833,0
DA:836,0
DA:838,0
DA:839,0
DA:840,0
DA:842,0
DA:843,0
DA:844,0
DA:845,0
DA:846,0
DA:848,0
DA:850,0
DA:851,0
DA:855,0
DA:856,0
DA:857,0
DA:858,0
DA:859,0
DA:860,0
DA:863,0
DA:865,0
DA:867,0
DA:868,0
DA:871,0
DA:872,0
DA:877,0
DA:878,0
DA:879,0
DA:883,0
DA:885,0
DA:886,0
DA:889,0
DA:890,0
DA:894,0
DA:896,0
DA:897,0
DA:901,0
DA:902,0
DA:903,0
DA:904,0
DA:916,0
DA:917,0
DA:918,0
DA:919,0
DA:923,0
DA:924,0
DA:927,0
DA:928,0
DA:932,0
DA:933,0
DA:934,0
DA:935,0
DA:939,0
DA:942,0
DA:946,0
DA:948,0
DA:949,0
DA:950,0
DA:954,0
DA:960,6
DA:961,6
DA:964,3
DA:970,24
DA:974,24
DA:975,21
DA:976,3
DA:977,21
DA:978,3
DA:979,21
DA:980,3
DA:981,21
DA:982,3
DA:983,21
DA:984,3
DA:985,21
DA:988,3
DA:995,9
DA:996,9
DA:1000,3
DA:1001,3
DA:1003,3
DA:1006,3
DA:1010,0
DA:1016,6
DA:1017,6
DA:1021,3
DA:1032,16
DA:1036,16
DA:1043,13
DA:1045,13
DA:1047,13
DA:1049,13
DA:1055,13
DA:1056,13
DA:1061,3
DA:1062,3
DA:1065,3
DA:1072,0
DA:1073,0
DA:1079,0
DA:1080,0
DA:1083,0
DA:1084,0
DA:1088,0
DA:1089,0
DA:1091,0
DA:1092,0
DA:1093,0
DA:1094,0
DA:1104,15
DA:1106,15
DA:1111,12
DA:1117,12
DA:1118,12
DA:1119,12
DA:1120,12
DA:1126,12
DA:1127,12
DA:1133,3
DA:1134,3
DA:1143,18
DA:1145,15
DA:1146,12
DA:1147,12
DA:1151,9
DA:1152,6
DA:1156,3
DA:1157,0
DA:1159,0
DA:1163,3
DA:1164,3
DA:1165,3
DA:1166,3
DA:1167,0
DA:1169,0
DA:1173,3
DA:1174,0
DA:1176,3
DA:1180,3
DA:1182,3
DA:1184,3
DA:1224,0
DA:1227,0
DA:1228,0
DA:1230,0
DA:1233,0
DA:1234,0
DA:1236,0
DA:1239,0
DA:1240,0
DA:1243,0
DA:1245,0
DA:1246,0
DA:1248,0
DA:1251,0
DA:1254,0
DA:1261,0
DA:1262,0
DA:1264,0
DA:1268,0
DA:1273,0
DA:1276,0
DA:1277,0
DA:1280,0
DA:1281,0
DA:1286,0
DA:1287,0
DA:1289,0
DA:1290,0
DA:1293,0
DA:1296,0
DA:1297,0
DA:1298,0
DA:1299,0
DA:1301,0
DA:1303,0
DA:1306,0
DA:1307,0
DA:1309,0
DA:1314,0
DA:1317,0
DA:1318,0
DA:1319,0
DA:1323,0
DA:1324,0
DA:1327,0
DA:1328,0
DA:1329,0
DA:1330,0
DA:1334,0
DA:1335,0
DA:1336,0
DA:1338,0
DA:1339,0
DA:1341,0
DA:1345,0
DA:1346,0
DA:1347,0
DA:1350,0
DA:1351,0
DA:1354,0
DA:1356,0
DA:1357,0
DA:1358,0
DA:1362,0
DA:1363,0
DA:1366,0
DA:1369,0
DA:1370,0
DA:1371,0
DA:1372,0
DA:1379,0
DA:1380,0
DA:1381,0
DA:1383,0
DA:1384,0
DA:1388,0
DA:1389,0
DA:1390,0
DA:1398,9
DA:1401,9
DA:1406,6
DA:1407,3
DA:1409,6
DA:1410,3
DA:1412,6
DA:1413,3
DA:1420,21
DA:1423,21
DA:1426,21
DA:1427,21
DA:1432,0
DA:1435,0
DA:1437,0
DA:1442,0
DA:1443,0
DA:1449,0
DA:1450,0
DA:1451,0
DA:1452,0
DA:1455,0
DA:1456,0
DA:1458,0
DA:1459,0
DA:1460,0
DA:1461,0
DA:1465,0
DA:1466,0
DA:1468,0
DA:1469,0
DA:1470,0
DA:1471,0
DA:1473,0
DA:1474,0
DA:1475,0
DA:1477,0
DA:1482,0
DA:1485,0
DA:1486,0
DA:1487,0
DA:1491,0
DA:1492,0
DA:1493,0
DA:1494,0
DA:1495,0
DA:1496,0
DA:1497,0
DA:1498,0
DA:1499,0
DA:1500,0
DA:1503,0
DA:1506,0
DA:1507,0
DA:1508,0
DA:1509,0
DA:1510,0
DA:1512,0
DA:1513,0
DA:1516,0
DA:1517,0
DA:1518,0
DA:1520,0
DA:1521,0
DA:1522,0
DA:1526,0
DA:1527,0
DA:1528,0
DA:1529,0
DA:1530,0
DA:1531,0
DA:1535,0
DA:1536,0
DA:1538,0
DA:1539,0
DA:1541,0
DA:1542,0
DA:1543,0
DA:1546,0
DA:1547,0
DA:1548,0
DA:1549,0
DA:1550,0
DA:1551,0
DA:1553,0
DA:1554,0
DA:1558,0
DA:1559,0
DA:1560,0
DA:1562,0
DA:1563,0
DA:1565,0
DA:1566,0
DA:1570,0
DA:1571,0
DA:1572,0
DA:1575,0
DA:1576,0
DA:1577,0
DA:1579,0
DA:1580,0
DA:1581,0
DA:1583,0
DA:1586,0
DA:1588,0
DA:1589,0
DA:1591,0
DA:1592,0
DA:1596,0
DA:1597,0
DA:1600,0
DA:1601,0
DA:1602,0
DA:1603,0
DA:1604,0
DA:1605,0
DA:1611,0
DA:1615,0
DA:1618,0
DA:1619,0
DA:1620,0
DA:1624,0
DA:1625,0
DA:1626,0
DA:1627,0
DA:1628,0
DA:1629,0
DA:1630,0
DA:1631,0
DA:1632,0
DA:1633,0
DA:1636,0
DA:1639,0
DA:1640,0
DA:1641,0
DA:1642,0
DA:1643,0
DA:1645,0
DA:1646,0
DA:1649,0
DA:1650,0
DA:1651,0
DA:1653,0
DA:1654,0
DA:1655,0
DA:1659,0
DA:1660,0
DA:1661,0
DA:1662,0
DA:1663,0
DA:1664,0
DA:1668,0
DA:1669,0
DA:1671,0
DA:1672,0
DA:1674,0
DA:1675,0
DA:1676,0
DA:1679,0
DA:1680,0
DA:1681,0
DA:1682,0
DA:1683,0
DA:1684,0
DA:1686,0
DA:1687,0
DA:1691,0
DA:1692,0
DA:1693,0
DA:1695,0
DA:1696,0
DA:1698,0
DA:1699,0
DA:1703,0
DA:1704,0
DA:1705,0
DA:1708,0
DA:1709,0
DA:1710,0
DA:1712,0
DA:1713,0
DA:1714,0
DA:1716,0
DA:1719,0
DA:1721,0
DA:1722,0
DA:1724,0
DA:1725,0
DA:1729,0
DA:1730,0
DA:1733,0
DA:1734,0
DA:1735,0
DA:1736,0
DA:1737,0
DA:1738,0
DA:1746,21
DA:1748,21
LF:727
LH:125
end_of_record
TN:
SF:/home/zhaodi-chen/project/uvhttp/src/uvhttp_tls.c
FN:38,mbedtls_net_send
FN:50,mbedtls_net_recv
FN:63,uvhttp_tls_init
FN:101,uvhttp_tls_cleanup
FN:114,uvhttp_tls_context_new
FN:161,uvhttp_tls_context_free
FN:179,uvhttp_tls_context_load_cert_chain
FN:198,uvhttp_tls_context_load_private_key
FN:213,uvhttp_tls_context_load_ca_file
FN:230,uvhttp_tls_context_enable_client_auth
FN:245,uvhttp_tls_context_set_verify_depth
FN:256,uvhttp_tls_context_set_cipher_suites
FN:267,uvhttp_tls_context_enable_session_tickets
FN:284,uvhttp_tls_context_set_session_cache
FN:295,uvhttp_tls_context_enable_ocsp_stapling
FN:302,uvhttp_tls_context_set_dh_parameters
FN:320,uvhttp_tls_create_ssl
FN:342,uvhttp_tls_setup_ssl
FN:352,uvhttp_tls_handshake
FN:369,uvhttp_tls_read
FN:387,uvhttp_tls_write
FN:406,uvhttp_tls_verify_peer_cert
FN:415,uvhttp_tls_verify_hostname
FN:460,uvhttp_tls_check_cert_validity
FN:478,uvhttp_tls_get_peer_cert
FN:487,uvhttp_tls_get_cert_subject
FN:497,uvhttp_tls_get_cert_issuer
FN:507,uvhttp_tls_get_cert_serial
FN:518,uvhttp_tls_context_enable_crl_checking
FN:535,uvhttp_tls_load_crl_file
FN:553,uvhttp_tls_get_ocsp_response
FN:567,uvhttp_tls_verify_ocsp_response
FN:581,uvhttp_tls_context_enable_tls13
FN:598,uvhttp_tls_context_set_tls13_cipher_suites
FN:605,uvhttp_tls_context_enable_early_data
FN:620,uvhttp_tls_context_set_ticket_key
FN:634,uvhttp_tls_context_rotate_ticket_key
FN:646,uvhttp_tls_context_set_ticket_lifetime
FN:659,uvhttp_tls_verify_cert_chain
FN:672,uvhttp_tls_context_add_extra_chain_cert
FN:704,uvhttp_tls_get_cert_chain
FN:722,uvhttp_tls_get_stats
FN:732,uvhttp_tls_reset_stats
FN:741,uvhttp_tls_get_connection_info
FN:761,uvhttp_tls_get_error_string
FN:769,uvhttp_tls_print_error
FNDA:2,uvhttp_tls_context_set_session_cache
FNDA:0,uvhttp_tls_get_peer_cert
FNDA:0,uvhttp_tls_check_cert_validity
FNDA:2,uvhttp_tls_get_ocsp_response
FNDA:0,mbedtls_net_send
FNDA:2,uvhttp_tls_get_connection_info
FNDA:2,uvhttp_tls_context_add_extra_chain_cert
FNDA:0,uvhttp_tls_get_error_string
FNDA:2,uvhttp_tls_handshake
FNDA:2,uvhttp_tls_context_set_verify_depth
FNDA:2,uvhttp_tls_verify_ocsp_response
FNDA:4,uvhttp_tls_context_free
FNDA:2,uvhttp_tls_context_rotate_ticket_key
FNDA:2,uvhttp_tls_init
FNDA:2,uvhttp_tls_context_enable_tls13
FNDA:2,uvhttp_tls_context_enable_crl_checking
FNDA:2,uvhttp_tls_context_load_cert_chain
FNDA:0,uvhttp_tls_create_ssl
FNDA:0,mbedtls_net_recv
FNDA:2,uvhttp_tls_load_crl_file
FNDA:2,uvhttp_tls_setup_ssl
FNDA:0,uvhttp_tls_get_cert_subject
FNDA:2,uvhttp_tls_get_cert_chain
FNDA:0,uvhttp_tls_get_cert_serial
FNDA:2,uvhttp_tls_context_set_tls13_cipher_suites
FNDA:2,uvhttp_tls_context_set_ticket_key
FNDA:2,uvhttp_tls_context_enable_session_tickets
FNDA:2,uvhttp_tls_context_load_private_key
FNDA:0,uvhttp_tls_get_cert_issuer
FNDA:2,uvhttp_tls_read
FNDA:2,uvhttp_tls_context_enable_ocsp_stapling
FNDA:2,uvhttp_tls_context_set_dh_parameters
FNDA:2,uvhttp_tls_context_load_ca_file
FNDA:2,uvhttp_tls_reset_stats
FNDA:0,uvhttp_tls_print_error
FNDA:2,uvhttp_tls_context_enable_early_data
FNDA:2,uvhttp_tls_verify_cert_chain
FNDA:2,uvhttp_tls_get_stats
FNDA:0,uvhttp_tls_cleanup
FNDA:0,uvhttp_tls_verify_peer_cert
FNDA:2,uvhttp_tls_context_set_ticket_lifetime
FNDA:2,uvhttp_tls_context_new
FNDA:2,uvhttp_tls_context_enable_client_auth
FNDA:2,uvhttp_tls_write
FNDA:0,uvhttp_tls_verify_hostname
FNDA:2,uvhttp_tls_context_set_cipher_suites
FNF:46
FNH:33
DA:38,0
DA:39,0
DA:40,0
DA:41,0
DA:42,0
DA:45,0
DA:50,0
DA:51,0
DA:52,0
DA:53,0
DA:54,0
DA:57,0
DA:63,2
DA:65,2
DA:70,2
DA:71,2
DA:76,2
DA:81,0
DA:84,0
DA:87,0
DA:88,0
DA:91,0
DA:92,0
DA:93,0
DA:94,0
DA:97,0
DA:98,0
DA:101,0
DA:102,0
DA:107,0
DA:108,0
DA:110,0
DA:114,2
DA:115,2
DA:119,2
DA:121,2
DA:122,2
DA:126,2
DA:127,2
DA:128,2
DA:129,2
DA:130,2
DA:132,2
DA:133,2
DA:135,2
DA:137,2
DA:138,0
DA:139,0
DA:142,2
DA:145,2
DA:146,0
DA:147,0
DA:150,2
DA:154,2
DA:155,2
DA:157,2
DA:158,2
DA:161,4
DA:162,4
DA:166,2
DA:167,2
DA:168,2
DA:169,2
DA:170,2
DA:171,2
DA:172,2
DA:173,2
DA:175,2
DA:179,2
DA:181,2
DA:185,0
DA:186,0
DA:190,0
DA:191,0
DA:198,2
DA:200,2
DA:204,0
DA:205,0
DA:206,0
DA:207,0
DA:213,2
DA:215,2
DA:219,0
DA:220,0
DA:224,0
DA:226,0
DA:230,2
DA:232,2
DA:236,0
DA:237,0
DA:239,0
DA:245,2
DA:247,2
DA:248,2
DA:256,2
DA:258,2
DA:262,0
DA:264,0
DA:267,2
DA:269,2
DA:270,2
DA:284,2
DA:286,2
DA:290,0
DA:292,0
DA:295,2
DA:297,2
DA:298,2
DA:299,2
DA:302,2
DA:304,2
DA:305,2
DA:320,0
DA:321,0
DA:325,0
DA:326,0
DA:330,0
DA:332,0
DA:333,0
DA:334,0
DA:335,0
DA:336,0
DA:342,2
DA:343,2
DA:347,0
DA:349,0
DA:352,2
DA:353,2
DA:357,0
DA:358,0
DA:360,0
DA:362,0
DA:363,0
DA:369,2
DA:371,2
DA:375,0
DA:376,0
DA:378,0
DA:380,0
DA:381,0
DA:387,2
DA:389,2
DA:393,0
DA:394,0
DA:396,0
DA:398,0
DA:399,0
DA:406,0
DA:407,0
DA:411,0
DA:412,0
DA:415,0
DA:416,0
DA:421,0
DA:422,0
DA:425,0
DA:428,0
DA:429,0
DA:430,0
DA:431,0
DA:434,0
DA:435,0
DA:439,0
DA:443,0
DA:444,0
DA:445,0
DA:448,0
DA:449,0
DA:450,0
DA:454,0
DA:460,0
DA:461,0
DA:466,0
DA:471,0
DA:478,0
DA:479,0
DA:483,0
DA:484,0
DA:487,0
DA:489,0
DA:493,0
DA:494,0
DA:497,0
DA:499,0
DA:503,0
DA:504,0
DA:507,0
DA:509,0
DA:513,0
DA:514,0
DA:518,2
DA:520,2
DA:525,0
DA:526,0
DA:527,0
DA:529,0
DA:535,2
DA:537,2
DA:541,0
DA:542,0
DA:547,0
DA:549,0
DA:553,2
DA:556,2
DA:562,0
DA:563,0
DA:564,0
DA:567,2
DA:570,2
DA:571,2
DA:581,2
DA:583,2
DA:587,0
DA:588,0
DA:591,0
DA:598,2
DA:600,2
DA:601,2
DA:602,2
DA:605,2
DA:607,2
DA:608,2
DA:620,2
DA:623,2
DA:624,2
DA:634,2
DA:636,2
DA:637,2
DA:646,2
DA:648,2
DA:653,0
DA:655,0
DA:659,2
DA:660,2
DA:664,0
DA:665,0
DA:666,0
DA:672,2
DA:674,2
DA:679,0
DA:680,0
DA:682,0
DA:683,0
DA:684,0
DA:685,0
DA:689,0
DA:690,0
DA:693,0
DA:694,0
DA:695,0
DA:696,0
DA:699,0
DA:701,0
DA:704,2
DA:706,2
DA:711,0
DA:712,0
DA:716,0
DA:718,0
DA:722,2
DA:724,2
DA:728,0
DA:729,0
DA:732,2
DA:733,2
DA:737,0
DA:738,0
DA:741,2
DA:743,2
DA:747,0
DA:748,0
DA:750,0
DA:751,0
DA:754,0
DA:761,0
DA:762,0
DA:766,0
DA:769,0
DA:770,0
DA:771,0
DA:772,0
DA:773,0
LF:282
LH:108
end_of_record
TN:
SF:/home/zhaodi-chen/project/uvhttp/src/uvhttp_utils.c
FN:16,uvhttp_safe_strcpy
FN:33,uvhttp_safe_strncpy
FN:71,uvhttp_send_unified_response
FN:117,uvhttp_send_error_response
FN:177,uvhttp_is_valid_status_code
FN:185,uvhttp_is_valid_ip_address
FNDA:7951,uvhttp_safe_strncpy
FNDA:36,uvhttp_is_valid_ip_address
FNDA:16,uvhttp_send_error_response
FNDA:832,uvhttp_safe_strcpy
FNDA:1058,uvhttp_is_valid_status_code
FNDA:14,uvhttp_send_unified_response
FNF:6
FNH:6
DA:16,832
DA:17,832
DA:20,826
DA:21,826
DA:22,4
DA:24,826
DA:25,826
DA:27,826
DA:33,7951
DA:34,7951
DA:37,7903
DA:38,7903
DA:39,18
DA:41,7903
DA:42,7903
DA:44,7903
DA:50,22
DA:51,22
DA:55,12
DA:56,12
DA:58,12
DA:71,14
DA:75,14
DA:80,10
DA:85,6
DA:86,4
DA:90,6
DA:95,4
DA:96,4
DA:100,4
DA:101,4
DA:106,4
DA:117,16
DA:122,16
DA:127,12
DA:135,18
DA:139,6
DA:144,2
DA:145,2
DA:147,2
DA:148,2
DA:153,2
DA:159,4
DA:163,4
DA:164,4
DA:166,4
DA:167,4
DA:177,1058
DA:178,1058
DA:185,36
DA:186,36
DA:189,36
DA:192,0
DA:193,0
DA:194,0
DA:196,0
DA:200,402
DA:201,366
DA:202,108
DA:204,36
LF:60
LH:56
end_of_record
TN:
SF:/home/zhaodi-chen/project/uvhttp/src/uvhttp_websocket.c
FN:29,uvhttp_ws_random_bytes
FN:44,uvhttp_ws_connection_create
FN:85,uvhttp_ws_connection_free
FN:106,uvhttp_ws_parse_frame_header
FN:151,uvhttp_ws_apply_mask
FN:163,uvhttp_ws_build_frame
FN:237,uvhttp_ws_generate_accept
FN:259,uvhttp_ws_verify_accept
FN:273,uvhttp_ws_handshake_server
FN:332,uvhttp_ws_handshake_client
FN:377,uvhttp_ws_verify_handshake_response
FN:451,uvhttp_ws_send_frame
FN:496,uvhttp_ws_send_text
FN:504,uvhttp_ws_send_binary
FN:512,uvhttp_ws_send_ping
FN:520,uvhttp_ws_send_pong
FN:528,uvhttp_ws_close
FN:558,uvhttp_ws_recv_frame
FN:653,uvhttp_ws_process_data
FN:847,uvhttp_ws_set_callbacks
FNDA:18,uvhttp_ws_handshake_server
FNDA:40,uvhttp_ws_parse_frame_header
FNDA:24,uvhttp_ws_generate_accept
FNDA:14,uvhttp_ws_send_pong
FNDA:92,uvhttp_ws_connection_create
FNDA:14,uvhttp_ws_send_binary
FNDA:6,uvhttp_ws_random_bytes
FNDA:10,uvhttp_ws_set_callbacks
FNDA:70,uvhttp_ws_send_frame
FNDA:14,uvhttp_ws_verify_accept
FNDA:14,uvhttp_ws_send_ping
FNDA:20,uvhttp_ws_handshake_client
FNDA:4,uvhttp_ws_process_data
FNDA:10,uvhttp_ws_recv_frame
FNDA:36,uvhttp_ws_build_frame
FNDA:14,uvhttp_ws_send_text
FNDA:100,uvhttp_ws_connection_free
FNDA:16,uvhttp_ws_close
FNDA:18,uvhttp_ws_apply_mask
FNDA:14,uvhttp_ws_verify_handshake_response
FNF:20
FNH:20
DA:29,6
DA:32,6
DA:33,6
DA:44,92
DA:47,92
DA:48,92
DA:49,92
DA:53,92
DA:54,92
DA:55,92
DA:56,92
DA:59,92
DA:60,0
DA:61,0
DA:62,0
DA:63,0
DA:66,92
DA:67,92
DA:69,92
DA:70,92
DA:74,92
DA:75,92
DA:76,92
DA:77,0
DA:78,0
DA:85,100
DA:86,100
DA:90,92
DA:91,92
DA:94,92
DA:95,0
DA:98,92
DA:99,0
DA:102,92
DA:106,40
DA:109,40
DA:113,28
DA:116,28
DA:117,28
DA:118,28
DA:119,28
DA:120,28
DA:123,28
DA:124,28
DA:126,28
DA:129,28
DA:130,4
DA:133,4
DA:134,4
DA:135,24
DA:136,4
DA:139,4
DA:143,4
DA:144,4
DA:151,18
DA:153,18
DA:157,56
DA:158,46
DA:163,36
DA:168,36
DA:172,32
DA:173,32
DA:175,32
DA:176,4
DA:179,32
DA:184,26
DA:187,26
DA:188,40
DA:189,4
DA:190,4
DA:191,4
DA:192,4
DA:193,4
DA:196,0
DA:197,0
DA:198,0
DA:199,0
DA:200,0
DA:201,0
DA:202,0
DA:203,0
DA:204,0
DA:205,0
DA:206,0
DA:210,26
DA:211,4
DA:212,4
DA:213,0
DA:214,0
DA:216,20
DA:217,16
DA:221,4
DA:222,4
DA:223,4
DA:228,22
DA:229,14
DA:233,26
DA:237,24
DA:239,24
DA:244,14
DA:245,14
DA:248,14
DA:249,14
DA:252,14
DA:253,14
DA:255,14
DA:259,14
DA:260,14
DA:264,8
DA:265,8
DA:269,8
DA:273,18
DA:277,18
DA:281,2
DA:284,2
DA:285,2
DA:289,2
DA:292,2
DA:293,0
DA:299,48
DA:300,98
DA:301,48
DA:302,48
DA:304,2
DA:307,2
DA:308,2
DA:313,2
DA:321,2
DA:325,2
DA:326,2
DA:328,2
DA:332,20
DA:336,20
DA:341,2
DA:342,2
DA:347,2
DA:348,2
DA:349,2
DA:350,2
DA:353,2
DA:354,2
DA:357,2
DA:367,2
DA:371,2
DA:373,2
DA:377,14
DA:380,14
DA:385,2
DA:390,2
DA:395,2
DA:396,2
DA:400,2
DA:403,2
DA:404,0
DA:411,56
DA:412,114
DA:413,56
DA:414,56
DA:416,2
DA:419,2
DA:421,2
DA:422,2
DA:425,2
DA:426,2
DA:429,2
DA:432,2
DA:433,2
DA:436,2
DA:439,2
DA:441,0
DA:445,2
DA:447,2
DA:451,70
DA:455,70
DA:460,0
DA:461,0
DA:462,0
DA:467,0
DA:468,0
DA:469,0
DA:470,0
DA:471,0
DA:472,0
DA:476,0
DA:477,0
DA:478,0
DA:480,0
DA:483,0
DA:485,0
DA:489,0
DA:490,0
DA:492,0
DA:496,14
DA:499,14
DA:504,14
DA:507,14
DA:512,14
DA:515,14
DA:520,14
DA:523,14
DA:528,16
DA:531,16
DA:535,8
DA:538,8
DA:539,8
DA:540,8
DA:542,8
DA:543,4
DA:544,4
DA:547,4
DA:549,4
DA:553,4
DA:558,10
DA:560,10
DA:564,0
DA:567,0
DA:568,0
DA:570,0
DA:571,0
DA:573,0
DA:576,0
DA:581,0
DA:582,0
DA:588,0
DA:589,0
DA:590,0
DA:592,0
DA:595,0
DA:601,0
DA:602,0
DA:603,0
DA:605,0
DA:608,0
DA:614,0
DA:615,0
DA:619,0
DA:620,0
DA:624,0
DA:626,0
DA:627,0
DA:630,0
DA:633,0
DA:634,0
DA:635,0
DA:636,0
DA:640,0
DA:641,0
DA:642,0
DA:646,0
DA:647,0
DA:649,0
DA:653,4
DA:655,4
DA:660,0
DA:662,0
DA:665,0
DA:669,0
DA:672,0
DA:673,0
DA:676,0
DA:680,0
DA:681,0
DA:682,0
DA:687,0
DA:688,0
DA:692,0
DA:693,0
DA:696,0
DA:697,0
DA:700,0
DA:701,0
DA:702,0
DA:704,0
DA:711,0
DA:712,0
DA:713,0
DA:716,0
DA:721,0
DA:723,0
DA:724,0
DA:726,0
DA:727,0
DA:728,0
DA:729,0
DA:730,0
DA:735,0
DA:738,0
DA:740,0
DA:742,0
DA:743,0
DA:744,0
DA:745,0
DA:746,0
DA:750,0
DA:751,0
DA:752,0
DA:753,0
DA:754,0
DA:757,0
DA:759,0
DA:762,0
DA:764,0
DA:765,0
DA:766,0
DA:767,0
DA:768,0
DA:772,0
DA:774,0
DA:776,0
DA:777,0
DA:778,0
DA:779,0
DA:782,0
DA:783,0
DA:784,0
DA:785,0
DA:788,0
DA:789,0
DA:790,0
DA:794,0
DA:796,0
DA:797,0
DA:798,0
DA:800,0
DA:801,0
DA:802,0
DA:803,0
DA:807,0
DA:810,0
DA:811,0
DA:815,0
DA:820,0
DA:822,0
DA:823,0
DA:825,0
DA:826,0
DA:827,0
DA:828,0
DA:835,0
DA:836,0
DA:837,0
DA:840,0
DA:847,10
DA:851,10
DA:855,6
DA:856,6
DA:857,6
LF:347
LH:179
end_of_record
