TN:
SF:/home/zhaodi-chen/project/uvhttp/src/uvhttp_request.c
FN:44,uvhttp_request_init
FN:96,uvhttp_request_cleanup
FN:117,on_message_begin
FN:133,on_url
FN:159,on_header_field
FN:186,on_header_value
FN:235,on_body
FN:274,is_client_whitelisted
FN:296,check_rate_limit_whitelist
FN:325,ensure_valid_url
FN:337,on_message_complete
FN:530,uvhttp_request_get_method
FN:567,uvhttp_request_get_url
FN:573,uvhttp_request_get_header
FN:610,uvhttp_request_get_body
FN:616,uvhttp_request_get_body_length
FN:622,uvhttp_request_get_path
FN:656,uvhttp_request_get_query_string
FN:672,uvhttp_request_get_query_param
FN:724,uvhttp_request_get_client_ip
FN:784,uvhttp_request_free
FN:796,uvhttp_request_get_header_count
FN:804,uvhttp_request_get_header_at
FN:824,uvhttp_request_add_header
FN:899,uvhttp_request_foreach_header
FNDA:0,on_message_complete
FNDA:62,uvhttp_request_add_header
FNDA:105,uvhttp_request_init
FNDA:0,on_message_begin
FNDA:0,on_url
FNDA:121,uvhttp_request_get_path
FNDA:0,ensure_valid_url
FNDA:0,on_header_field
FNDA:155,uvhttp_request_get_header
FNDA:108,uvhttp_request_free
FNDA:0,on_body
FNDA:114,uvhttp_request_get_url
FNDA:0,is_client_whitelisted
FNDA:113,uvhttp_request_get_body
FNDA:111,uvhttp_request_get_body_length
FNDA:3,uvhttp_request_get_header_count
FNDA:128,uvhttp_request_get_query_string
FNDA:146,uvhttp_request_get_method
FNDA:126,uvhttp_request_get_query_param
FNDA:3,uvhttp_request_foreach_header
FNDA:152,uvhttp_request_get_header_at
FNDA:114,uvhttp_request_get_client_ip
FNDA:220,uvhttp_request_cleanup
FNDA:0,on_header_value
FNDA:0,check_rate_limit_whitelist
FNF:25
FNH:16
DA:44,105
DA:46,105
DA:50,103
DA:52,103
DA:53,103
DA:54,103
DA:57,103
DA:58,103
DA:61,103
DA:63,103
DA:64,103
DA:65,0
DA:66,0
DA:70,103
DA:71,103
DA:72,103
DA:73,103
DA:74,103
DA:75,103
DA:77,103
DA:81,103
DA:84,103
DA:85,103
DA:86,103
DA:87,0
DA:88,0
DA:89,0
DA:91,103
DA:93,103
DA:96,220
DA:97,220
DA:101,115
DA:102,106
DA:104,115
DA:105,104
DA:107,115
DA:108,104
DA:110,115
DA:111,1
DA:112,1
DA:117,0
DA:119,0
DA:120,0
DA:126,0
DA:127,0
DA:128,0
DA:130,0
DA:133,0
DA:135,0
DA:136,0
DA:142,0
DA:148,0
DA:153,0
DA:154,0
DA:156,0
DA:159,0
DA:161,0
DA:162,0
DA:169,0
DA:170,0
DA:173,0
DA:180,0
DA:181,0
DA:183,0
DA:186,0
DA:188,0
DA:189,0
DA:194,0
DA:199,0
DA:204,0
DA:205,0
DA:206,0
DA:209,0
DA:210,0
DA:212,0
DA:213,0
DA:214,0
DA:217,0
DA:218,0
DA:222,0
DA:229,0
DA:230,0
DA:232,0
DA:235,0
DA:236,0
DA:237,0
DA:242,0
DA:245,0
DA:246,0
DA:251,0
DA:256,0
DA:257,0
DA:261,0
DA:262,0
DA:266,0
DA:267,0
DA:269,0
DA:274,0
DA:275,0
DA:276,0
DA:280,0
DA:281,0
DA:282,0
DA:287,0
DA:288,0
DA:290,0
DA:291,0
DA:292,0
DA:296,0
DA:297,0
DA:301,0
DA:305,0
DA:306,0
DA:307,0
DA:309,0
DA:311,0
DA:314,0
DA:315,0
DA:325,0
DA:326,0
DA:327,0
DA:328,0
DA:330,0
DA:337,0
DA:339,0
DA:343,0
DA:344,0
DA:349,0
DA:354,0
DA:355,0
DA:356,0
DA:360,0
DA:366,0
DA:367,0
DA:368,0
DA:370,0
DA:371,0
DA:374,0
DA:377,0
DA:382,0
DA:383,0
DA:384,0
DA:387,0
DA:388,0
DA:392,0
DA:396,0
DA:399,0
DA:400,0
DA:402,0
DA:404,0
DA:405,0
DA:408,0
DA:411,0
DA:412,0
DA:415,0
DA:421,0
DA:424,0
DA:427,0
DA:429,0
DA:430,0
DA:433,0
DA:436,0
DA:437,0
DA:443,0
DA:444,0
DA:445,0
DA:446,0
DA:448,0
DA:452,0
DA:455,0
DA:458,0
DA:461,0
DA:463,0
DA:464,0
DA:467,0
DA:470,0
DA:471,0
DA:480,0
DA:481,0
DA:483,0
DA:484,0
DA:485,0
DA:487,0
DA:488,0
DA:489,0
DA:493,0
DA:495,0
DA:497,0
DA:498,0
DA:499,0
DA:502,0
DA:505,0
DA:509,0
DA:510,0
DA:513,0
DA:515,0
DA:519,0
DA:520,0
DA:522,0
DA:524,0
DA:530,146
DA:531,146
DA:535,41
DA:536,41
DA:540,5
DA:541,5
DA:542,5
DA:543,5
DA:544,5
DA:545,5
DA:546,5
DA:547,5
DA:548,5
DA:549,5
DA:550,5
DA:551,5
DA:552,5
DA:553,5
DA:554,5
DA:555,5
DA:556,5
DA:557,5
DA:560,2
DA:561,2
DA:564,35
DA:567,114
DA:568,114
DA:570,9
DA:573,155
DA:576,155
DA:581,44
DA:582,44
DA:587,540
DA:588,501
DA:590,501
DA:591,56
DA:597,101
DA:598,86
DA:599,86
DA:601,24
DA:602,24
DA:610,113
DA:611,113
DA:613,7
DA:616,111
DA:617,111
DA:619,6
DA:622,121
DA:623,121
DA:627,16
DA:628,16
DA:630,16
DA:632,5
DA:633,5
DA:636,5
DA:642,5
DA:643,5
DA:646,5
DA:656,128
DA:657,128
DA:661,23
DA:662,23
DA:665,13
DA:666,1
DA:672,126
DA:674,126
DA:678,15
DA:679,15
DA:684,9
DA:685,9
DA:687,12
DA:688,12
DA:689,7
DA:690,7
DA:696,7
DA:697,7
DA:699,7
DA:700,3
DA:702,4
DA:705,7
DA:709,7
DA:710,7
DA:712,7
DA:715,5
DA:716,5
DA:718,3
DA:724,114
DA:725,114
DA:730,9
DA:731,9
DA:732,9
DA:734,5
DA:735,5
DA:736,5
DA:738,5
DA:739,2
DA:741,3
DA:744,5
DA:748,5
DA:749,5
DA:750,5
DA:754,4
DA:755,4
DA:756,4
DA:761,3
DA:762,0
DA:763,0
DA:765,0
DA:767,0
DA:769,0
DA:770,0
DA:771,0
DA:772,0
DA:773,0
DA:774,0
DA:775,0
DA:776,0
DA:784,108
DA:785,108
DA:789,3
DA:790,3
DA:796,3
DA:797,3
DA:800,2
DA:804,152
DA:806,152
DA:811,149
DA:812,113
DA:816,36
DA:817,36
DA:824,62
DA:827,62
DA:832,59
DA:835,1
DA:836,1
DA:840,1
DA:846,1
DA:851,1
DA:852,1
DA:854,1
DA:855,1
DA:856,1
DA:861,1
DA:862,1
DA:865,1
DA:866,1
DA:870,59
DA:871,59
DA:872,59
DA:877,59
DA:878,59
DA:881,59
DA:882,59
DA:885,59
DA:886,59
DA:889,59
DA:890,59
DA:893,59
DA:895,59
DA:899,3
DA:902,3
DA:906,4
DA:907,3
DA:908,3
DA:909,3
LF:365
LH:188
end_of_record
