        -:    0:Source:/home/zhaodi-chen/project/uvhttp/src/uvhttp_utils.c
        -:    0:Graph:build/CMakeFiles/uvhttp.dir/src/uvhttp_utils.c.gcno
        -:    0:Data:build/CMakeFiles/uvhttp.dir/src/uvhttp_utils.c.gcda
        -:    0:Runs:4
        -:    1:#include <string.h>
        -:    2:#include <stdio.h>
        -:    3:#include <ctype.h>
        -:    4:#include <strings.h>
        -:    5:#include "uvhttp_common.h"
        -:    6:
        -:    7:// 安全的字符串复制函数 - 匹配头文件声明
      396:    8:int uvhttp_safe_strcpy(char* dest, size_t dest_size, const char* src) {
     396*:    9:    if (!dest || !src || dest_size == 0) return -1;
        -:   10:    
      396:   11:    size_t src_len = strnlen(src, dest_size - 1);
      396:   12:    memcpy(dest, src, src_len);
      396:   13:    dest[src_len] = '\0';
        -:   14:    
      396:   15:    return 0;
        -:   16:}
        -:   17:
        -:   18:// 验证header值是否有效 - 匹配头文件声明
      219:   19:int uvhttp_validate_header_value(const char* name, const char* value) {
     219*:   20:    if (!name || !value) return -1;
        -:   21:    
      219:   22:    size_t name_len = strlen(name);
      219:   23:    size_t value_len = strlen(value);
        -:   24:    
        -:   25:    // 检查长度限制
      219:   26:    if (name_len > MAX_HEADER_NAME_LEN || value_len > MAX_HEADER_VALUE_LEN) {
    #####:   27:        return -1;
        -:   28:    }
        -:   29:    
        -:   30:    // 验证header名称
     2034:   31:    for (size_t i = 0; i < name_len; i++) {
     1815:   32:        char c = name[i];
    1815*:   33:        if (!isalnum(c) && c != '-' && c != '_') {
    #####:   34:            return -1;
        -:   35:        }
        -:   36:    }
        -:   37:    
        -:   38:    // 验证header值 - 检查控制字符
     2088:   39:    for (size_t i = 0; i < value_len; i++) {
     1869:   40:        if (value[i] < 0x20 || value[i] == 0x7F) {
    #####:   41:            return -1;
        -:   42:        }
        -:   43:    }
        -:   44:    
      219:   45:    return 0;
        -:   46:}
        -:   47:
        -:   48:// 保留原有函数以保持兼容性
    #####:   49:int safe_strncpy(char* dest, const char* src, size_t dest_size) {
    #####:   50:    return uvhttp_safe_strcpy(dest, dest_size, src);
        -:   51:}
        -:   52:
        -:   53:// 验证HTTP头值是否安全
    #####:   54:int validate_header_value(const char* value, size_t length) {
    #####:   55:    if (!value) return -1;
        -:   56:    
    #####:   57:    for (size_t i = 0; i < length; i++) {
        -:   58:        // 检查控制字符和NULL字节
    #####:   59:        if (value[i] < 0x20 || value[i] == 0x7F) {
    #####:   60:            return -1; // 无效字符
        -:   61:        }
        -:   62:    }
    #####:   63:    return 0;
        -:   64:}
        -:   65:
        -:   66:// 验证URL是否安全
    #####:   67:int validate_url(const char* url, size_t length) {
    #####:   68:    if (!url || length == 0) return -1;
        -:   69:    
        -:   70:    // 检查URL长度
    #####:   71:    if (length > 2048) return -1;
        -:   72:    
    #####:   73:    for (size_t i = 0; i < length; i++) {
    #####:   74:        char c = url[i];
        -:   75:        // 允许的字符：字母、数字、-._~:/?#[]@!$&'()*+,;=%
    #####:   76:        if (!isalnum(c) && c != '-' && c != '.' && c != '_' && c != '~' && 
    #####:   77:            c != ':' && c != '/' && c != '?' && c != '#' && c != '[' && 
    #####:   78:            c != ']' && c != '@' && c != '!' && c != '$' && c != '&' && 
    #####:   79:            c != '\'' && c != '(' && c != ')' && c != '*' && c != '+' && 
    #####:   80:            c != ',' && c != ';' && c != '=' && c != '%') {
    #####:   81:            return -1;
        -:   82:        }
        -:   83:    }
    #####:   84:    return 0;
        -:   85:}
        -:   86:
        -:   87:// 验证HTTP方法
    #####:   88:int validate_method(const char* method, size_t length) {
    #####:   89:    if (!method || length == 0) return -1;
        -:   90:    
    #####:   91:    const char* valid_methods[] = {
        -:   92:        "GET", "POST", "PUT", "DELETE", "HEAD", "OPTIONS", "PATCH",
        -:   93:        "CONNECT", "TRACE", "COPY", "LOCK", "MKCOL", "MOVE", "PROPFIND",
        -:   94:        "PROPPATCH", "SEARCH", "UNLOCK", "BIND", "REBIND", "UNBIND",
        -:   95:        "ACL", "REPORT", "MKACTIVITY", "CHECKOUT", "MERGE", "MSEARCH",
        -:   96:        "NOTIFY", "SUBSCRIBE", "UNSUBSCRIBE", "PURGE", "MKCALENDAR",
        -:   97:        "LINK", "UNLINK", "SOURCE", "PRI", "DESCRIBE", "ANNOUNCE",
        -:   98:        "SETUP", "PLAY", "PAUSE", "TEARDOWN", "GET_PARAMETER", 
        -:   99:        "SET_PARAMETER", "REDIRECT", "RECORD", "FLUSH"
        -:  100:    };
        -:  101:    
    #####:  102:    for (size_t i = 0; i < sizeof(valid_methods) / sizeof(valid_methods[0]); i++) {
    #####:  103:        if (strncmp(method, valid_methods[i], length) == 0 && 
    #####:  104:            strlen(valid_methods[i]) == length) {
    #####:  105:            return 0;
        -:  106:        }
        -:  107:    }
        -:  108:    
    #####:  109:    return -1;
        -:  110:}
